Started by user anonymous
Building in workspace /usr/share/tomcat/.jenkins/jobs/spring-petclinic/workspace
 > git rev-parse --is-inside-work-tree # timeout=10
Fetching changes from the remote Git repository
 > git config remote.origin.url https://github.com/SpringSource/spring-petclinic.git # timeout=10
Fetching upstream changes from https://github.com/SpringSource/spring-petclinic.git
 > git --version # timeout=10
 > git fetch --tags --progress https://github.com/SpringSource/spring-petclinic.git +refs/heads/*:refs/remotes/origin/*
 > git rev-parse refs/remotes/origin/master^{commit} # timeout=10
 > git rev-parse refs/remotes/origin/origin/master^{commit} # timeout=10
Checking out Revision 7080682d3e2ad3ef6603013d1fb3ce5fa44330dc (refs/remotes/origin/master)
 > git config core.sparsecheckout # timeout=10
 > git checkout -f 7080682d3e2ad3ef6603013d1fb3ce5fa44330dc
 > git rev-list 7080682d3e2ad3ef6603013d1fb3ce5fa44330dc # timeout=10
[workspace] $ /bin/sh -xe /var/cache/tomcat/temp/hudson8660036513649220762.sh
+ sed -i '/^j/ d' src/main/resources/spring/data-access.properties
+ sed -i s/#j/j/ src/main/resources/spring/data-access.properties
+ sed -i s/#h/h/ src/main/resources/spring/data-access.properties
+ echo 'jpa.showSql = true'
+ sed -i s/org.hsqldb/mysql/ pom.xml
+ sed -i 's/>hsqldb/>mysql-connector-java/' pom.xml
+ sed -i 's/{hsqldb.version/{mysql.version/' pom.xml
Parsing POMs
Modules changed, recalculating dependency graph
[workspace] $ /usr/lib/jvm/java-1.6.0-openjdk-1.6.0.33.x86_64/bin/java -cp /usr/share/tomcat/.jenkins/plugins/maven-plugin/WEB-INF/lib/maven31-agent-1.5.jar:/usr/share/tomcat/.jenkins/tools/hudson.tasks.Maven_MavenInstallation/Maven_3.2.2/boot/plexus-classworlds-2.5.1.jar:/usr/share/tomcat/.jenkins/tools/hudson.tasks.Maven_MavenInstallation/Maven_3.2.2/conf/logging jenkins.maven3.agent.Maven31Main /usr/share/tomcat/.jenkins/tools/hudson.tasks.Maven_MavenInstallation/Maven_3.2.2 /var/lib/tomcat/webapps/jenkins/WEB-INF/lib/remoting-2.48.jar /usr/share/tomcat/.jenkins/plugins/maven-plugin/WEB-INF/lib/maven31-interceptor-1.5.jar /usr/share/tomcat/.jenkins/plugins/maven-plugin/WEB-INF/lib/maven3-interceptor-commons-1.5.jar 38573
<===[JENKINS REMOTING CAPACITY]===>channel started
Executing Maven:  -B -f /usr/share/tomcat/.jenkins/jobs/spring-petclinic/workspace/pom.xml install
[INFO] Scanning for projects...
[INFO]                                                                         
[INFO] ------------------------------------------------------------------------
[INFO] Building petclinic 1.0.0-SNAPSHOT
[INFO] ------------------------------------------------------------------------
[INFO] Downloading: http://repo.maven.apache.org/maven2/mysql/mysql-connector-java/5.1.22/mysql-connector-java-5.1.22.pom
[INFO] Downloaded: http://repo.maven.apache.org/maven2/mysql/mysql-connector-java/5.1.22/mysql-connector-java-5.1.22.pom (2 KB at 0.2 KB/sec)
[INFO] Downloading: http://repo.maven.apache.org/maven2/mysql/mysql-connector-java/5.1.22/mysql-connector-java-5.1.22.jar
[INFO] Downloaded: http://repo.maven.apache.org/maven2/mysql/mysql-connector-java/5.1.22/mysql-connector-java-5.1.22.jar (814 KB at 250.8 KB/sec)
[INFO] 
[INFO] --- maven-resources-plugin:2.6:resources (default-resources) @ spring-petclinic ---
[INFO] Using 'UTF-8' encoding to copy filtered resources.
[INFO] Copying 19 resources
[INFO] 
[INFO] --- maven-compiler-plugin:3.0:compile (default-compile) @ spring-petclinic ---
[INFO] Changes detected - recompiling the module!
[INFO] Compiling 44 source files to /usr/share/tomcat/.jenkins/jobs/spring-petclinic/workspace/target/classes
[parsing started RegularFileObject[/usr/share/tomcat/.jenkins/jobs/spring-petclinic/workspace/src/main/java/org/springframework/samples/petclinic/repository/springdatajpa/SpringDataPetRepository.java]]
[parsing completed 59ms]
[parsing started RegularFileObject[/usr/share/tomcat/.jenkins/jobs/spring-petclinic/workspace/src/main/java/org/springframework/samples/petclinic/model/NamedEntity.java]]
[parsing completed 1ms]
[parsing started RegularFileObject[/usr/share/tomcat/.jenkins/jobs/spring-petclinic/workspace/src/main/java/org/springframework/samples/petclinic/repository/jdbc/JdbcPetRepositoryImpl.java]]
[parsing completed 4ms]
[parsing started RegularFileObject[/usr/share/tomcat/.jenkins/jobs/spring-petclinic/workspace/src/main/java/org/springframework/samples/petclinic/web/VetsAtomView.java]]
[parsing completed 2ms]
[parsing started RegularFileObject[/usr/share/tomcat/.jenkins/jobs/spring-petclinic/workspace/src/main/java/org/springframework/samples/petclinic/web/VisitController.java]]
[parsing completed 2ms]
[parsing started RegularFileObject[/usr/share/tomcat/.jenkins/jobs/spring-petclinic/workspace/src/main/java/org/springframework/samples/petclinic/model/Person.java]]
[parsing completed 1ms]
[parsing started RegularFileObject[/usr/share/tomcat/.jenkins/jobs/spring-petclinic/workspace/src/main/java/org/springframework/samples/petclinic/model/Pet.java]]
[parsing completed 2ms]
[parsing started RegularFileObject[/usr/share/tomcat/.jenkins/jobs/spring-petclinic/workspace/src/main/java/org/springframework/samples/petclinic/repository/jpa/JpaVetRepositoryImpl.java]]
[parsing completed 2ms]
[parsing started RegularFileObject[/usr/share/tomcat/.jenkins/jobs/spring-petclinic/workspace/src/main/java/org/springframework/samples/petclinic/repository/jpa/JpaPetRepositoryImpl.java]]
[parsing completed 2ms]
[parsing started RegularFileObject[/usr/share/tomcat/.jenkins/jobs/spring-petclinic/workspace/src/main/java/org/springframework/samples/petclinic/repository/PetRepository.java]]
[parsing completed 1ms]
[parsing started RegularFileObject[/usr/share/tomcat/.jenkins/jobs/spring-petclinic/workspace/src/main/java/org/springframework/samples/petclinic/service/ClinicServiceImpl.java]]
[parsing completed 2ms]
[parsing started RegularFileObject[/usr/share/tomcat/.jenkins/jobs/spring-petclinic/workspace/src/main/java/org/springframework/samples/petclinic/web/PetValidator.java]]
[parsing completed 1ms]
[parsing started RegularFileObject[/usr/share/tomcat/.jenkins/jobs/spring-petclinic/workspace/src/main/java/org/springframework/samples/petclinic/web/CrashController.java]]
[parsing completed 0ms]
[parsing started RegularFileObject[/usr/share/tomcat/.jenkins/jobs/spring-petclinic/workspace/src/main/java/org/springframework/samples/petclinic/web/PetTypeFormatter.java]]
[parsing completed 2ms]
[parsing started RegularFileObject[/usr/share/tomcat/.jenkins/jobs/spring-petclinic/workspace/src/main/java/org/springframework/samples/petclinic/repository/jdbc/package-info.java]]
[parsing completed 0ms]
[parsing started RegularFileObject[/usr/share/tomcat/.jenkins/jobs/spring-petclinic/workspace/src/main/java/org/springframework/samples/petclinic/model/PetType.java]]
[parsing completed 0ms]
[parsing started RegularFileObject[/usr/share/tomcat/.jenkins/jobs/spring-petclinic/workspace/src/main/java/org/springframework/samples/petclinic/repository/jpa/JpaOwnerRepositoryImpl.java]]
[parsing completed 1ms]
[parsing started RegularFileObject[/usr/share/tomcat/.jenkins/jobs/spring-petclinic/workspace/src/main/java/org/springframework/samples/petclinic/util/CallMonitoringAspect.java]]
[parsing completed 1ms]
[parsing started RegularFileObject[/usr/share/tomcat/.jenkins/jobs/spring-petclinic/workspace/src/main/java/org/springframework/samples/petclinic/web/VetController.java]]
[parsing completed 1ms]
[parsing started RegularFileObject[/usr/share/tomcat/.jenkins/jobs/spring-petclinic/workspace/src/main/java/org/springframework/samples/petclinic/repository/jpa/JpaVisitRepositoryImpl.java]]
[parsing completed 0ms]
[parsing started RegularFileObject[/usr/share/tomcat/.jenkins/jobs/spring-petclinic/workspace/src/main/java/org/springframework/samples/petclinic/repository/springdatajpa/SpringDataVisitRepository.java]]
[parsing completed 1ms]
[parsing started RegularFileObject[/usr/share/tomcat/.jenkins/jobs/spring-petclinic/workspace/src/main/java/org/springframework/samples/petclinic/model/Vets.java]]
[parsing completed 0ms]
[parsing started RegularFileObject[/usr/share/tomcat/.jenkins/jobs/spring-petclinic/workspace/src/main/java/org/springframework/samples/petclinic/web/PetController.java]]
[parsing completed 2ms]
[parsing started RegularFileObject[/usr/share/tomcat/.jenkins/jobs/spring-petclinic/workspace/src/main/java/org/springframework/samples/petclinic/repository/jdbc/JdbcVetRepositoryImpl.java]]
[parsing completed 3ms]
[parsing started RegularFileObject[/usr/share/tomcat/.jenkins/jobs/spring-petclinic/workspace/src/main/java/org/springframework/samples/petclinic/repository/jdbc/JdbcPetRowMapper.java]]
[parsing completed 1ms]
[parsing started RegularFileObject[/usr/share/tomcat/.jenkins/jobs/spring-petclinic/workspace/src/main/java/org/springframework/samples/petclinic/repository/springdatajpa/SpringDataOwnerRepository.java]]
[parsing completed 0ms]
[parsing started RegularFileObject[/usr/share/tomcat/.jenkins/jobs/spring-petclinic/workspace/src/main/java/org/springframework/samples/petclinic/model/Owner.java]]
[parsing completed 1ms]
[parsing started RegularFileObject[/usr/share/tomcat/.jenkins/jobs/spring-petclinic/workspace/src/main/java/org/springframework/samples/petclinic/model/Specialty.java]]
[parsing completed 0ms]
[parsing started RegularFileObject[/usr/share/tomcat/.jenkins/jobs/spring-petclinic/workspace/src/main/java/org/springframework/samples/petclinic/repository/jdbc/JdbcPet.java]]
[parsing completed 0ms]
[parsing started RegularFileObject[/usr/share/tomcat/.jenkins/jobs/spring-petclinic/workspace/src/main/java/org/springframework/samples/petclinic/repository/jpa/package-info.java]]
[parsing completed 0ms]
[parsing started RegularFileObject[/usr/share/tomcat/.jenkins/jobs/spring-petclinic/workspace/src/main/java/org/springframework/samples/petclinic/model/BaseEntity.java]]
[parsing completed 0ms]
[parsing started RegularFileObject[/usr/share/tomcat/.jenkins/jobs/spring-petclinic/workspace/src/main/java/org/springframework/samples/petclinic/model/Visit.java]]
[parsing completed 0ms]
[parsing started RegularFileObject[/usr/share/tomcat/.jenkins/jobs/spring-petclinic/workspace/src/main/java/org/springframework/samples/petclinic/repository/OwnerRepository.java]]
[parsing completed 0ms]
[parsing started RegularFileObject[/usr/share/tomcat/.jenkins/jobs/spring-petclinic/workspace/src/main/java/org/springframework/samples/petclinic/model/package-info.java]]
[parsing completed 0ms]
[parsing started RegularFileObject[/usr/share/tomcat/.jenkins/jobs/spring-petclinic/workspace/src/main/java/org/springframework/samples/petclinic/repository/jdbc/JdbcVisitRepositoryImpl.java]]
[parsing completed 2ms]
[parsing started RegularFileObject[/usr/share/tomcat/.jenkins/jobs/spring-petclinic/workspace/src/main/java/org/springframework/samples/petclinic/repository/VetRepository.java]]
[parsing completed 0ms]
[parsing started RegularFileObject[/usr/share/tomcat/.jenkins/jobs/spring-petclinic/workspace/src/main/java/org/springframework/samples/petclinic/repository/VisitRepository.java]]
[parsing completed 0ms]
[parsing started RegularFileObject[/usr/share/tomcat/.jenkins/jobs/spring-petclinic/workspace/src/main/java/org/springframework/samples/petclinic/util/EntityUtils.java]]
[parsing completed 1ms]
[parsing started RegularFileObject[/usr/share/tomcat/.jenkins/jobs/spring-petclinic/workspace/src/main/java/org/springframework/samples/petclinic/repository/jdbc/JdbcOwnerRepositoryImpl.java]]
[parsing completed 2ms]
[parsing started RegularFileObject[/usr/share/tomcat/.jenkins/jobs/spring-petclinic/workspace/src/main/java/org/springframework/samples/petclinic/service/ClinicService.java]]
[parsing completed 0ms]
[parsing started RegularFileObject[/usr/share/tomcat/.jenkins/jobs/spring-petclinic/workspace/src/main/java/org/springframework/samples/petclinic/web/OwnerController.java]]
[parsing completed 2ms]
[parsing started RegularFileObject[/usr/share/tomcat/.jenkins/jobs/spring-petclinic/workspace/src/main/java/org/springframework/samples/petclinic/model/Vet.java]]
[parsing completed 1ms]
[parsing started RegularFileObject[/usr/share/tomcat/.jenkins/jobs/spring-petclinic/workspace/src/main/java/org/springframework/samples/petclinic/repository/springdatajpa/SpringDataVetRepository.java]]
[parsing completed 0ms]
[parsing started RegularFileObject[/usr/share/tomcat/.jenkins/jobs/spring-petclinic/workspace/src/main/java/org/springframework/samples/petclinic/web/package-info.java]]
[parsing completed 0ms]
[search path for source files: /usr/share/tomcat/.jenkins/jobs/spring-petclinic/workspace/src/main/java]
[search path for class files: /usr/lib/jvm/java-1.6.0-openjdk-1.6.0.33.x86_64/jre/lib/resources.jar,/usr/lib/jvm/java-1.6.0-openjdk-1.6.0.33.x86_64/jre/lib/rt.jar,/usr/lib/jvm/java-1.6.0-openjdk-1.6.0.33.x86_64/jre/lib/sunrsasign.jar,/usr/lib/jvm/java-1.6.0-openjdk-1.6.0.33.x86_64/jre/lib/jsse.jar,/usr/lib/jvm/java-1.6.0-openjdk-1.6.0.33.x86_64/jre/lib/jce.jar,/usr/lib/jvm/java-1.6.0-openjdk-1.6.0.33.x86_64/jre/lib/charsets.jar,/usr/lib/jvm/java-1.6.0-openjdk-1.6.0.33.x86_64/jre/lib/jfr.jar,/usr/lib/jvm/java-1.6.0-openjdk-1.6.0.33.x86_64/jre/lib/netx.jar,/usr/lib/jvm/java-1.6.0-openjdk-1.6.0.33.x86_64/jre/lib/plugin.jar,/usr/lib/jvm/java-1.6.0-openjdk-1.6.0.33.x86_64/jre/lib/rhino.jar,/usr/lib/jvm/java-1.6.0-openjdk-1.6.0.33.x86_64/jre/classes,/usr/lib/jvm/java-1.6.0-openjdk-1.6.0.33.x86_64/jre/lib/ext/dnsns.jar,/usr/lib/jvm/java-1.6.0-openjdk-1.6.0.33.x86_64/jre/lib/ext/gnome-java-bridge.jar,/usr/lib/jvm/java-1.6.0-openjdk-1.6.0.33.x86_64/jre/lib/ext/localedata.jar,/usr/lib/jvm/java-1.6.0-openjdk-1.6.0.33.x86_64/jre/lib/ext/pulse-java.jar,/usr/lib/jvm/java-1.6.0-openjdk-1.6.0.33.x86_64/jre/lib/ext/sunjce_provider.jar,/usr/lib/jvm/java-1.6.0-openjdk-1.6.0.33.x86_64/jre/lib/ext/sunpkcs11.jar,/usr/share/tomcat/.jenkins/jobs/spring-petclinic/workspace/target/classes,/usr/share/tomcat/.m2/repository/org/jadira/usertype/usertype.core/3.2.0.GA/usertype.core-3.2.0.GA.jar,/usr/share/tomcat/.m2/repository/org/jadira/usertype/usertype.spi/3.2.0.GA/usertype.spi-3.2.0.GA.jar,/usr/share/tomcat/.m2/repository/org/apache/tomcat/tomcat-servlet-api/7.0.30/tomcat-servlet-api-7.0.30.jar,/usr/share/tomcat/.m2/repository/javax/servlet/jsp/jsp-api/2.1/jsp-api-2.1.jar,/usr/share/tomcat/.m2/repository/org/glassfish/web/jstl-impl/1.2/jstl-impl-1.2.jar,/usr/share/tomcat/.m2/repository/javax/servlet/jsp/jstl/jstl-api/1.2/jstl-api-1.2.jar,/usr/share/tomcat/.m2/repository/com/sun/xml/bind/jaxb-impl/2.2.7/jaxb-impl-2.2.7.jar,/usr/share/tomcat/.m2/repository/com/sun/xml/bind/jaxb-impl/2.2.7/jaxb-api.jar,/usr/share/tomcat/.m2/repository/com/sun/xml/bind/jaxb-impl/2.2.7/jaxb-core.jar,/usr/share/tomcat/.m2/repository/com/sun/xml/bind/jaxb-core/2.2.7/jaxb-core-2.2.7.jar,/usr/share/tomcat/.m2/repository/com/sun/xml/bind/jaxb-core/2.2.7/jaxb-api.jar,/usr/share/tomcat/.m2/repository/javax/xml/bind/jaxb-api/2.2.7/jaxb-api-2.2.7.jar,/usr/share/tomcat/.m2/repository/com/sun/istack/istack-commons-runtime/2.16/istack-commons-runtime-2.16.jar,/usr/share/tomcat/.m2/repository/com/sun/xml/fastinfoset/FastInfoset/1.2.12/FastInfoset-1.2.12.jar,/usr/share/tomcat/.m2/repository/javax/xml/bind/jsr173_api/1.0/jsr173_api-1.0.jar,/usr/share/tomcat/.m2/repository/org/springframework/data/spring-data-jpa/1.7.1.RELEASE/spring-data-jpa-1.7.1.RELEASE.jar,/usr/share/tomcat/.m2/repository/org/springframework/data/spring-data-commons/1.9.1.RELEASE/spring-data-commons-1.9.1.RELEASE.jar,/usr/share/tomcat/.m2/repository/org/springframework/spring-context/4.1.1.RELEASE/spring-context-4.1.1.RELEASE.jar,/usr/share/tomcat/.m2/repository/org/springframework/spring-beans/4.1.1.RELEASE/spring-beans-4.1.1.RELEASE.jar,/usr/share/tomcat/.m2/repository/org/springframework/spring-core/4.1.1.RELEASE/spring-core-4.1.1.RELEASE.jar,/usr/share/tomcat/.m2/repository/org/springframework/spring-jdbc/4.1.1.RELEASE/spring-jdbc-4.1.1.RELEASE.jar,/usr/share/tomcat/.m2/repository/org/springframework/spring-aop/4.1.1.RELEASE/spring-aop-4.1.1.RELEASE.jar,/usr/share/tomcat/.m2/repository/aopalliance/aopalliance/1.0/aopalliance-1.0.jar,/usr/share/tomcat/.m2/repository/org/springframework/spring-webmvc/4.1.1.RELEASE/spring-webmvc-4.1.1.RELEASE.jar,/usr/share/tomcat/.m2/repository/org/springframework/spring-expression/4.1.1.RELEASE/spring-expression-4.1.1.RELEASE.jar,/usr/share/tomcat/.m2/repository/org/springframework/spring-web/4.1.1.RELEASE/spring-web-4.1.1.RELEASE.jar,/usr/share/tomcat/.m2/repository/org/springframework/spring-tx/4.1.1.RELEASE/spring-tx-4.1.1.RELEASE.jar,/usr/share/tomcat/.m2/repository/org/springframework/spring-context-support/4.1.1.RELEASE/spring-context-support-4.1.1.RELEASE.jar,/usr/share/tomcat/.m2/repository/org/springframework/spring-orm/4.1.1.RELEASE/spring-orm-4.1.1.RELEASE.jar,/usr/share/tomcat/.m2/repository/org/springframework/spring-oxm/4.1.1.RELEASE/spring-oxm-4.1.1.RELEASE.jar,/usr/share/tomcat/.m2/repository/org/springframework/spring-jms/4.1.1.RELEASE/spring-jms-4.1.1.RELEASE.jar,/usr/share/tomcat/.m2/repository/org/springframework/spring-messaging/4.1.1.RELEASE/spring-messaging-4.1.1.RELEASE.jar,/usr/share/tomcat/.m2/repository/org/slf4j/slf4j-api/1.7.7/slf4j-api-1.7.7.jar,/usr/share/tomcat/.m2/repository/com/rometools/rome/1.5.0/rome-1.5.0.jar,/usr/share/tomcat/.m2/repository/com/rometools/rome-utils/1.5.0/rome-utils-1.5.0.jar,/usr/share/tomcat/.m2/repository/org/jdom/jdom/2.0.2/jdom-2.0.2.jar,/usr/share/tomcat/.m2/repository/joda-time/joda-time/2.5/joda-time-2.5.jar,/usr/share/tomcat/.m2/repository/joda-time/joda-time-hibernate/1.3/joda-time-hibernate-1.3.jar,/usr/share/tomcat/.m2/repository/joda-time/joda-time-jsptags/1.1.1/joda-time-jsptags-1.1.1.jar,/usr/share/tomcat/.m2/repository/org/hibernate/hibernate-entitymanager/4.3.6.Final/hibernate-entitymanager-4.3.6.Final.jar,/usr/share/tomcat/.m2/repository/org/jboss/logging/jboss-logging/3.1.3.GA/jboss-logging-3.1.3.GA.jar,/usr/share/tomcat/.m2/repository/org/jboss/logging/jboss-logging-annotations/1.2.0.Beta1/jboss-logging-annotations-1.2.0.Beta1.jar,/usr/share/tomcat/.m2/repository/org/hibernate/hibernate-core/4.3.6.Final/hibernate-core-4.3.6.Final.jar,/usr/share/tomcat/.m2/repository/antlr/antlr/2.7.7/antlr-2.7.7.jar,/usr/share/tomcat/.m2/repository/org/jboss/jandex/1.1.0.Final/jandex-1.1.0.Final.jar,/usr/share/tomcat/.m2/repository/dom4j/dom4j/1.6.1/dom4j-1.6.1.jar,/usr/share/tomcat/.m2/repository/xml-apis/xml-apis/1.0.b2/xml-apis-1.0.b2.jar,/usr/share/tomcat/.m2/repository/org/hibernate/common/hibernate-commons-annotations/4.0.5.Final/hibernate-commons-annotations-4.0.5.Final.jar,/usr/share/tomcat/.m2/repository/org/hibernate/javax/persistence/hibernate-jpa-2.1-api/1.0.0.Final/hibernate-jpa-2.1-api-1.0.0.Final.jar,/usr/share/tomcat/.m2/repository/org/jboss/spec/javax/transaction/jboss-transaction-api_1.2_spec/1.0.0.Final/jboss-transaction-api_1.2_spec-1.0.0.Final.jar,/usr/share/tomcat/.m2/repository/org/javassist/javassist/3.18.1-GA/javassist-3.18.1-GA.jar,/usr/share/tomcat/.m2/repository/org/hibernate/hibernate-validator/4.3.1.Final/hibernate-validator-4.3.1.Final.jar,/usr/share/tomcat/.m2/repository/javax/validation/validation-api/1.0.0.GA/validation-api-1.0.0.GA.jar,/usr/share/tomcat/.m2/repository/org/hibernate/hibernate-ehcache/4.3.6.Final/hibernate-ehcache-4.3.6.Final.jar,/usr/share/tomcat/.m2/repository/net/sf/ehcache/ehcache-core/2.6.9/ehcache-core-2.6.9.jar,/usr/share/tomcat/.m2/repository/org/webjars/bootstrap/2.3.0/bootstrap-2.3.0.jar,/usr/share/tomcat/.m2/repository/org/webjars/jquery-ui/1.10.3/jquery-ui-1.10.3.jar,/usr/share/tomcat/.m2/repository/org/webjars/jquery/2.0.3-1/jquery-2.0.3-1.jar,/usr/share/tomcat/.m2/repository/org/aspectj/aspectjrt/1.8.4/aspectjrt-1.8.4.jar,/usr/share/tomcat/.m2/repository/com/github/dandelion/datatables-jsp/0.10.1/datatables-jsp-0.10.1.jar,/usr/share/tomcat/.m2/repository/com/github/dandelion/datatables-core/0.10.1/datatables-core-0.10.1.jar,/usr/share/tomcat/.m2/repository/com/github/dandelion/dandelion-core/0.10.1/dandelion-core-0.10.1.jar,/usr/share/tomcat/.m2/repository/com/fasterxml/jackson/core/jackson-core/2.3.1/jackson-core-2.3.1.jar,/usr/share/tomcat/.m2/repository/com/fasterxml/jackson/core/jackson-annotations/2.3.1/jackson-annotations-2.3.1.jar,/usr/share/tomcat/.m2/repository/com/fasterxml/jackson/core/jackson-databind/2.3.1/jackson-databind-2.3.1.jar,/usr/share/tomcat/.m2/repository/com/googlecode/json-simple/json-simple/1.1.1/json-simple-1.1.1.jar,/usr/share/tomcat/.m2/repository/commons-beanutils/commons-beanutils/1.8.3/commons-beanutils-1.8.3.jar,/usr/share/tomcat/.m2/repository/com/github/dandelion/dandelion-jsp/0.10.1/dandelion-jsp-0.10.1.jar,/usr/share/tomcat/.m2/repository/com/github/dandelion/datatables-export-itext/0.10.1/datatables-export-itext-0.10.1.jar,/usr/share/tomcat/.m2/repository/com/itextpdf/itextpdf/5.4.5/itextpdf-5.4.5.jar,.]
[loading ZipFileIndexFileObject[/usr/lib/jvm/java-1.6.0-openjdk-1.6.0.33.x86_64/lib/ct.sym(META-INF/sym/rt.jar/java/util/List.class)]]
[loading ZipFileIndexFileObject[/usr/share/tomcat/.m2/repository/org/springframework/spring-tx/4.1.1.RELEASE/spring-tx-4.1.1.RELEASE.jar(org/springframework/dao/DataAccessException.class)]]
[loading ZipFileIndexFileObject[/usr/share/tomcat/.m2/repository/org/springframework/data/spring-data-jpa/1.7.1.RELEASE/spring-data-jpa-1.7.1.RELEASE.jar(org/springframework/data/jpa/repository/Query.class)]]
[loading ZipFileIndexFileObject[/usr/share/tomcat/.m2/repository/org/springframework/data/spring-data-commons/1.9.1.RELEASE/spring-data-commons-1.9.1.RELEASE.jar(org/springframework/data/repository/Repository.class)]]
[loading ZipFileIndexFileObject[/usr/lib/jvm/java-1.6.0-openjdk-1.6.0.33.x86_64/lib/ct.sym(META-INF/sym/rt.jar/java/lang/Object.class)]]
[loading ZipFileIndexFileObject[/usr/lib/jvm/java-1.6.0-openjdk-1.6.0.33.x86_64/lib/ct.sym(META-INF/sym/rt.jar/java/util/ArrayList.class)]]
[loading ZipFileIndexFileObject[/usr/lib/jvm/java-1.6.0-openjdk-1.6.0.33.x86_64/lib/ct.sym(META-INF/sym/rt.jar/java/util/Collections.class)]]
[loading ZipFileIndexFileObject[/usr/lib/jvm/java-1.6.0-openjdk-1.6.0.33.x86_64/lib/ct.sym(META-INF/sym/rt.jar/java/util/HashSet.class)]]
[loading ZipFileIndexFileObject[/usr/lib/jvm/java-1.6.0-openjdk-1.6.0.33.x86_64/lib/ct.sym(META-INF/sym/rt.jar/java/util/Set.class)]]
[loading ZipFileIndexFileObject[/usr/share/tomcat/.m2/repository/org/hibernate/javax/persistence/hibernate-jpa-2.1-api/1.0.0.Final/hibernate-jpa-2.1-api-1.0.0.Final.jar(javax/persistence/CascadeType.class)]]
[loading ZipFileIndexFileObject[/usr/share/tomcat/.m2/repository/org/hibernate/javax/persistence/hibernate-jpa-2.1-api/1.0.0.Final/hibernate-jpa-2.1-api-1.0.0.Final.jar(javax/persistence/Column.class)]]
[loading ZipFileIndexFileObject[/usr/share/tomcat/.m2/repository/org/hibernate/javax/persistence/hibernate-jpa-2.1-api/1.0.0.Final/hibernate-jpa-2.1-api-1.0.0.Final.jar(javax/persistence/Entity.class)]]
[loading ZipFileIndexFileObject[/usr/share/tomcat/.m2/repository/org/hibernate/javax/persistence/hibernate-jpa-2.1-api/1.0.0.Final/hibernate-jpa-2.1-api-1.0.0.Final.jar(javax/persistence/FetchType.class)]]
[loading ZipFileIndexFileObject[/usr/share/tomcat/.m2/repository/org/hibernate/javax/persistence/hibernate-jpa-2.1-api/1.0.0.Final/hibernate-jpa-2.1-api-1.0.0.Final.jar(javax/persistence/JoinColumn.class)]]
[loading ZipFileIndexFileObject[/usr/share/tomcat/.m2/repository/org/hibernate/javax/persistence/hibernate-jpa-2.1-api/1.0.0.Final/hibernate-jpa-2.1-api-1.0.0.Final.jar(javax/persistence/ManyToOne.class)]]
[loading ZipFileIndexFileObject[/usr/share/tomcat/.m2/repository/org/hibernate/javax/persistence/hibernate-jpa-2.1-api/1.0.0.Final/hibernate-jpa-2.1-api-1.0.0.Final.jar(javax/persistence/OneToMany.class)]]
[loading ZipFileIndexFileObject[/usr/share/tomcat/.m2/repository/org/hibernate/javax/persistence/hibernate-jpa-2.1-api/1.0.0.Final/hibernate-jpa-2.1-api-1.0.0.Final.jar(javax/persistence/Table.class)]]
[loading ZipFileIndexFileObject[/usr/share/tomcat/.m2/repository/org/hibernate/hibernate-core/4.3.6.Final/hibernate-core-4.3.6.Final.jar(org/hibernate/annotations/Type.class)]]
[loading ZipFileIndexFileObject[/usr/share/tomcat/.m2/repository/joda-time/joda-time/2.5/joda-time-2.5.jar(org/joda/time/DateTime.class)]]
[loading ZipFileIndexFileObject[/usr/share/tomcat/.m2/repository/org/springframework/spring-beans/4.1.1.RELEASE/spring-beans-4.1.1.RELEASE.jar(org/springframework/beans/support/MutableSortDefinition.class)]]
[loading ZipFileIndexFileObject[/usr/share/tomcat/.m2/repository/org/springframework/spring-beans/4.1.1.RELEASE/spring-beans-4.1.1.RELEASE.jar(org/springframework/beans/support/PropertyComparator.class)]]
[loading ZipFileIndexFileObject[/usr/share/tomcat/.m2/repository/org/springframework/spring-context/4.1.1.RELEASE/spring-context-4.1.1.RELEASE.jar(org/springframework/format/annotation/DateTimeFormat.class)]]
[loading ZipFileIndexFileObject[/usr/share/tomcat/.m2/repository/org/hibernate/javax/persistence/hibernate-jpa-2.1-api/1.0.0.Final/hibernate-jpa-2.1-api-1.0.0.Final.jar(javax/persistence/MappedSuperclass.class)]]
[loading ZipFileIndexFileObject[/usr/lib/jvm/java-1.6.0-openjdk-1.6.0.33.x86_64/lib/ct.sym(META-INF/sym/rt.jar/java/io/Serializable.class)]]
[loading ZipFileIndexFileObject[/usr/share/tomcat/.m2/repository/org/hibernate/javax/persistence/hibernate-jpa-2.1-api/1.0.0.Final/hibernate-jpa-2.1-api-1.0.0.Final.jar(javax/persistence/GeneratedValue.class)]]
[loading ZipFileIndexFileObject[/usr/share/tomcat/.m2/repository/org/hibernate/javax/persistence/hibernate-jpa-2.1-api/1.0.0.Final/hibernate-jpa-2.1-api-1.0.0.Final.jar(javax/persistence/GenerationType.class)]]
[loading ZipFileIndexFileObject[/usr/share/tomcat/.m2/repository/org/hibernate/javax/persistence/hibernate-jpa-2.1-api/1.0.0.Final/hibernate-jpa-2.1-api-1.0.0.Final.jar(javax/persistence/Id.class)]]
[loading ZipFileIndexFileObject[/usr/lib/jvm/java-1.6.0-openjdk-1.6.0.33.x86_64/lib/ct.sym(META-INF/sym/rt.jar/java/lang/Integer.class)]]
[loading ZipFileIndexFileObject[/usr/share/tomcat/.m2/repository/javax/validation/validation-api/1.0.0.GA/validation-api-1.0.0.GA.jar(javax/validation/constraints/Digits.class)]]
[loading ZipFileIndexFileObject[/usr/share/tomcat/.m2/repository/org/hibernate/hibernate-validator/4.3.1.Final/hibernate-validator-4.3.1.Final.jar(org/hibernate/validator/constraints/NotEmpty.class)]]
[loading ZipFileIndexFileObject[/usr/share/tomcat/.m2/repository/org/springframework/spring-core/4.1.1.RELEASE/spring-core-4.1.1.RELEASE.jar(org/springframework/core/style/ToStringCreator.class)]]
[loading ZipFileIndexFileObject[/usr/lib/jvm/java-1.6.0-openjdk-1.6.0.33.x86_64/lib/ct.sym(META-INF/sym/rt.jar/java/lang/String.class)]]
[loading ZipFileIndexFileObject[/usr/lib/jvm/java-1.6.0-openjdk-1.6.0.33.x86_64/lib/ct.sym(META-INF/sym/rt.jar/java/util/HashMap.class)]]
[loading ZipFileIndexFileObject[/usr/lib/jvm/java-1.6.0-openjdk-1.6.0.33.x86_64/lib/ct.sym(META-INF/sym/rt.jar/java/util/Map.class)]]
[loading ZipFileIndexFileObject[/usr/lib/jvm/java-1.6.0-openjdk-1.6.0.33.x86_64/lib/ct.sym(META-INF/sym/rt.jar/javax/sql/DataSource.class)]]
[loading ZipFileIndexFileObject[/usr/share/tomcat/.m2/repository/org/springframework/spring-beans/4.1.1.RELEASE/spring-beans-4.1.1.RELEASE.jar(org/springframework/beans/factory/annotation/Autowired.class)]]
[loading ZipFileIndexFileObject[/usr/share/tomcat/.m2/repository/org/springframework/spring-tx/4.1.1.RELEASE/spring-tx-4.1.1.RELEASE.jar(org/springframework/dao/EmptyResultDataAccessException.class)]]
[loading ZipFileIndexFileObject[/usr/share/tomcat/.m2/repository/org/springframework/spring-jdbc/4.1.1.RELEASE/spring-jdbc-4.1.1.RELEASE.jar(org/springframework/jdbc/core/namedparam/MapSqlParameterSource.class)]]
[loading ZipFileIndexFileObject[/usr/share/tomcat/.m2/repository/org/springframework/spring-jdbc/4.1.1.RELEASE/spring-jdbc-4.1.1.RELEASE.jar(org/springframework/jdbc/core/namedparam/NamedParameterJdbcTemplate.class)]]
[loading ZipFileIndexFileObject[/usr/share/tomcat/.m2/repository/org/springframework/spring-jdbc/4.1.1.RELEASE/spring-jdbc-4.1.1.RELEASE.jar(org/springframework/jdbc/core/simple/ParameterizedBeanPropertyRowMapper.class)]]
[loading ZipFileIndexFileObject[/usr/share/tomcat/.m2/repository/org/springframework/spring-jdbc/4.1.1.RELEASE/spring-jdbc-4.1.1.RELEASE.jar(org/springframework/jdbc/core/simple/SimpleJdbcInsert.class)]]
[loading ZipFileIndexFileObject[/usr/share/tomcat/.m2/repository/org/springframework/spring-orm/4.1.1.RELEASE/spring-orm-4.1.1.RELEASE.jar(org/springframework/orm/ObjectRetrievalFailureException.class)]]
[loading ZipFileIndexFileObject[/usr/share/tomcat/.m2/repository/org/springframework/spring-context/4.1.1.RELEASE/spring-context-4.1.1.RELEASE.jar(org/springframework/stereotype/Repository.class)]]
[loading ZipFileIndexFileObject[/usr/lib/jvm/java-1.6.0-openjdk-1.6.0.33.x86_64/lib/ct.sym(META-INF/sym/rt.jar/java/util/Collection.class)]]
[loading ZipFileIndexFileObject[/usr/share/tomcat/.m2/repository/com/rometools/rome/1.5.0/rome-1.5.0.jar(com/rometools/rome/feed/atom/Entry.class)]]
[loading ZipFileIndexFileObject[/usr/share/tomcat/.m2/repository/com/rometools/rome/1.5.0/rome-1.5.0.jar(com/rometools/rome/feed/atom/Feed.class)]]
[loading ZipFileIndexFileObject[/usr/share/tomcat/.m2/repository/com/rometools/rome/1.5.0/rome-1.5.0.jar(com/rometools/rome/feed/atom/Content.class)]]
[loading ZipFileIndexFileObject[/usr/share/tomcat/.m2/repository/org/springframework/spring-webmvc/4.1.1.RELEASE/spring-webmvc-4.1.1.RELEASE.jar(org/springframework/web/servlet/view/feed/AbstractAtomFeedView.class)]]
[loading ZipFileIndexFileObject[/usr/share/tomcat/.m2/repository/org/apache/tomcat/tomcat-servlet-api/7.0.30/tomcat-servlet-api-7.0.30.jar(javax/servlet/http/HttpServletRequest.class)]]
[loading ZipFileIndexFileObject[/usr/share/tomcat/.m2/repository/org/apache/tomcat/tomcat-servlet-api/7.0.30/tomcat-servlet-api-7.0.30.jar(javax/servlet/http/HttpServletResponse.class)]]
[loading ZipFileIndexFileObject[/usr/share/tomcat/.m2/repository/org/springframework/spring-webmvc/4.1.1.RELEASE/spring-webmvc-4.1.1.RELEASE.jar(org/springframework/web/servlet/view/feed/AbstractFeedView.class)]]
[loading ZipFileIndexFileObject[/usr/share/tomcat/.m2/repository/org/springframework/spring-webmvc/4.1.1.RELEASE/spring-webmvc-4.1.1.RELEASE.jar(org/springframework/web/servlet/view/AbstractView.class)]]
[loading ZipFileIndexFileObject[/usr/share/tomcat/.m2/repository/org/springframework/spring-webmvc/4.1.1.RELEASE/spring-webmvc-4.1.1.RELEASE.jar(org/springframework/web/servlet/View.class)]]
[loading ZipFileIndexFileObject[/usr/share/tomcat/.m2/repository/org/springframework/spring-beans/4.1.1.RELEASE/spring-beans-4.1.1.RELEASE.jar(org/springframework/beans/factory/BeanNameAware.class)]]
[loading ZipFileIndexFileObject[/usr/share/tomcat/.m2/repository/org/springframework/spring-beans/4.1.1.RELEASE/spring-beans-4.1.1.RELEASE.jar(org/springframework/beans/factory/Aware.class)]]
[loading ZipFileIndexFileObject[/usr/share/tomcat/.m2/repository/org/springframework/spring-web/4.1.1.RELEASE/spring-web-4.1.1.RELEASE.jar(org/springframework/web/context/support/WebApplicationObjectSupport.class)]]
[loading ZipFileIndexFileObject[/usr/share/tomcat/.m2/repository/org/springframework/spring-web/4.1.1.RELEASE/spring-web-4.1.1.RELEASE.jar(org/springframework/web/context/ServletContextAware.class)]]
[loading ZipFileIndexFileObject[/usr/share/tomcat/.m2/repository/org/springframework/spring-context/4.1.1.RELEASE/spring-context-4.1.1.RELEASE.jar(org/springframework/context/support/ApplicationObjectSupport.class)]]
[loading ZipFileIndexFileObject[/usr/share/tomcat/.m2/repository/org/springframework/spring-context/4.1.1.RELEASE/spring-context-4.1.1.RELEASE.jar(org/springframework/context/ApplicationContextAware.class)]]
[loading ZipFileIndexFileObject[/usr/lib/jvm/java-1.6.0-openjdk-1.6.0.33.x86_64/lib/ct.sym(META-INF/sym/rt.jar/java/lang/Exception.class)]]
[loading ZipFileIndexFileObject[/usr/share/tomcat/.m2/repository/javax/validation/validation-api/1.0.0.GA/validation-api-1.0.0.GA.jar(javax/validation/Valid.class)]]
[loading ZipFileIndexFileObject[/usr/share/tomcat/.m2/repository/org/springframework/spring-context/4.1.1.RELEASE/spring-context-4.1.1.RELEASE.jar(org/springframework/stereotype/Controller.class)]]
[loading ZipFileIndexFileObject[/usr/share/tomcat/.m2/repository/org/springframework/spring-context/4.1.1.RELEASE/spring-context-4.1.1.RELEASE.jar(org/springframework/validation/BindingResult.class)]]
[loading ZipFileIndexFileObject[/usr/share/tomcat/.m2/repository/org/springframework/spring-web/4.1.1.RELEASE/spring-web-4.1.1.RELEASE.jar(org/springframework/web/bind/WebDataBinder.class)]]
[loading ZipFileIndexFileObject[/usr/share/tomcat/.m2/repository/org/springframework/spring-web/4.1.1.RELEASE/spring-web-4.1.1.RELEASE.jar(org/springframework/web/bind/annotation/InitBinder.class)]]
[loading ZipFileIndexFileObject[/usr/share/tomcat/.m2/repository/org/springframework/spring-web/4.1.1.RELEASE/spring-web-4.1.1.RELEASE.jar(org/springframework/web/bind/annotation/ModelAttribute.class)]]
[loading ZipFileIndexFileObject[/usr/share/tomcat/.m2/repository/org/springframework/spring-web/4.1.1.RELEASE/spring-web-4.1.1.RELEASE.jar(org/springframework/web/bind/annotation/PathVariable.class)]]
[loading ZipFileIndexFileObject[/usr/share/tomcat/.m2/repository/org/springframework/spring-web/4.1.1.RELEASE/spring-web-4.1.1.RELEASE.jar(org/springframework/web/bind/annotation/RequestMapping.class)]]
[loading ZipFileIndexFileObject[/usr/share/tomcat/.m2/repository/org/springframework/spring-web/4.1.1.RELEASE/spring-web-4.1.1.RELEASE.jar(org/springframework/web/bind/annotation/RequestMethod.class)]]
[loading ZipFileIndexFileObject[/usr/share/tomcat/.m2/repository/org/hibernate/javax/persistence/hibernate-jpa-2.1-api/1.0.0.Final/hibernate-jpa-2.1-api-1.0.0.Final.jar(javax/persistence/JoinTable.class)]]
[loading ZipFileIndexFileObject[/usr/share/tomcat/.m2/repository/org/hibernate/javax/persistence/hibernate-jpa-2.1-api/1.0.0.Final/hibernate-jpa-2.1-api-1.0.0.Final.jar(javax/persistence/ManyToMany.class)]]
[loading ZipFileIndexFileObject[/usr/lib/jvm/java-1.6.0-openjdk-1.6.0.33.x86_64/lib/ct.sym(META-INF/sym/rt.jar/javax/xml/bind/annotation/XmlElement.class)]]
[loading ZipFileIndexFileObject[/usr/share/tomcat/.m2/repository/org/hibernate/javax/persistence/hibernate-jpa-2.1-api/1.0.0.Final/hibernate-jpa-2.1-api-1.0.0.Final.jar(javax/persistence/EntityManager.class)]]
[loading ZipFileIndexFileObject[/usr/share/tomcat/.m2/repository/org/hibernate/javax/persistence/hibernate-jpa-2.1-api/1.0.0.Final/hibernate-jpa-2.1-api-1.0.0.Final.jar(javax/persistence/PersistenceContext.class)]]
[loading ZipFileIndexFileObject[/usr/share/tomcat/.m2/repository/org/springframework/spring-context/4.1.1.RELEASE/spring-context-4.1.1.RELEASE.jar(org/springframework/cache/annotation/Cacheable.class)]]
[loading ZipFileIndexFileObject[/usr/share/tomcat/.m2/repository/org/springframework/spring-context/4.1.1.RELEASE/spring-context-4.1.1.RELEASE.jar(org/springframework/stereotype/Service.class)]]
[loading ZipFileIndexFileObject[/usr/share/tomcat/.m2/repository/org/springframework/spring-tx/4.1.1.RELEASE/spring-tx-4.1.1.RELEASE.jar(org/springframework/transaction/annotation/Transactional.class)]]
[loading ZipFileIndexFileObject[/usr/share/tomcat/.m2/repository/org/springframework/spring-core/4.1.1.RELEASE/spring-core-4.1.1.RELEASE.jar(org/springframework/util/StringUtils.class)]]
[loading ZipFileIndexFileObject[/usr/share/tomcat/.m2/repository/org/springframework/spring-context/4.1.1.RELEASE/spring-context-4.1.1.RELEASE.jar(org/springframework/validation/Errors.class)]]
[loading ZipFileIndexFileObject[/usr/lib/jvm/java-1.6.0-openjdk-1.6.0.33.x86_64/lib/ct.sym(META-INF/sym/rt.jar/java/text/ParseException.class)]]
[loading ZipFileIndexFileObject[/usr/lib/jvm/java-1.6.0-openjdk-1.6.0.33.x86_64/lib/ct.sym(META-INF/sym/rt.jar/java/util/Locale.class)]]
[loading ZipFileIndexFileObject[/usr/share/tomcat/.m2/repository/org/springframework/spring-context/4.1.1.RELEASE/spring-context-4.1.1.RELEASE.jar(org/springframework/format/Formatter.class)]]
[loading ZipFileIndexFileObject[/usr/share/tomcat/.m2/repository/org/springframework/spring-context/4.1.1.RELEASE/spring-context-4.1.1.RELEASE.jar(org/springframework/format/Printer.class)]]
[loading ZipFileIndexFileObject[/usr/share/tomcat/.m2/repository/org/springframework/spring-context/4.1.1.RELEASE/spring-context-4.1.1.RELEASE.jar(org/springframework/format/Parser.class)]]
[loading ZipFileIndexFileObject[/usr/share/tomcat/.m2/repository/org/hibernate/javax/persistence/hibernate-jpa-2.1-api/1.0.0.Final/hibernate-jpa-2.1-api-1.0.0.Final.jar(javax/persistence/Query.class)]]
[loading ZipFileIndexFileObject[/usr/share/tomcat/.m2/repository/org/springframework/spring-orm/4.1.1.RELEASE/spring-orm-4.1.1.RELEASE.jar(org/springframework/orm/hibernate3/support/OpenSessionInViewFilter.class)]]
[loading ZipFileIndexFileObject[/usr/share/tomcat/.m2/repository/org/aspectj/aspectjrt/1.8.4/aspectjrt-1.8.4.jar(org/aspectj/lang/ProceedingJoinPoint.class)]]
[loading ZipFileIndexFileObject[/usr/share/tomcat/.m2/repository/org/aspectj/aspectjrt/1.8.4/aspectjrt-1.8.4.jar(org/aspectj/lang/annotation/Around.class)]]
[loading ZipFileIndexFileObject[/usr/share/tomcat/.m2/repository/org/aspectj/aspectjrt/1.8.4/aspectjrt-1.8.4.jar(org/aspectj/lang/annotation/Aspect.class)]]
[loading ZipFileIndexFileObject[/usr/share/tomcat/.m2/repository/org/springframework/spring-context/4.1.1.RELEASE/spring-context-4.1.1.RELEASE.jar(org/springframework/jmx/export/annotation/ManagedAttribute.class)]]
[loading ZipFileIndexFileObject[/usr/share/tomcat/.m2/repository/org/springframework/spring-context/4.1.1.RELEASE/spring-context-4.1.1.RELEASE.jar(org/springframework/jmx/export/annotation/ManagedOperation.class)]]
[loading ZipFileIndexFileObject[/usr/share/tomcat/.m2/repository/org/springframework/spring-context/4.1.1.RELEASE/spring-context-4.1.1.RELEASE.jar(org/springframework/jmx/export/annotation/ManagedResource.class)]]
[loading ZipFileIndexFileObject[/usr/share/tomcat/.m2/repository/org/springframework/spring-core/4.1.1.RELEASE/spring-core-4.1.1.RELEASE.jar(org/springframework/util/StopWatch.class)]]
[loading ZipFileIndexFileObject[/usr/lib/jvm/java-1.6.0-openjdk-1.6.0.33.x86_64/lib/ct.sym(META-INF/sym/rt.jar/java/lang/Throwable.class)]]
[loading ZipFileIndexFileObject[/usr/lib/jvm/java-1.6.0-openjdk-1.6.0.33.x86_64/lib/ct.sym(META-INF/sym/rt.jar/javax/xml/bind/annotation/XmlRootElement.class)]]
[loading ZipFileIndexFileObject[/usr/share/tomcat/.m2/repository/org/springframework/spring-web/4.1.1.RELEASE/spring-web-4.1.1.RELEASE.jar(org/springframework/web/bind/annotation/SessionAttributes.class)]]
[loading ZipFileIndexFileObject[/usr/share/tomcat/.m2/repository/org/springframework/spring-web/4.1.1.RELEASE/spring-web-4.1.1.RELEASE.jar(org/springframework/web/bind/support/SessionStatus.class)]]
[loading ZipFileIndexFileObject[/usr/lib/jvm/java-1.6.0-openjdk-1.6.0.33.x86_64/lib/ct.sym(META-INF/sym/rt.jar/java/sql/ResultSet.class)]]
[loading ZipFileIndexFileObject[/usr/lib/jvm/java-1.6.0-openjdk-1.6.0.33.x86_64/lib/ct.sym(META-INF/sym/rt.jar/java/sql/SQLException.class)]]
[loading ZipFileIndexFileObject[/usr/share/tomcat/.m2/repository/org/springframework/spring-jdbc/4.1.1.RELEASE/spring-jdbc-4.1.1.RELEASE.jar(org/springframework/jdbc/core/JdbcTemplate.class)]]
[loading ZipFileIndexFileObject[/usr/share/tomcat/.m2/repository/org/springframework/spring-jdbc/4.1.1.RELEASE/spring-jdbc-4.1.1.RELEASE.jar(org/springframework/jdbc/core/simple/ParameterizedRowMapper.class)]]
[loading ZipFileIndexFileObject[/usr/lib/jvm/java-1.6.0-openjdk-1.6.0.33.x86_64/lib/ct.sym(META-INF/sym/rt.jar/java/util/Date.class)]]
[loading ZipFileIndexFileObject[/usr/share/tomcat/.m2/repository/org/springframework/spring-jdbc/4.1.1.RELEASE/spring-jdbc-4.1.1.RELEASE.jar(org/springframework/jdbc/core/RowMapper.class)]]
[loading ZipFileIndexFileObject[/usr/share/tomcat/.m2/repository/org/springframework/data/spring-data-commons/1.9.1.RELEASE/spring-data-commons-1.9.1.RELEASE.jar(org/springframework/data/repository/query/Param.class)]]
[loading ZipFileIndexFileObject[/usr/lib/jvm/java-1.6.0-openjdk-1.6.0.33.x86_64/lib/ct.sym(META-INF/sym/rt.jar/java/lang/Class.class)]]
[loading ZipFileIndexFileObject[/usr/share/tomcat/.m2/repository/org/springframework/spring-jdbc/4.1.1.RELEASE/spring-jdbc-4.1.1.RELEASE.jar(org/springframework/jdbc/core/namedparam/BeanPropertySqlParameterSource.class)]]
[loading ZipFileIndexFileObject[/usr/share/tomcat/.m2/repository/org/springframework/spring-context/4.1.1.RELEASE/spring-context-4.1.1.RELEASE.jar(org/springframework/ui/Model.class)]]
[loading ZipFileIndexFileObject[/usr/share/tomcat/.m2/repository/org/springframework/spring-webmvc/4.1.1.RELEASE/spring-webmvc-4.1.1.RELEASE.jar(org/springframework/web/servlet/ModelAndView.class)]]
[loading ZipFileIndexFileObject[/usr/lib/jvm/java-1.6.0-openjdk-1.6.0.33.x86_64/lib/ct.sym(META-INF/sym/rt.jar/java/lang/annotation/Retention.class)]]
[loading ZipFileIndexFileObject[/usr/lib/jvm/java-1.6.0-openjdk-1.6.0.33.x86_64/lib/ct.sym(META-INF/sym/rt.jar/java/lang/annotation/RetentionPolicy.class)]]
[loading ZipFileIndexFileObject[/usr/lib/jvm/java-1.6.0-openjdk-1.6.0.33.x86_64/lib/ct.sym(META-INF/sym/rt.jar/java/lang/annotation/Target.class)]]
[loading ZipFileIndexFileObject[/usr/lib/jvm/java-1.6.0-openjdk-1.6.0.33.x86_64/lib/ct.sym(META-INF/sym/rt.jar/java/lang/annotation/ElementType.class)]]
[loading ZipFileIndexFileObject[/usr/share/tomcat/.m2/repository/org/springframework/spring-context/4.1.1.RELEASE/spring-context-4.1.1.RELEASE.jar(org/springframework/format/annotation/DateTimeFormat$ISO.class)]]
[loading ZipFileIndexFileObject[/usr/lib/jvm/java-1.6.0-openjdk-1.6.0.33.x86_64/lib/ct.sym(META-INF/sym/rt.jar/java/lang/annotation/Annotation.class)]]
[loading ZipFileIndexFileObject[/usr/lib/jvm/java-1.6.0-openjdk-1.6.0.33.x86_64/lib/ct.sym(META-INF/sym/rt.jar/java/lang/Override.class)]]
[loading ZipFileIndexFileObject[/usr/share/tomcat/.m2/repository/javax/validation/validation-api/1.0.0.GA/validation-api-1.0.0.GA.jar(javax/validation/Constraint.class)]]
[loading ZipFileIndexFileObject[/usr/share/tomcat/.m2/repository/javax/validation/validation-api/1.0.0.GA/validation-api-1.0.0.GA.jar(javax/validation/constraints/Size.class)]]
[loading ZipFileIndexFileObject[/usr/share/tomcat/.m2/repository/org/hibernate/javax/persistence/hibernate-jpa-2.1-api/1.0.0.Final/hibernate-jpa-2.1-api-1.0.0.Final.jar(javax/persistence/ForeignKey.class)]]
[loading ZipFileIndexFileObject[/usr/share/tomcat/.m2/repository/org/hibernate/javax/persistence/hibernate-jpa-2.1-api/1.0.0.Final/hibernate-jpa-2.1-api-1.0.0.Final.jar(javax/persistence/ConstraintMode.class)]]
[loading ZipFileIndexFileObject[/usr/share/tomcat/.m2/repository/org/hibernate/javax/persistence/hibernate-jpa-2.1-api/1.0.0.Final/hibernate-jpa-2.1-api-1.0.0.Final.jar(javax/persistence/PersistenceContextType.class)]]
[loading ZipFileIndexFileObject[/usr/share/tomcat/.m2/repository/org/hibernate/javax/persistence/hibernate-jpa-2.1-api/1.0.0.Final/hibernate-jpa-2.1-api-1.0.0.Final.jar(javax/persistence/SynchronizationType.class)]]
[loading ZipFileIndexFileObject[/usr/lib/jvm/java-1.6.0-openjdk-1.6.0.33.x86_64/lib/ct.sym(META-INF/sym/rt.jar/java/lang/SuppressWarnings.class)]]
[loading ZipFileIndexFileObject[/usr/share/tomcat/.m2/repository/org/springframework/spring-tx/4.1.1.RELEASE/spring-tx-4.1.1.RELEASE.jar(org/springframework/transaction/annotation/Propagation.class)]]
[loading ZipFileIndexFileObject[/usr/share/tomcat/.m2/repository/org/springframework/spring-tx/4.1.1.RELEASE/spring-tx-4.1.1.RELEASE.jar(org/springframework/transaction/annotation/Isolation.class)]]
[checking org.springframework.samples.petclinic.repository.springdatajpa.SpringDataPetRepository]
[loading ZipFileIndexFileObject[/usr/lib/jvm/java-1.6.0-openjdk-1.6.0.33.x86_64/lib/ct.sym(META-INF/sym/rt.jar/java/lang/Number.class)]]
[loading ZipFileIndexFileObject[/usr/lib/jvm/java-1.6.0-openjdk-1.6.0.33.x86_64/lib/ct.sym(META-INF/sym/rt.jar/java/lang/Error.class)]]
[loading ZipFileIndexFileObject[/usr/share/tomcat/.m2/repository/org/springframework/spring-core/4.1.1.RELEASE/spring-core-4.1.1.RELEASE.jar(org/springframework/core/NestedRuntimeException.class)]]
[loading ZipFileIndexFileObject[/usr/lib/jvm/java-1.6.0-openjdk-1.6.0.33.x86_64/lib/ct.sym(META-INF/sym/rt.jar/java/lang/RuntimeException.class)]]
[wrote RegularFileObject[/usr/share/tomcat/.jenkins/jobs/spring-petclinic/workspace/target/classes/org/springframework/samples/petclinic/repository/springdatajpa/SpringDataPetRepository.class]]
[checking org.springframework.samples.petclinic.repository.PetRepository]
[wrote RegularFileObject[/usr/share/tomcat/.jenkins/jobs/spring-petclinic/workspace/target/classes/org/springframework/samples/petclinic/repository/PetRepository.class]]
[checking org.springframework.samples.petclinic.model.Pet]
[loading ZipFileIndexFileObject[/usr/lib/jvm/java-1.6.0-openjdk-1.6.0.33.x86_64/lib/ct.sym(META-INF/sym/rt.jar/java/util/AbstractSet.class)]]
[loading ZipFileIndexFileObject[/usr/lib/jvm/java-1.6.0-openjdk-1.6.0.33.x86_64/lib/ct.sym(META-INF/sym/rt.jar/java/util/AbstractCollection.class)]]
[loading ZipFileIndexFileObject[/usr/lib/jvm/java-1.6.0-openjdk-1.6.0.33.x86_64/lib/ct.sym(META-INF/sym/rt.jar/java/lang/Iterable.class)]]
[loading ZipFileIndexFileObject[/usr/lib/jvm/java-1.6.0-openjdk-1.6.0.33.x86_64/lib/ct.sym(META-INF/sym/rt.jar/java/util/AbstractList.class)]]
[loading ZipFileIndexFileObject[/usr/share/tomcat/.m2/repository/org/springframework/spring-beans/4.1.1.RELEASE/spring-beans-4.1.1.RELEASE.jar(org/springframework/beans/support/SortDefinition.class)]]
[loading ZipFileIndexFileObject[/usr/lib/jvm/java-1.6.0-openjdk-1.6.0.33.x86_64/lib/ct.sym(META-INF/sym/rt.jar/java/lang/Comparable.class)]]
[loading ZipFileIndexFileObject[/usr/lib/jvm/java-1.6.0-openjdk-1.6.0.33.x86_64/lib/ct.sym(META-INF/sym/rt.jar/java/lang/CharSequence.class)]]
[loading ZipFileIndexFileObject[/usr/share/tomcat/.m2/repository/org/springframework/spring-beans/4.1.1.RELEASE/spring-beans-4.1.1.RELEASE.jar(org/springframework/beans/BeansException.class)]]
[checking org.springframework.samples.petclinic.model.NamedEntity]
[checking org.springframework.samples.petclinic.model.BaseEntity]
[wrote RegularFileObject[/usr/share/tomcat/.jenkins/jobs/spring-petclinic/workspace/target/classes/org/springframework/samples/petclinic/model/Pet.class]]
[wrote RegularFileObject[/usr/share/tomcat/.jenkins/jobs/spring-petclinic/workspace/target/classes/org/springframework/samples/petclinic/model/NamedEntity.class]]
[wrote RegularFileObject[/usr/share/tomcat/.jenkins/jobs/spring-petclinic/workspace/target/classes/org/springframework/samples/petclinic/model/BaseEntity.class]]
[checking org.springframework.samples.petclinic.model.PetType]
[wrote RegularFileObject[/usr/share/tomcat/.jenkins/jobs/spring-petclinic/workspace/target/classes/org/springframework/samples/petclinic/model/PetType.class]]
[checking org.springframework.samples.petclinic.model.Owner]
[checking org.springframework.samples.petclinic.model.Person]
[loading ZipFileIndexFileObject[/usr/lib/jvm/java-1.6.0-openjdk-1.6.0.33.x86_64/lib/ct.sym(META-INF/sym/rt.jar/java/util/Iterator.class)]]
[wrote RegularFileObject[/usr/share/tomcat/.jenkins/jobs/spring-petclinic/workspace/target/classes/org/springframework/samples/petclinic/model/Owner.class]]
[wrote RegularFileObject[/usr/share/tomcat/.jenkins/jobs/spring-petclinic/workspace/target/classes/org/springframework/samples/petclinic/model/Person.class]]
[checking org.springframework.samples.petclinic.model.Visit]
[loading ZipFileIndexFileObject[/usr/share/tomcat/.m2/repository/joda-time/joda-time/2.5/joda-time-2.5.jar(org/joda/time/base/BaseDateTime.class)]]
[loading ZipFileIndexFileObject[/usr/share/tomcat/.m2/repository/joda-time/joda-time/2.5/joda-time-2.5.jar(org/joda/time/base/AbstractDateTime.class)]]
[loading ZipFileIndexFileObject[/usr/share/tomcat/.m2/repository/joda-time/joda-time/2.5/joda-time-2.5.jar(org/joda/time/base/AbstractInstant.class)]]
[wrote RegularFileObject[/usr/share/tomcat/.jenkins/jobs/spring-petclinic/workspace/target/classes/org/springframework/samples/petclinic/model/Visit.class]]
[checking org.springframework.samples.petclinic.repository.jdbc.JdbcPetRepositoryImpl]
[loading ZipFileIndexFileObject[/usr/share/tomcat/.m2/repository/org/springframework/spring-jdbc/4.1.1.RELEASE/spring-jdbc-4.1.1.RELEASE.jar(org/springframework/jdbc/core/JdbcOperations.class)]]
[loading ZipFileIndexFileObject[/usr/lib/jvm/java-1.6.0-openjdk-1.6.0.33.x86_64/lib/ct.sym(META-INF/sym/rt.jar/javax/sql/CommonDataSource.class)]]
[loading ZipFileIndexFileObject[/usr/lib/jvm/java-1.6.0-openjdk-1.6.0.33.x86_64/lib/ct.sym(META-INF/sym/rt.jar/java/sql/Wrapper.class)]]
[loading ZipFileIndexFileObject[/usr/share/tomcat/.m2/repository/org/springframework/spring-jdbc/4.1.1.RELEASE/spring-jdbc-4.1.1.RELEASE.jar(org/springframework/jdbc/core/simple/AbstractJdbcInsert.class)]]
[loading ZipFileIndexFileObject[/usr/lib/jvm/java-1.6.0-openjdk-1.6.0.33.x86_64/lib/ct.sym(META-INF/sym/rt.jar/java/util/AbstractMap.class)]]
[loading ZipFileIndexFileObject[/usr/share/tomcat/.m2/repository/org/springframework/spring-jdbc/4.1.1.RELEASE/spring-jdbc-4.1.1.RELEASE.jar(org/springframework/jdbc/core/BeanPropertyRowMapper.class)]]
[loading ZipFileIndexFileObject[/usr/share/tomcat/.m2/repository/org/springframework/spring-jdbc/4.1.1.RELEASE/spring-jdbc-4.1.1.RELEASE.jar(org/springframework/jdbc/core/namedparam/SqlParameterSource.class)]]
[loading ZipFileIndexFileObject[/usr/share/tomcat/.m2/repository/org/springframework/spring-jdbc/4.1.1.RELEASE/spring-jdbc-4.1.1.RELEASE.jar(org/springframework/jdbc/core/RowCallbackHandler.class)]]
[loading ZipFileIndexFileObject[/usr/share/tomcat/.m2/repository/org/springframework/spring-jdbc/4.1.1.RELEASE/spring-jdbc-4.1.1.RELEASE.jar(org/springframework/jdbc/core/ResultSetExtractor.class)]]
[loading ZipFileIndexFileObject[/usr/share/tomcat/.m2/repository/org/springframework/spring-tx/4.1.1.RELEASE/spring-tx-4.1.1.RELEASE.jar(org/springframework/dao/IncorrectResultSizeDataAccessException.class)]]
[loading ZipFileIndexFileObject[/usr/share/tomcat/.m2/repository/org/springframework/spring-tx/4.1.1.RELEASE/spring-tx-4.1.1.RELEASE.jar(org/springframework/dao/DataRetrievalFailureException.class)]]
[loading ZipFileIndexFileObject[/usr/share/tomcat/.m2/repository/org/springframework/spring-tx/4.1.1.RELEASE/spring-tx-4.1.1.RELEASE.jar(org/springframework/dao/NonTransientDataAccessException.class)]]
[loading ZipFileIndexFileObject[/usr/share/tomcat/.m2/repository/org/springframework/spring-jdbc/4.1.1.RELEASE/spring-jdbc-4.1.1.RELEASE.jar(org/springframework/jdbc/core/namedparam/AbstractSqlParameterSource.class)]]
[loading ZipFileIndexFileObject[/usr/lib/jvm/java-1.6.0-openjdk-1.6.0.33.x86_64/lib/ct.sym(META-INF/sym/rt.jar/java/lang/Byte.class)]]
[loading ZipFileIndexFileObject[/usr/lib/jvm/java-1.6.0-openjdk-1.6.0.33.x86_64/lib/ct.sym(META-INF/sym/rt.jar/java/lang/Character.class)]]
[loading ZipFileIndexFileObject[/usr/lib/jvm/java-1.6.0-openjdk-1.6.0.33.x86_64/lib/ct.sym(META-INF/sym/rt.jar/java/lang/Short.class)]]
[loading ZipFileIndexFileObject[/usr/lib/jvm/java-1.6.0-openjdk-1.6.0.33.x86_64/lib/ct.sym(META-INF/sym/rt.jar/java/lang/Long.class)]]
[loading ZipFileIndexFileObject[/usr/lib/jvm/java-1.6.0-openjdk-1.6.0.33.x86_64/lib/ct.sym(META-INF/sym/rt.jar/java/lang/Float.class)]]
[loading ZipFileIndexFileObject[/usr/lib/jvm/java-1.6.0-openjdk-1.6.0.33.x86_64/lib/ct.sym(META-INF/sym/rt.jar/java/lang/Double.class)]]
[loading ZipFileIndexFileObject[/usr/lib/jvm/java-1.6.0-openjdk-1.6.0.33.x86_64/lib/ct.sym(META-INF/sym/rt.jar/java/lang/Boolean.class)]]
[loading ZipFileIndexFileObject[/usr/lib/jvm/java-1.6.0-openjdk-1.6.0.33.x86_64/lib/ct.sym(META-INF/sym/rt.jar/java/lang/Void.class)]]
[wrote RegularFileObject[/usr/share/tomcat/.jenkins/jobs/spring-petclinic/workspace/target/classes/org/springframework/samples/petclinic/repository/jdbc/JdbcPetRepositoryImpl.class]]
[checking org.springframework.samples.petclinic.repository.OwnerRepository]
[wrote RegularFileObject[/usr/share/tomcat/.jenkins/jobs/spring-petclinic/workspace/target/classes/org/springframework/samples/petclinic/repository/OwnerRepository.class]]
[checking org.springframework.samples.petclinic.repository.VisitRepository]
[wrote RegularFileObject[/usr/share/tomcat/.jenkins/jobs/spring-petclinic/workspace/target/classes/org/springframework/samples/petclinic/repository/VisitRepository.class]]
[checking org.springframework.samples.petclinic.web.VetsAtomView]
[loading ZipFileIndexFileObject[/usr/share/tomcat/.m2/repository/com/rometools/rome/1.5.0/rome-1.5.0.jar(com/rometools/rome/feed/WireFeed.class)]]
[loading ZipFileIndexFileObject[/usr/share/tomcat/.m2/repository/org/apache/tomcat/tomcat-servlet-api/7.0.30/tomcat-servlet-api-7.0.30.jar(javax/servlet/ServletResponse.class)]]
[wrote RegularFileObject[/usr/share/tomcat/.jenkins/jobs/spring-petclinic/workspace/target/classes/org/springframework/samples/petclinic/web/VetsAtomView.class]]
[checking org.springframework.samples.petclinic.web.VisitController]
[loading ZipFileIndexFileObject[/usr/share/tomcat/.m2/repository/org/springframework/spring-context/4.1.1.RELEASE/spring-context-4.1.1.RELEASE.jar(org/springframework/validation/DataBinder.class)]]
[wrote RegularFileObject[/usr/share/tomcat/.jenkins/jobs/spring-petclinic/workspace/target/classes/org/springframework/samples/petclinic/web/VisitController.class]]
[checking org.springframework.samples.petclinic.service.ClinicService]
[wrote RegularFileObject[/usr/share/tomcat/.jenkins/jobs/spring-petclinic/workspace/target/classes/org/springframework/samples/petclinic/service/ClinicService.class]]
[checking org.springframework.samples.petclinic.model.Vet]
[wrote RegularFileObject[/usr/share/tomcat/.jenkins/jobs/spring-petclinic/workspace/target/classes/org/springframework/samples/petclinic/model/Vet.class]]
[checking org.springframework.samples.petclinic.model.Specialty]
[wrote RegularFileObject[/usr/share/tomcat/.jenkins/jobs/spring-petclinic/workspace/target/classes/org/springframework/samples/petclinic/model/Specialty.class]]
[checking org.springframework.samples.petclinic.repository.jpa.JpaVetRepositoryImpl]
[loading ZipFileIndexFileObject[/usr/share/tomcat/.m2/repository/org/hibernate/javax/persistence/hibernate-jpa-2.1-api/1.0.0.Final/hibernate-jpa-2.1-api-1.0.0.Final.jar(javax/persistence/TypedQuery.class)]]
[loading ZipFileIndexFileObject[/usr/share/tomcat/.m2/repository/org/hibernate/javax/persistence/hibernate-jpa-2.1-api/1.0.0.Final/hibernate-jpa-2.1-api-1.0.0.Final.jar(javax/persistence/criteria/CriteriaDelete.class)]]
[loading ZipFileIndexFileObject[/usr/share/tomcat/.m2/repository/org/hibernate/javax/persistence/hibernate-jpa-2.1-api/1.0.0.Final/hibernate-jpa-2.1-api-1.0.0.Final.jar(javax/persistence/criteria/CriteriaUpdate.class)]]
[loading ZipFileIndexFileObject[/usr/share/tomcat/.m2/repository/org/hibernate/javax/persistence/hibernate-jpa-2.1-api/1.0.0.Final/hibernate-jpa-2.1-api-1.0.0.Final.jar(javax/persistence/criteria/CriteriaQuery.class)]]
[wrote RegularFileObject[/usr/share/tomcat/.jenkins/jobs/spring-petclinic/workspace/target/classes/org/springframework/samples/petclinic/repository/jpa/JpaVetRepositoryImpl.class]]
[checking org.springframework.samples.petclinic.repository.VetRepository]
[wrote RegularFileObject[/usr/share/tomcat/.jenkins/jobs/spring-petclinic/workspace/target/classes/org/springframework/samples/petclinic/repository/VetRepository.class]]
[checking org.springframework.samples.petclinic.repository.jpa.JpaPetRepositoryImpl]
[wrote RegularFileObject[/usr/share/tomcat/.jenkins/jobs/spring-petclinic/workspace/target/classes/org/springframework/samples/petclinic/repository/jpa/JpaPetRepositoryImpl.class]]
[checking org.springframework.samples.petclinic.service.ClinicServiceImpl]
[wrote RegularFileObject[/usr/share/tomcat/.jenkins/jobs/spring-petclinic/workspace/target/classes/org/springframework/samples/petclinic/service/ClinicServiceImpl.class]]
[checking org.springframework.samples.petclinic.web.PetValidator]
[wrote RegularFileObject[/usr/share/tomcat/.jenkins/jobs/spring-petclinic/workspace/target/classes/org/springframework/samples/petclinic/web/PetValidator.class]]
[checking org.springframework.samples.petclinic.web.CrashController]
[wrote RegularFileObject[/usr/share/tomcat/.jenkins/jobs/spring-petclinic/workspace/target/classes/org/springframework/samples/petclinic/web/CrashController.class]]
[checking org.springframework.samples.petclinic.web.PetTypeFormatter]
[loading ZipFileIndexFileObject[/usr/lib/jvm/java-1.6.0-openjdk-1.6.0.33.x86_64/lib/ct.sym(META-INF/sym/rt.jar/java/lang/StringBuilder.class)]]
[loading ZipFileIndexFileObject[/usr/lib/jvm/java-1.6.0-openjdk-1.6.0.33.x86_64/lib/ct.sym(META-INF/sym/rt.jar/java/lang/AbstractStringBuilder.class)]]
[loading ZipFileIndexFileObject[/usr/lib/jvm/java-1.6.0-openjdk-1.6.0.33.x86_64/lib/ct.sym(META-INF/sym/rt.jar/java/lang/StringBuffer.class)]]
[wrote RegularFileObject[/usr/share/tomcat/.jenkins/jobs/spring-petclinic/workspace/target/classes/org/springframework/samples/petclinic/web/PetTypeFormatter.class]]
[checking org.springframework.samples.petclinic.repository.jpa.JpaOwnerRepositoryImpl]
[loading ZipFileIndexFileObject[/usr/lib/jvm/java-1.6.0-openjdk-1.6.0.33.x86_64/lib/ct.sym(META-INF/sym/rt.jar/java/util/Calendar.class)]]
[loading ZipFileIndexFileObject[/usr/share/tomcat/.m2/repository/org/hibernate/javax/persistence/hibernate-jpa-2.1-api/1.0.0.Final/hibernate-jpa-2.1-api-1.0.0.Final.jar(javax/persistence/Parameter.class)]]
[wrote RegularFileObject[/usr/share/tomcat/.jenkins/jobs/spring-petclinic/workspace/target/classes/org/springframework/samples/petclinic/repository/jpa/JpaOwnerRepositoryImpl.class]]
[checking org.springframework.samples.petclinic.util.CallMonitoringAspect]
[loading ZipFileIndexFileObject[/usr/share/tomcat/.m2/repository/org/aspectj/aspectjrt/1.8.4/aspectjrt-1.8.4.jar(org/aspectj/lang/JoinPoint.class)]]
[loading ZipFileIndexFileObject[/usr/lib/jvm/java-1.6.0-openjdk-1.6.0.33.x86_64/lib/ct.sym(META-INF/sym/rt.jar/java/lang/IllegalStateException.class)]]
[wrote RegularFileObject[/usr/share/tomcat/.jenkins/jobs/spring-petclinic/workspace/target/classes/org/springframework/samples/petclinic/util/CallMonitoringAspect.class]]
[checking org.springframework.samples.petclinic.web.VetController]
[wrote RegularFileObject[/usr/share/tomcat/.jenkins/jobs/spring-petclinic/workspace/target/classes/org/springframework/samples/petclinic/web/VetController.class]]
[checking org.springframework.samples.petclinic.repository.jpa.JpaVisitRepositoryImpl]
[wrote RegularFileObject[/usr/share/tomcat/.jenkins/jobs/spring-petclinic/workspace/target/classes/org/springframework/samples/petclinic/repository/jpa/JpaVisitRepositoryImpl.class]]
[checking org.springframework.samples.petclinic.repository.springdatajpa.SpringDataVisitRepository]
[wrote RegularFileObject[/usr/share/tomcat/.jenkins/jobs/spring-petclinic/workspace/target/classes/org/springframework/samples/petclinic/repository/springdatajpa/SpringDataVisitRepository.class]]
[checking org.springframework.samples.petclinic.model.Vets]
[wrote RegularFileObject[/usr/share/tomcat/.jenkins/jobs/spring-petclinic/workspace/target/classes/org/springframework/samples/petclinic/model/Vets.class]]
[checking org.springframework.samples.petclinic.web.PetController]
[wrote RegularFileObject[/usr/share/tomcat/.jenkins/jobs/spring-petclinic/workspace/target/classes/org/springframework/samples/petclinic/web/PetController.class]]
[checking org.springframework.samples.petclinic.repository.jdbc.JdbcVetRepositoryImpl]
[loading ZipFileIndexFileObject[/usr/share/tomcat/.m2/repository/org/springframework/spring-jdbc/4.1.1.RELEASE/spring-jdbc-4.1.1.RELEASE.jar(org/springframework/jdbc/core/PreparedStatementSetter.class)]]
[loading ZipFileIndexFileObject[/usr/share/tomcat/.m2/repository/org/springframework/spring-jdbc/4.1.1.RELEASE/spring-jdbc-4.1.1.RELEASE.jar(org/springframework/jdbc/core/PreparedStatementCreator.class)]]
[loading ZipFileIndexFileObject[/usr/share/tomcat/.m2/repository/org/springframework/spring-jdbc/4.1.1.RELEASE/spring-jdbc-4.1.1.RELEASE.jar(org/springframework/jdbc/support/JdbcAccessor.class)]]
[wrote RegularFileObject[/usr/share/tomcat/.jenkins/jobs/spring-petclinic/workspace/target/classes/org/springframework/samples/petclinic/repository/jdbc/JdbcVetRepositoryImpl$1.class]]
[wrote RegularFileObject[/usr/share/tomcat/.jenkins/jobs/spring-petclinic/workspace/target/classes/org/springframework/samples/petclinic/repository/jdbc/JdbcVetRepositoryImpl.class]]
[checking org.springframework.samples.petclinic.repository.jdbc.JdbcPetRowMapper]
[loading ZipFileIndexFileObject[/usr/lib/jvm/java-1.6.0-openjdk-1.6.0.33.x86_64/lib/ct.sym(META-INF/sym/rt.jar/java/sql/Date.class)]]
[loading ZipFileIndexFileObject[/usr/share/tomcat/.m2/repository/joda-time/joda-time/2.5/joda-time-2.5.jar(org/joda/time/Chronology.class)]]
[loading ZipFileIndexFileObject[/usr/share/tomcat/.m2/repository/joda-time/joda-time/2.5/joda-time-2.5.jar(org/joda/time/DateTimeZone.class)]]
[wrote RegularFileObject[/usr/share/tomcat/.jenkins/jobs/spring-petclinic/workspace/target/classes/org/springframework/samples/petclinic/repository/jdbc/JdbcPetRowMapper.class]]
[checking org.springframework.samples.petclinic.repository.jdbc.JdbcPet]
[wrote RegularFileObject[/usr/share/tomcat/.jenkins/jobs/spring-petclinic/workspace/target/classes/org/springframework/samples/petclinic/repository/jdbc/JdbcPet.class]]
[checking org.springframework.samples.petclinic.repository.springdatajpa.SpringDataOwnerRepository]
[wrote RegularFileObject[/usr/share/tomcat/.jenkins/jobs/spring-petclinic/workspace/target/classes/org/springframework/samples/petclinic/repository/springdatajpa/SpringDataOwnerRepository.class]]
[checking org.springframework.samples.petclinic.repository.jdbc.JdbcVisitRepositoryImpl]
[loading ZipFileIndexFileObject[/usr/lib/jvm/java-1.6.0-openjdk-1.6.0.33.x86_64/lib/ct.sym(META-INF/sym/rt.jar/java/lang/UnsupportedOperationException.class)]]
[wrote RegularFileObject[/usr/share/tomcat/.jenkins/jobs/spring-petclinic/workspace/target/classes/org/springframework/samples/petclinic/repository/jdbc/JdbcVisitRepositoryImpl$1.class]]
[wrote RegularFileObject[/usr/share/tomcat/.jenkins/jobs/spring-petclinic/workspace/target/classes/org/springframework/samples/petclinic/repository/jdbc/JdbcVisitRepositoryImpl.class]]
[checking org.springframework.samples.petclinic.util.EntityUtils]
[wrote RegularFileObject[/usr/share/tomcat/.jenkins/jobs/spring-petclinic/workspace/target/classes/org/springframework/samples/petclinic/util/EntityUtils.class]]
[checking org.springframework.samples.petclinic.repository.jdbc.JdbcOwnerRepositoryImpl]
[loading ZipFileIndexFileObject[/usr/lib/jvm/java-1.6.0-openjdk-1.6.0.33.x86_64/lib/ct.sym(META-INF/sym/rt.jar/java/lang/Cloneable.class)]]
[wrote RegularFileObject[/usr/share/tomcat/.jenkins/jobs/spring-petclinic/workspace/target/classes/org/springframework/samples/petclinic/repository/jdbc/JdbcOwnerRepositoryImpl.class]]
[checking org.springframework.samples.petclinic.web.OwnerController]
[wrote RegularFileObject[/usr/share/tomcat/.jenkins/jobs/spring-petclinic/workspace/target/classes/org/springframework/samples/petclinic/web/OwnerController.class]]
[checking org.springframework.samples.petclinic.repository.springdatajpa.SpringDataVetRepository]
[wrote RegularFileObject[/usr/share/tomcat/.jenkins/jobs/spring-petclinic/workspace/target/classes/org/springframework/samples/petclinic/repository/springdatajpa/SpringDataVetRepository.class]]
[total 2281ms]
[WARNING] /usr/share/tomcat/.jenkins/jobs/spring-petclinic/workspace/src/main/java/org/springframework/samples/petclinic/repository/jdbc/JdbcPetRepositoryImpl.java:[29,44] [deprecation] org.springframework.jdbc.core.simple.ParameterizedBeanPropertyRowMapper in org.springframework.jdbc.core.simple has been deprecated
[WARNING] /usr/share/tomcat/.jenkins/jobs/spring-petclinic/workspace/src/main/java/org/springframework/samples/petclinic/repository/jdbc/JdbcVetRepositoryImpl.java:[27,44] [deprecation] org.springframework.jdbc.core.simple.ParameterizedBeanPropertyRowMapper in org.springframework.jdbc.core.simple has been deprecated
[WARNING] /usr/share/tomcat/.jenkins/jobs/spring-petclinic/workspace/src/main/java/org/springframework/samples/petclinic/repository/jdbc/JdbcVetRepositoryImpl.java:[28,44] [deprecation] org.springframework.jdbc.core.simple.ParameterizedRowMapper in org.springframework.jdbc.core.simple has been deprecated
[WARNING] /usr/share/tomcat/.jenkins/jobs/spring-petclinic/workspace/src/main/java/org/springframework/samples/petclinic/repository/jdbc/JdbcPetRowMapper.java:[23,44] [deprecation] org.springframework.jdbc.core.simple.ParameterizedRowMapper in org.springframework.jdbc.core.simple has been deprecated
[WARNING] /usr/share/tomcat/.jenkins/jobs/spring-petclinic/workspace/src/main/java/org/springframework/samples/petclinic/repository/jdbc/JdbcPetRowMapper.java:[29,35] [deprecation] org.springframework.jdbc.core.simple.ParameterizedRowMapper in org.springframework.jdbc.core.simple has been deprecated
[WARNING] /usr/share/tomcat/.jenkins/jobs/spring-petclinic/workspace/src/main/java/org/springframework/samples/petclinic/repository/jdbc/JdbcVisitRepositoryImpl.java:[30,44] [deprecation] org.springframework.jdbc.core.simple.ParameterizedRowMapper in org.springframework.jdbc.core.simple has been deprecated
[WARNING] /usr/share/tomcat/.jenkins/jobs/spring-petclinic/workspace/src/main/java/org/springframework/samples/petclinic/repository/jdbc/JdbcOwnerRepositoryImpl.java:[30,44] [deprecation] org.springframework.jdbc.core.simple.ParameterizedBeanPropertyRowMapper in org.springframework.jdbc.core.simple has been deprecated
[WARNING] /usr/share/tomcat/.jenkins/jobs/spring-petclinic/workspace/src/main/java/org/springframework/samples/petclinic/repository/jdbc/JdbcPetRepositoryImpl.java:[80,17] [deprecation] org.springframework.jdbc.core.simple.ParameterizedBeanPropertyRowMapper in org.springframework.jdbc.core.simple has been deprecated
[WARNING] /usr/share/tomcat/.jenkins/jobs/spring-petclinic/workspace/src/main/java/org/springframework/samples/petclinic/repository/jdbc/JdbcVetRepositoryImpl.java:[68,17] [deprecation] org.springframework.jdbc.core.simple.ParameterizedBeanPropertyRowMapper in org.springframework.jdbc.core.simple has been deprecated
[WARNING] /usr/share/tomcat/.jenkins/jobs/spring-petclinic/workspace/src/main/java/org/springframework/samples/petclinic/repository/jdbc/JdbcVetRepositoryImpl.java:[73,17] [deprecation] org.springframework.jdbc.core.simple.ParameterizedBeanPropertyRowMapper in org.springframework.jdbc.core.simple has been deprecated
[WARNING] /usr/share/tomcat/.jenkins/jobs/spring-petclinic/workspace/src/main/java/org/springframework/samples/petclinic/repository/jdbc/JdbcVetRepositoryImpl.java:[79,25] [deprecation] org.springframework.jdbc.core.simple.ParameterizedRowMapper in org.springframework.jdbc.core.simple has been deprecated
[WARNING] /usr/share/tomcat/.jenkins/jobs/spring-petclinic/workspace/src/main/java/org/springframework/samples/petclinic/repository/jdbc/JdbcVetRepositoryImpl.java:[79,25] [deprecation] org.springframework.jdbc.core.simple.ParameterizedRowMapper in org.springframework.jdbc.core.simple has been deprecated
[WARNING] /usr/share/tomcat/.jenkins/jobs/spring-petclinic/workspace/src/main/java/org/springframework/samples/petclinic/repository/jdbc/JdbcVisitRepositoryImpl.java:[95,21] [deprecation] org.springframework.jdbc.core.simple.ParameterizedRowMapper in org.springframework.jdbc.core.simple has been deprecated
[WARNING] /usr/share/tomcat/.jenkins/jobs/spring-petclinic/workspace/src/main/java/org/springframework/samples/petclinic/repository/jdbc/JdbcVisitRepositoryImpl.java:[95,21] [deprecation] org.springframework.jdbc.core.simple.ParameterizedRowMapper in org.springframework.jdbc.core.simple has been deprecated
[WARNING] /usr/share/tomcat/.jenkins/jobs/spring-petclinic/workspace/src/main/java/org/springframework/samples/petclinic/repository/jdbc/JdbcOwnerRepositoryImpl.java:[87,17] [deprecation] org.springframework.jdbc.core.simple.ParameterizedBeanPropertyRowMapper in org.springframework.jdbc.core.simple has been deprecated
[WARNING] /usr/share/tomcat/.jenkins/jobs/spring-petclinic/workspace/src/main/java/org/springframework/samples/petclinic/repository/jdbc/JdbcOwnerRepositoryImpl.java:[106,21] [deprecation] org.springframework.jdbc.core.simple.ParameterizedBeanPropertyRowMapper in org.springframework.jdbc.core.simple has been deprecated
[WARNING] /usr/share/tomcat/.jenkins/jobs/spring-petclinic/workspace/src/main/java/org/springframework/samples/petclinic/repository/jdbc/JdbcOwnerRepositoryImpl.java:[150,17] [deprecation] org.springframework.jdbc.core.simple.ParameterizedBeanPropertyRowMapper in org.springframework.jdbc.core.simple has been deprecated
[INFO] 
[INFO] --- maven-resources-plugin:2.6:testResources (default-testResources) @ spring-petclinic ---
[INFO] Using 'UTF-8' encoding to copy filtered resources.
[INFO] Copying 8 resources
[INFO] skip non existing resourceDirectory /usr/share/tomcat/.jenkins/jobs/spring-petclinic/workspace/src/test/resources
[INFO] 
[INFO] --- maven-compiler-plugin:3.0:testCompile (default-testCompile) @ spring-petclinic ---
[INFO] Changes detected - recompiling the module!
[INFO] Compiling 7 source files to /usr/share/tomcat/.jenkins/jobs/spring-petclinic/workspace/target/test-classes
[parsing started RegularFileObject[/usr/share/tomcat/.jenkins/jobs/spring-petclinic/workspace/src/test/java/org/springframework/samples/petclinic/model/ValidatorTests.java]]
[parsing completed 13ms]
[parsing started RegularFileObject[/usr/share/tomcat/.jenkins/jobs/spring-petclinic/workspace/src/test/java/org/springframework/samples/petclinic/service/AbstractClinicServiceTests.java]]
[parsing completed 2ms]
[parsing started RegularFileObject[/usr/share/tomcat/.jenkins/jobs/spring-petclinic/workspace/src/test/java/org/springframework/samples/petclinic/web/VisitsViewTests.java]]
[parsing completed 1ms]
[parsing started RegularFileObject[/usr/share/tomcat/.jenkins/jobs/spring-petclinic/workspace/src/test/java/org/springframework/samples/petclinic/model/OwnerTests.java]]
[parsing completed 0ms]
[parsing started RegularFileObject[/usr/share/tomcat/.jenkins/jobs/spring-petclinic/workspace/src/test/java/org/springframework/samples/petclinic/service/ClinicServiceSpringDataJpaTests.java]]
[parsing completed 1ms]
[parsing started RegularFileObject[/usr/share/tomcat/.jenkins/jobs/spring-petclinic/workspace/src/test/java/org/springframework/samples/petclinic/service/ClinicServiceJdbcTests.java]]
[parsing completed 0ms]
[parsing started RegularFileObject[/usr/share/tomcat/.jenkins/jobs/spring-petclinic/workspace/src/test/java/org/springframework/samples/petclinic/service/ClinicServiceJpaTests.java]]
[parsing completed 0ms]
[search path for source files: /usr/share/tomcat/.jenkins/jobs/spring-petclinic/workspace/src/test/java]
[search path for class files: /usr/lib/jvm/java-1.6.0-openjdk-1.6.0.33.x86_64/jre/lib/resources.jar,/usr/lib/jvm/java-1.6.0-openjdk-1.6.0.33.x86_64/jre/lib/rt.jar,/usr/lib/jvm/java-1.6.0-openjdk-1.6.0.33.x86_64/jre/lib/sunrsasign.jar,/usr/lib/jvm/java-1.6.0-openjdk-1.6.0.33.x86_64/jre/lib/jsse.jar,/usr/lib/jvm/java-1.6.0-openjdk-1.6.0.33.x86_64/jre/lib/jce.jar,/usr/lib/jvm/java-1.6.0-openjdk-1.6.0.33.x86_64/jre/lib/charsets.jar,/usr/lib/jvm/java-1.6.0-openjdk-1.6.0.33.x86_64/jre/lib/jfr.jar,/usr/lib/jvm/java-1.6.0-openjdk-1.6.0.33.x86_64/jre/lib/netx.jar,/usr/lib/jvm/java-1.6.0-openjdk-1.6.0.33.x86_64/jre/lib/plugin.jar,/usr/lib/jvm/java-1.6.0-openjdk-1.6.0.33.x86_64/jre/lib/rhino.jar,/usr/lib/jvm/java-1.6.0-openjdk-1.6.0.33.x86_64/jre/classes,/usr/lib/jvm/java-1.6.0-openjdk-1.6.0.33.x86_64/jre/lib/ext/dnsns.jar,/usr/lib/jvm/java-1.6.0-openjdk-1.6.0.33.x86_64/jre/lib/ext/gnome-java-bridge.jar,/usr/lib/jvm/java-1.6.0-openjdk-1.6.0.33.x86_64/jre/lib/ext/localedata.jar,/usr/lib/jvm/java-1.6.0-openjdk-1.6.0.33.x86_64/jre/lib/ext/pulse-java.jar,/usr/lib/jvm/java-1.6.0-openjdk-1.6.0.33.x86_64/jre/lib/ext/sunjce_provider.jar,/usr/lib/jvm/java-1.6.0-openjdk-1.6.0.33.x86_64/jre/lib/ext/sunpkcs11.jar,/usr/share/tomcat/.jenkins/jobs/spring-petclinic/workspace/target/test-classes,/usr/share/tomcat/.jenkins/jobs/spring-petclinic/workspace/target/classes,/usr/share/tomcat/.m2/repository/org/jadira/usertype/usertype.core/3.2.0.GA/usertype.core-3.2.0.GA.jar,/usr/share/tomcat/.m2/repository/org/jadira/usertype/usertype.spi/3.2.0.GA/usertype.spi-3.2.0.GA.jar,/usr/share/tomcat/.m2/repository/org/apache/tomcat/tomcat-servlet-api/7.0.30/tomcat-servlet-api-7.0.30.jar,/usr/share/tomcat/.m2/repository/javax/servlet/jsp/jsp-api/2.1/jsp-api-2.1.jar,/usr/share/tomcat/.m2/repository/org/glassfish/web/jstl-impl/1.2/jstl-impl-1.2.jar,/usr/share/tomcat/.m2/repository/javax/servlet/jsp/jstl/jstl-api/1.2/jstl-api-1.2.jar,/usr/share/tomcat/.m2/repository/com/sun/xml/bind/jaxb-impl/2.2.7/jaxb-impl-2.2.7.jar,/usr/share/tomcat/.m2/repository/com/sun/xml/bind/jaxb-impl/2.2.7/jaxb-api.jar,/usr/share/tomcat/.m2/repository/com/sun/xml/bind/jaxb-impl/2.2.7/jaxb-core.jar,/usr/share/tomcat/.m2/repository/com/sun/xml/bind/jaxb-core/2.2.7/jaxb-core-2.2.7.jar,/usr/share/tomcat/.m2/repository/com/sun/xml/bind/jaxb-core/2.2.7/jaxb-api.jar,/usr/share/tomcat/.m2/repository/javax/xml/bind/jaxb-api/2.2.7/jaxb-api-2.2.7.jar,/usr/share/tomcat/.m2/repository/com/sun/istack/istack-commons-runtime/2.16/istack-commons-runtime-2.16.jar,/usr/share/tomcat/.m2/repository/com/sun/xml/fastinfoset/FastInfoset/1.2.12/FastInfoset-1.2.12.jar,/usr/share/tomcat/.m2/repository/javax/xml/bind/jsr173_api/1.0/jsr173_api-1.0.jar,/usr/share/tomcat/.m2/repository/org/springframework/data/spring-data-jpa/1.7.1.RELEASE/spring-data-jpa-1.7.1.RELEASE.jar,/usr/share/tomcat/.m2/repository/org/springframework/data/spring-data-commons/1.9.1.RELEASE/spring-data-commons-1.9.1.RELEASE.jar,/usr/share/tomcat/.m2/repository/org/springframework/spring-context/4.1.1.RELEASE/spring-context-4.1.1.RELEASE.jar,/usr/share/tomcat/.m2/repository/org/springframework/spring-beans/4.1.1.RELEASE/spring-beans-4.1.1.RELEASE.jar,/usr/share/tomcat/.m2/repository/org/springframework/spring-core/4.1.1.RELEASE/spring-core-4.1.1.RELEASE.jar,/usr/share/tomcat/.m2/repository/org/slf4j/jcl-over-slf4j/1.7.7/jcl-over-slf4j-1.7.7.jar,/usr/share/tomcat/.m2/repository/org/springframework/spring-jdbc/4.1.1.RELEASE/spring-jdbc-4.1.1.RELEASE.jar,/usr/share/tomcat/.m2/repository/org/springframework/spring-aop/4.1.1.RELEASE/spring-aop-4.1.1.RELEASE.jar,/usr/share/tomcat/.m2/repository/aopalliance/aopalliance/1.0/aopalliance-1.0.jar,/usr/share/tomcat/.m2/repository/org/springframework/spring-webmvc/4.1.1.RELEASE/spring-webmvc-4.1.1.RELEASE.jar,/usr/share/tomcat/.m2/repository/org/springframework/spring-expression/4.1.1.RELEASE/spring-expression-4.1.1.RELEASE.jar,/usr/share/tomcat/.m2/repository/org/springframework/spring-web/4.1.1.RELEASE/spring-web-4.1.1.RELEASE.jar,/usr/share/tomcat/.m2/repository/org/springframework/spring-tx/4.1.1.RELEASE/spring-tx-4.1.1.RELEASE.jar,/usr/share/tomcat/.m2/repository/org/springframework/spring-context-support/4.1.1.RELEASE/spring-context-support-4.1.1.RELEASE.jar,/usr/share/tomcat/.m2/repository/org/springframework/spring-orm/4.1.1.RELEASE/spring-orm-4.1.1.RELEASE.jar,/usr/share/tomcat/.m2/repository/org/springframework/spring-oxm/4.1.1.RELEASE/spring-oxm-4.1.1.RELEASE.jar,/usr/share/tomcat/.m2/repository/org/springframework/spring-jms/4.1.1.RELEASE/spring-jms-4.1.1.RELEASE.jar,/usr/share/tomcat/.m2/repository/org/springframework/spring-messaging/4.1.1.RELEASE/spring-messaging-4.1.1.RELEASE.jar,/usr/share/tomcat/.m2/repository/org/apache/tomcat/tomcat-jdbc/7.0.42/tomcat-jdbc-7.0.42.jar,/usr/share/tomcat/.m2/repository/org/apache/tomcat/tomcat-juli/7.0.42/tomcat-juli-7.0.42.jar,/usr/share/tomcat/.m2/repository/org/slf4j/slf4j-api/1.7.7/slf4j-api-1.7.7.jar,/usr/share/tomcat/.m2/repository/ch/qos/logback/logback-classic/1.1.2/logback-classic-1.1.2.jar,/usr/share/tomcat/.m2/repository/ch/qos/logback/logback-core/1.1.2/logback-core-1.1.2.jar,/usr/share/tomcat/.m2/repository/com/rometools/rome/1.5.0/rome-1.5.0.jar,/usr/share/tomcat/.m2/repository/com/rometools/rome-utils/1.5.0/rome-utils-1.5.0.jar,/usr/share/tomcat/.m2/repository/org/jdom/jdom/2.0.2/jdom-2.0.2.jar,/usr/share/tomcat/.m2/repository/joda-time/joda-time/2.5/joda-time-2.5.jar,/usr/share/tomcat/.m2/repository/joda-time/joda-time-hibernate/1.3/joda-time-hibernate-1.3.jar,/usr/share/tomcat/.m2/repository/joda-time/joda-time-jsptags/1.1.1/joda-time-jsptags-1.1.1.jar,/usr/share/tomcat/.m2/repository/mysql/mysql-connector-java/5.1.22/mysql-connector-java-5.1.22.jar,/usr/share/tomcat/.m2/repository/org/hibernate/hibernate-entitymanager/4.3.6.Final/hibernate-entitymanager-4.3.6.Final.jar,/usr/share/tomcat/.m2/repository/org/jboss/logging/jboss-logging/3.1.3.GA/jboss-logging-3.1.3.GA.jar,/usr/share/tomcat/.m2/repository/org/jboss/logging/jboss-logging-annotations/1.2.0.Beta1/jboss-logging-annotations-1.2.0.Beta1.jar,/usr/share/tomcat/.m2/repository/org/hibernate/hibernate-core/4.3.6.Final/hibernate-core-4.3.6.Final.jar,/usr/share/tomcat/.m2/repository/antlr/antlr/2.7.7/antlr-2.7.7.jar,/usr/share/tomcat/.m2/repository/org/jboss/jandex/1.1.0.Final/jandex-1.1.0.Final.jar,/usr/share/tomcat/.m2/repository/dom4j/dom4j/1.6.1/dom4j-1.6.1.jar,/usr/share/tomcat/.m2/repository/xml-apis/xml-apis/1.0.b2/xml-apis-1.0.b2.jar,/usr/share/tomcat/.m2/repository/org/hibernate/common/hibernate-commons-annotations/4.0.5.Final/hibernate-commons-annotations-4.0.5.Final.jar,/usr/share/tomcat/.m2/repository/org/hibernate/javax/persistence/hibernate-jpa-2.1-api/1.0.0.Final/hibernate-jpa-2.1-api-1.0.0.Final.jar,/usr/share/tomcat/.m2/repository/org/jboss/spec/javax/transaction/jboss-transaction-api_1.2_spec/1.0.0.Final/jboss-transaction-api_1.2_spec-1.0.0.Final.jar,/usr/share/tomcat/.m2/repository/org/javassist/javassist/3.18.1-GA/javassist-3.18.1-GA.jar,/usr/share/tomcat/.m2/repository/org/hibernate/hibernate-validator/4.3.1.Final/hibernate-validator-4.3.1.Final.jar,/usr/share/tomcat/.m2/repository/javax/validation/validation-api/1.0.0.GA/validation-api-1.0.0.GA.jar,/usr/share/tomcat/.m2/repository/org/hibernate/hibernate-ehcache/4.3.6.Final/hibernate-ehcache-4.3.6.Final.jar,/usr/share/tomcat/.m2/repository/net/sf/ehcache/ehcache-core/2.6.9/ehcache-core-2.6.9.jar,/usr/share/tomcat/.m2/repository/org/webjars/bootstrap/2.3.0/bootstrap-2.3.0.jar,/usr/share/tomcat/.m2/repository/org/webjars/jquery-ui/1.10.3/jquery-ui-1.10.3.jar,/usr/share/tomcat/.m2/repository/org/webjars/jquery/2.0.3-1/jquery-2.0.3-1.jar,/usr/share/tomcat/.m2/repository/org/springframework/spring-test/4.1.1.RELEASE/spring-test-4.1.1.RELEASE.jar,/usr/share/tomcat/.m2/repository/junit/junit/4.11/junit-4.11.jar,/usr/share/tomcat/.m2/repository/org/hamcrest/hamcrest-core/1.3/hamcrest-core-1.3.jar,/usr/share/tomcat/.m2/repository/org/hamcrest/hamcrest-library/1.3/hamcrest-library-1.3.jar,/usr/share/tomcat/.m2/repository/org/aspectj/aspectjrt/1.8.4/aspectjrt-1.8.4.jar,/usr/share/tomcat/.m2/repository/org/aspectj/aspectjweaver/1.8.4/aspectjweaver-1.8.4.jar,/usr/share/tomcat/.m2/repository/com/github/dandelion/datatables-jsp/0.10.1/datatables-jsp-0.10.1.jar,/usr/share/tomcat/.m2/repository/com/github/dandelion/datatables-core/0.10.1/datatables-core-0.10.1.jar,/usr/share/tomcat/.m2/repository/com/github/dandelion/dandelion-core/0.10.1/dandelion-core-0.10.1.jar,/usr/share/tomcat/.m2/repository/com/fasterxml/jackson/core/jackson-core/2.3.1/jackson-core-2.3.1.jar,/usr/share/tomcat/.m2/repository/com/fasterxml/jackson/core/jackson-annotations/2.3.1/jackson-annotations-2.3.1.jar,/usr/share/tomcat/.m2/repository/com/fasterxml/jackson/core/jackson-databind/2.3.1/jackson-databind-2.3.1.jar,/usr/share/tomcat/.m2/repository/com/googlecode/json-simple/json-simple/1.1.1/json-simple-1.1.1.jar,/usr/share/tomcat/.m2/repository/commons-beanutils/commons-beanutils/1.8.3/commons-beanutils-1.8.3.jar,/usr/share/tomcat/.m2/repository/com/github/dandelion/dandelion-jsp/0.10.1/dandelion-jsp-0.10.1.jar,/usr/share/tomcat/.m2/repository/com/github/dandelion/datatables-export-itext/0.10.1/datatables-export-itext-0.10.1.jar,/usr/share/tomcat/.m2/repository/com/itextpdf/itextpdf/5.4.5/itextpdf-5.4.5.jar,.]
[loading ZipFileIndexFileObject[/usr/lib/jvm/java-1.6.0-openjdk-1.6.0.33.x86_64/lib/ct.sym(META-INF/sym/rt.jar/java/util/Locale.class)]]
[loading ZipFileIndexFileObject[/usr/lib/jvm/java-1.6.0-openjdk-1.6.0.33.x86_64/lib/ct.sym(META-INF/sym/rt.jar/java/util/Set.class)]]
[loading ZipFileIndexFileObject[/usr/share/tomcat/.m2/repository/javax/validation/validation-api/1.0.0.GA/validation-api-1.0.0.GA.jar(javax/validation/ConstraintViolation.class)]]
[loading ZipFileIndexFileObject[/usr/share/tomcat/.m2/repository/javax/validation/validation-api/1.0.0.GA/validation-api-1.0.0.GA.jar(javax/validation/Validator.class)]]
[loading ZipFileIndexFileObject[/usr/share/tomcat/.m2/repository/junit/junit/4.11/junit-4.11.jar(org/junit/Assert.class)]]
[loading ZipFileIndexFileObject[/usr/share/tomcat/.m2/repository/junit/junit/4.11/junit-4.11.jar(org/junit/Test.class)]]
[loading ZipFileIndexFileObject[/usr/share/tomcat/.m2/repository/junit/junit/4.11/junit-4.11.jar(org/junit/runner/RunWith.class)]]
[loading ZipFileIndexFileObject[/usr/share/tomcat/.m2/repository/org/springframework/spring-beans/4.1.1.RELEASE/spring-beans-4.1.1.RELEASE.jar(org/springframework/beans/factory/annotation/Autowired.class)]]
[loading ZipFileIndexFileObject[/usr/share/tomcat/.m2/repository/org/springframework/spring-context/4.1.1.RELEASE/spring-context-4.1.1.RELEASE.jar(org/springframework/context/i18n/LocaleContextHolder.class)]]
[loading ZipFileIndexFileObject[/usr/share/tomcat/.m2/repository/org/springframework/spring-test/4.1.1.RELEASE/spring-test-4.1.1.RELEASE.jar(org/springframework/test/context/ContextConfiguration.class)]]
[loading ZipFileIndexFileObject[/usr/share/tomcat/.m2/repository/org/springframework/spring-test/4.1.1.RELEASE/spring-test-4.1.1.RELEASE.jar(org/springframework/test/context/junit4/SpringJUnit4ClassRunner.class)]]
[loading ZipFileIndexFileObject[/usr/share/tomcat/.m2/repository/org/springframework/spring-context/4.1.1.RELEASE/spring-context-4.1.1.RELEASE.jar(org/springframework/validation/beanvalidation/LocalValidatorFactoryBean.class)]]
[loading ZipFileIndexFileObject[/usr/lib/jvm/java-1.6.0-openjdk-1.6.0.33.x86_64/lib/ct.sym(META-INF/sym/rt.jar/java/lang/Object.class)]]
[loading ZipFileIndexFileObject[/usr/lib/jvm/java-1.6.0-openjdk-1.6.0.33.x86_64/lib/ct.sym(META-INF/sym/rt.jar/java/util/Collection.class)]]
[loading ZipFileIndexFileObject[/usr/share/tomcat/.m2/repository/joda-time/joda-time/2.5/joda-time-2.5.jar(org/joda/time/DateTime.class)]]
[loading RegularFileObject[/usr/share/tomcat/.jenkins/jobs/spring-petclinic/workspace/target/classes/org/springframework/samples/petclinic/model/Owner.class]]
[loading RegularFileObject[/usr/share/tomcat/.jenkins/jobs/spring-petclinic/workspace/target/classes/org/springframework/samples/petclinic/model/Pet.class]]
[loading RegularFileObject[/usr/share/tomcat/.jenkins/jobs/spring-petclinic/workspace/target/classes/org/springframework/samples/petclinic/model/PetType.class]]
[loading RegularFileObject[/usr/share/tomcat/.jenkins/jobs/spring-petclinic/workspace/target/classes/org/springframework/samples/petclinic/model/Vet.class]]
[loading RegularFileObject[/usr/share/tomcat/.jenkins/jobs/spring-petclinic/workspace/target/classes/org/springframework/samples/petclinic/model/Visit.class]]
[loading RegularFileObject[/usr/share/tomcat/.jenkins/jobs/spring-petclinic/workspace/target/classes/org/springframework/samples/petclinic/util/EntityUtils.class]]
[loading ZipFileIndexFileObject[/usr/share/tomcat/.m2/repository/org/springframework/spring-tx/4.1.1.RELEASE/spring-tx-4.1.1.RELEASE.jar(org/springframework/transaction/annotation/Transactional.class)]]
[loading RegularFileObject[/usr/share/tomcat/.jenkins/jobs/spring-petclinic/workspace/target/classes/org/springframework/samples/petclinic/service/ClinicService.class]]
[loading ZipFileIndexFileObject[/usr/lib/jvm/java-1.6.0-openjdk-1.6.0.33.x86_64/lib/ct.sym(META-INF/sym/rt.jar/java/lang/Exception.class)]]
[loading ZipFileIndexFileObject[/usr/share/tomcat/.m2/repository/org/hamcrest/hamcrest-library/1.3/hamcrest-library-1.3.jar(org/hamcrest/Matchers.class)]]
[loading ZipFileIndexFileObject[/usr/share/tomcat/.m2/repository/org/springframework/spring-test/4.1.1.RELEASE/spring-test-4.1.1.RELEASE.jar(org/springframework/test/web/servlet/request/MockMvcRequestBuilders.class)]]
[loading ZipFileIndexFileObject[/usr/share/tomcat/.m2/repository/org/springframework/spring-test/4.1.1.RELEASE/spring-test-4.1.1.RELEASE.jar(org/springframework/test/web/servlet/result/MockMvcResultHandlers.class)]]
[loading ZipFileIndexFileObject[/usr/share/tomcat/.m2/repository/org/springframework/spring-test/4.1.1.RELEASE/spring-test-4.1.1.RELEASE.jar(org/springframework/test/web/servlet/result/MockMvcResultMatchers.class)]]
[loading ZipFileIndexFileObject[/usr/share/tomcat/.m2/repository/junit/junit/4.11/junit-4.11.jar(org/junit/Before.class)]]
[loading ZipFileIndexFileObject[/usr/share/tomcat/.m2/repository/org/springframework/spring-web/4.1.1.RELEASE/spring-web-4.1.1.RELEASE.jar(org/springframework/http/MediaType.class)]]
[loading ZipFileIndexFileObject[/usr/share/tomcat/.m2/repository/org/springframework/spring-test/4.1.1.RELEASE/spring-test-4.1.1.RELEASE.jar(org/springframework/test/context/ActiveProfiles.class)]]
[loading ZipFileIndexFileObject[/usr/share/tomcat/.m2/repository/org/springframework/spring-test/4.1.1.RELEASE/spring-test-4.1.1.RELEASE.jar(org/springframework/test/context/web/WebAppConfiguration.class)]]
[loading ZipFileIndexFileObject[/usr/share/tomcat/.m2/repository/org/springframework/spring-test/4.1.1.RELEASE/spring-test-4.1.1.RELEASE.jar(org/springframework/test/web/servlet/MockMvc.class)]]
[loading ZipFileIndexFileObject[/usr/share/tomcat/.m2/repository/org/springframework/spring-test/4.1.1.RELEASE/spring-test-4.1.1.RELEASE.jar(org/springframework/test/web/servlet/ResultActions.class)]]
[loading ZipFileIndexFileObject[/usr/share/tomcat/.m2/repository/org/springframework/spring-test/4.1.1.RELEASE/spring-test-4.1.1.RELEASE.jar(org/springframework/test/web/servlet/setup/MockMvcBuilders.class)]]
[loading ZipFileIndexFileObject[/usr/share/tomcat/.m2/repository/org/springframework/spring-web/4.1.1.RELEASE/spring-web-4.1.1.RELEASE.jar(org/springframework/web/context/WebApplicationContext.class)]]
[loading ZipFileIndexFileObject[/usr/lib/jvm/java-1.6.0-openjdk-1.6.0.33.x86_64/lib/ct.sym(META-INF/sym/rt.jar/java/lang/annotation/Retention.class)]]
[loading ZipFileIndexFileObject[/usr/lib/jvm/java-1.6.0-openjdk-1.6.0.33.x86_64/lib/ct.sym(META-INF/sym/rt.jar/java/lang/annotation/RetentionPolicy.class)]]
[loading ZipFileIndexFileObject[/usr/lib/jvm/java-1.6.0-openjdk-1.6.0.33.x86_64/lib/ct.sym(META-INF/sym/rt.jar/java/lang/annotation/Target.class)]]
[loading ZipFileIndexFileObject[/usr/lib/jvm/java-1.6.0-openjdk-1.6.0.33.x86_64/lib/ct.sym(META-INF/sym/rt.jar/java/lang/annotation/ElementType.class)]]
[loading ZipFileIndexFileObject[/usr/lib/jvm/java-1.6.0-openjdk-1.6.0.33.x86_64/lib/ct.sym(META-INF/sym/rt.jar/java/lang/annotation/Annotation.class)]]
[loading ZipFileIndexFileObject[/usr/share/tomcat/.m2/repository/org/hibernate/javax/persistence/hibernate-jpa-2.1-api/1.0.0.Final/hibernate-jpa-2.1-api-1.0.0.Final.jar(javax/persistence/Table.class)]]
[loading ZipFileIndexFileObject[/usr/share/tomcat/.m2/repository/org/hibernate/javax/persistence/hibernate-jpa-2.1-api/1.0.0.Final/hibernate-jpa-2.1-api-1.0.0.Final.jar(javax/persistence/Column.class)]]
[loading ZipFileIndexFileObject[/usr/share/tomcat/.m2/repository/javax/validation/validation-api/1.0.0.GA/validation-api-1.0.0.GA.jar(javax/validation/constraints/Digits.class)]]
[loading ZipFileIndexFileObject[/usr/share/tomcat/.m2/repository/org/hibernate/javax/persistence/hibernate-jpa-2.1-api/1.0.0.Final/hibernate-jpa-2.1-api-1.0.0.Final.jar(javax/persistence/OneToMany.class)]]
[loading ZipFileIndexFileObject[/usr/share/tomcat/.m2/repository/org/hibernate/javax/persistence/hibernate-jpa-2.1-api/1.0.0.Final/hibernate-jpa-2.1-api-1.0.0.Final.jar(javax/persistence/CascadeType.class)]]
[loading ZipFileIndexFileObject[/usr/share/tomcat/.m2/repository/org/hibernate/hibernate-core/4.3.6.Final/hibernate-core-4.3.6.Final.jar(org/hibernate/annotations/Type.class)]]
[loading ZipFileIndexFileObject[/usr/share/tomcat/.m2/repository/org/springframework/spring-context/4.1.1.RELEASE/spring-context-4.1.1.RELEASE.jar(org/springframework/format/annotation/DateTimeFormat.class)]]
[loading ZipFileIndexFileObject[/usr/share/tomcat/.m2/repository/org/hibernate/javax/persistence/hibernate-jpa-2.1-api/1.0.0.Final/hibernate-jpa-2.1-api-1.0.0.Final.jar(javax/persistence/JoinColumn.class)]]
[loading ZipFileIndexFileObject[/usr/share/tomcat/.m2/repository/org/hibernate/javax/persistence/hibernate-jpa-2.1-api/1.0.0.Final/hibernate-jpa-2.1-api-1.0.0.Final.jar(javax/persistence/FetchType.class)]]
[loading ZipFileIndexFileObject[/usr/share/tomcat/.m2/repository/org/hibernate/javax/persistence/hibernate-jpa-2.1-api/1.0.0.Final/hibernate-jpa-2.1-api-1.0.0.Final.jar(javax/persistence/ManyToMany.class)]]
[loading ZipFileIndexFileObject[/usr/share/tomcat/.m2/repository/org/hibernate/javax/persistence/hibernate-jpa-2.1-api/1.0.0.Final/hibernate-jpa-2.1-api-1.0.0.Final.jar(javax/persistence/JoinTable.class)]]
[loading ZipFileIndexFileObject[/usr/share/tomcat/.m2/repository/org/springframework/spring-tx/4.1.1.RELEASE/spring-tx-4.1.1.RELEASE.jar(org/springframework/transaction/annotation/Propagation.class)]]
[loading ZipFileIndexFileObject[/usr/share/tomcat/.m2/repository/org/springframework/spring-tx/4.1.1.RELEASE/spring-tx-4.1.1.RELEASE.jar(org/springframework/transaction/annotation/Isolation.class)]]
[loading ZipFileIndexFileObject[/usr/share/tomcat/.m2/repository/org/springframework/spring-test/4.1.1.RELEASE/spring-test-4.1.1.RELEASE.jar(org/springframework/test/context/BootstrapWith.class)]]
[loading ZipFileIndexFileObject[/usr/lib/jvm/java-1.6.0-openjdk-1.6.0.33.x86_64/lib/ct.sym(META-INF/sym/rt.jar/java/lang/Class.class)]]
[loading ZipFileIndexFileObject[/usr/share/tomcat/.m2/repository/junit/junit/4.11/junit-4.11.jar(org/junit/runners/BlockJUnit4ClassRunner.class)]]
[loading ZipFileIndexFileObject[/usr/share/tomcat/.m2/repository/junit/junit/4.11/junit-4.11.jar(org/junit/runners/ParentRunner.class)]]
[loading ZipFileIndexFileObject[/usr/lib/jvm/java-1.6.0-openjdk-1.6.0.33.x86_64/lib/ct.sym(META-INF/sym/rt.jar/java/lang/String.class)]]
[loading ZipFileIndexFileObject[/usr/share/tomcat/.m2/repository/javax/validation/validation-api/1.0.0.GA/validation-api-1.0.0.GA.jar(javax/validation/Constraint.class)]]
[loading ZipFileIndexFileObject[/usr/share/tomcat/.m2/repository/org/springframework/spring-context/4.1.1.RELEASE/spring-context-4.1.1.RELEASE.jar(org/springframework/format/annotation/DateTimeFormat$ISO.class)]]
[loading ZipFileIndexFileObject[/usr/share/tomcat/.m2/repository/org/hibernate/javax/persistence/hibernate-jpa-2.1-api/1.0.0.Final/hibernate-jpa-2.1-api-1.0.0.Final.jar(javax/persistence/ForeignKey.class)]]
[loading ZipFileIndexFileObject[/usr/share/tomcat/.m2/repository/org/hibernate/javax/persistence/hibernate-jpa-2.1-api/1.0.0.Final/hibernate-jpa-2.1-api-1.0.0.Final.jar(javax/persistence/ConstraintMode.class)]]
[checking org.springframework.samples.petclinic.model.ValidatorTests]
[loading ZipFileIndexFileObject[/usr/share/tomcat/.m2/repository/org/springframework/spring-context/4.1.1.RELEASE/spring-context-4.1.1.RELEASE.jar(org/springframework/validation/beanvalidation/SpringValidatorAdapter.class)]]
[loading ZipFileIndexFileObject[/usr/share/tomcat/.m2/repository/org/springframework/spring-context/4.1.1.RELEASE/spring-context-4.1.1.RELEASE.jar(org/springframework/validation/SmartValidator.class)]]
[loading ZipFileIndexFileObject[/usr/share/tomcat/.m2/repository/org/springframework/spring-context/4.1.1.RELEASE/spring-context-4.1.1.RELEASE.jar(org/springframework/validation/Validator.class)]]
[loading RegularFileObject[/usr/share/tomcat/.jenkins/jobs/spring-petclinic/workspace/target/classes/org/springframework/samples/petclinic/model/Person.class]]
[loading RegularFileObject[/usr/share/tomcat/.jenkins/jobs/spring-petclinic/workspace/target/classes/org/springframework/samples/petclinic/model/BaseEntity.class]]
[loading ZipFileIndexFileObject[/usr/share/tomcat/.m2/repository/org/hibernate/javax/persistence/hibernate-jpa-2.1-api/1.0.0.Final/hibernate-jpa-2.1-api-1.0.0.Final.jar(javax/persistence/GeneratedValue.class)]]
[loading ZipFileIndexFileObject[/usr/share/tomcat/.m2/repository/org/hibernate/javax/persistence/hibernate-jpa-2.1-api/1.0.0.Final/hibernate-jpa-2.1-api-1.0.0.Final.jar(javax/persistence/GenerationType.class)]]
[loading ZipFileIndexFileObject[/usr/lib/jvm/java-1.6.0-openjdk-1.6.0.33.x86_64/lib/ct.sym(META-INF/sym/rt.jar/java/lang/Iterable.class)]]
[loading ZipFileIndexFileObject[/usr/lib/jvm/java-1.6.0-openjdk-1.6.0.33.x86_64/lib/ct.sym(META-INF/sym/rt.jar/java/util/Iterator.class)]]
[loading ZipFileIndexFileObject[/usr/share/tomcat/.m2/repository/javax/validation/validation-api/1.0.0.GA/validation-api-1.0.0.GA.jar(javax/validation/Path.class)]]
[loading ZipFileIndexFileObject[/usr/lib/jvm/java-1.6.0-openjdk-1.6.0.33.x86_64/lib/ct.sym(META-INF/sym/rt.jar/java/io/Serializable.class)]]
[wrote RegularFileObject[/usr/share/tomcat/.jenkins/jobs/spring-petclinic/workspace/target/test-classes/org/springframework/samples/petclinic/model/ValidatorTests.class]]
[checking org.springframework.samples.petclinic.service.AbstractClinicServiceTests]
[loading ZipFileIndexFileObject[/usr/lib/jvm/java-1.6.0-openjdk-1.6.0.33.x86_64/lib/ct.sym(META-INF/sym/rt.jar/java/util/List.class)]]
[loading ZipFileIndexFileObject[/usr/lib/jvm/java-1.6.0-openjdk-1.6.0.33.x86_64/lib/ct.sym(META-INF/sym/rt.jar/java/lang/Integer.class)]]
[loading ZipFileIndexFileObject[/usr/lib/jvm/java-1.6.0-openjdk-1.6.0.33.x86_64/lib/ct.sym(META-INF/sym/rt.jar/java/lang/Number.class)]]
[loading ZipFileIndexFileObject[/usr/lib/jvm/java-1.6.0-openjdk-1.6.0.33.x86_64/lib/ct.sym(META-INF/sym/rt.jar/java/lang/Throwable.class)]]
[loading RegularFileObject[/usr/share/tomcat/.jenkins/jobs/spring-petclinic/workspace/target/classes/org/springframework/samples/petclinic/model/NamedEntity.class]]
[loading ZipFileIndexFileObject[/usr/share/tomcat/.m2/repository/org/springframework/spring-orm/4.1.1.RELEASE/spring-orm-4.1.1.RELEASE.jar(org/springframework/orm/ObjectRetrievalFailureException.class)]]
[loading ZipFileIndexFileObject[/usr/share/tomcat/.m2/repository/joda-time/joda-time/2.5/joda-time-2.5.jar(org/joda/time/base/BaseDateTime.class)]]
[loading ZipFileIndexFileObject[/usr/share/tomcat/.m2/repository/joda-time/joda-time/2.5/joda-time-2.5.jar(org/joda/time/base/AbstractDateTime.class)]]
[loading ZipFileIndexFileObject[/usr/share/tomcat/.m2/repository/joda-time/joda-time/2.5/joda-time-2.5.jar(org/joda/time/base/AbstractInstant.class)]]
[loading RegularFileObject[/usr/share/tomcat/.jenkins/jobs/spring-petclinic/workspace/target/classes/org/springframework/samples/petclinic/model/Specialty.class]]
[loading ZipFileIndexFileObject[/usr/lib/jvm/java-1.6.0-openjdk-1.6.0.33.x86_64/lib/ct.sym(META-INF/sym/rt.jar/java/lang/Error.class)]]
[loading ZipFileIndexFileObject[/usr/share/tomcat/.m2/repository/org/springframework/spring-tx/4.1.1.RELEASE/spring-tx-4.1.1.RELEASE.jar(org/springframework/dao/DataAccessException.class)]]
[loading ZipFileIndexFileObject[/usr/share/tomcat/.m2/repository/org/springframework/spring-core/4.1.1.RELEASE/spring-core-4.1.1.RELEASE.jar(org/springframework/core/NestedRuntimeException.class)]]
[loading ZipFileIndexFileObject[/usr/lib/jvm/java-1.6.0-openjdk-1.6.0.33.x86_64/lib/ct.sym(META-INF/sym/rt.jar/java/lang/RuntimeException.class)]]
[loading ZipFileIndexFileObject[/usr/share/tomcat/.m2/repository/org/springframework/spring-tx/4.1.1.RELEASE/spring-tx-4.1.1.RELEASE.jar(org/springframework/dao/DataRetrievalFailureException.class)]]
[loading ZipFileIndexFileObject[/usr/share/tomcat/.m2/repository/org/springframework/spring-tx/4.1.1.RELEASE/spring-tx-4.1.1.RELEASE.jar(org/springframework/dao/NonTransientDataAccessException.class)]]
[loading ZipFileIndexFileObject[/usr/lib/jvm/java-1.6.0-openjdk-1.6.0.33.x86_64/lib/ct.sym(META-INF/sym/rt.jar/java/lang/StringBuilder.class)]]
[loading ZipFileIndexFileObject[/usr/lib/jvm/java-1.6.0-openjdk-1.6.0.33.x86_64/lib/ct.sym(META-INF/sym/rt.jar/java/lang/AbstractStringBuilder.class)]]
[loading ZipFileIndexFileObject[/usr/lib/jvm/java-1.6.0-openjdk-1.6.0.33.x86_64/lib/ct.sym(META-INF/sym/rt.jar/java/lang/CharSequence.class)]]
[loading ZipFileIndexFileObject[/usr/lib/jvm/java-1.6.0-openjdk-1.6.0.33.x86_64/lib/ct.sym(META-INF/sym/rt.jar/java/lang/Comparable.class)]]
[loading ZipFileIndexFileObject[/usr/lib/jvm/java-1.6.0-openjdk-1.6.0.33.x86_64/lib/ct.sym(META-INF/sym/rt.jar/java/lang/StringBuffer.class)]]
[wrote RegularFileObject[/usr/share/tomcat/.jenkins/jobs/spring-petclinic/workspace/target/test-classes/org/springframework/samples/petclinic/service/AbstractClinicServiceTests.class]]
[checking org.springframework.samples.petclinic.web.VisitsViewTests]
[loading ZipFileIndexFileObject[/usr/share/tomcat/.m2/repository/org/springframework/spring-test/4.1.1.RELEASE/spring-test-4.1.1.RELEASE.jar(org/springframework/test/web/servlet/setup/DefaultMockMvcBuilder.class)]]
[loading ZipFileIndexFileObject[/usr/share/tomcat/.m2/repository/org/springframework/spring-test/4.1.1.RELEASE/spring-test-4.1.1.RELEASE.jar(org/springframework/test/web/servlet/setup/AbstractMockMvcBuilder.class)]]
[loading ZipFileIndexFileObject[/usr/share/tomcat/.m2/repository/org/springframework/spring-test/4.1.1.RELEASE/spring-test-4.1.1.RELEASE.jar(org/springframework/test/web/servlet/MockMvcBuilderSupport.class)]]
[loading ZipFileIndexFileObject[/usr/lib/jvm/java-1.6.0-openjdk-1.6.0.33.x86_64/lib/ct.sym(META-INF/sym/rt.jar/java/net/URI.class)]]
[loading ZipFileIndexFileObject[/usr/share/tomcat/.m2/repository/org/springframework/spring-test/4.1.1.RELEASE/spring-test-4.1.1.RELEASE.jar(org/springframework/test/web/servlet/request/MockHttpServletRequestBuilder.class)]]
[loading ZipFileIndexFileObject[/usr/share/tomcat/.m2/repository/org/springframework/spring-core/4.1.1.RELEASE/spring-core-4.1.1.RELEASE.jar(org/springframework/util/MimeType.class)]]
[loading ZipFileIndexFileObject[/usr/share/tomcat/.m2/repository/org/springframework/spring-test/4.1.1.RELEASE/spring-test-4.1.1.RELEASE.jar(org/springframework/test/web/servlet/RequestBuilder.class)]]
[loading ZipFileIndexFileObject[/usr/share/tomcat/.m2/repository/org/springframework/spring-test/4.1.1.RELEASE/spring-test-4.1.1.RELEASE.jar(org/springframework/test/web/servlet/request/ConfigurableSmartRequestBuilder.class)]]
[loading ZipFileIndexFileObject[/usr/share/tomcat/.m2/repository/org/springframework/spring-test/4.1.1.RELEASE/spring-test-4.1.1.RELEASE.jar(org/springframework/test/web/servlet/SmartRequestBuilder.class)]]
[loading ZipFileIndexFileObject[/usr/share/tomcat/.m2/repository/org/springframework/spring-test/4.1.1.RELEASE/spring-test-4.1.1.RELEASE.jar(org/springframework/test/web/servlet/ResultHandler.class)]]
[wrote RegularFileObject[/usr/share/tomcat/.jenkins/jobs/spring-petclinic/workspace/target/test-classes/org/springframework/samples/petclinic/web/VisitsViewTests.class]]
[checking org.springframework.samples.petclinic.model.OwnerTests]
[wrote RegularFileObject[/usr/share/tomcat/.jenkins/jobs/spring-petclinic/workspace/target/test-classes/org/springframework/samples/petclinic/model/OwnerTests.class]]
[checking org.springframework.samples.petclinic.service.ClinicServiceSpringDataJpaTests]
[wrote RegularFileObject[/usr/share/tomcat/.jenkins/jobs/spring-petclinic/workspace/target/test-classes/org/springframework/samples/petclinic/service/ClinicServiceSpringDataJpaTests.class]]
[checking org.springframework.samples.petclinic.service.ClinicServiceJdbcTests]
[wrote RegularFileObject[/usr/share/tomcat/.jenkins/jobs/spring-petclinic/workspace/target/test-classes/org/springframework/samples/petclinic/service/ClinicServiceJdbcTests.class]]
[checking org.springframework.samples.petclinic.service.ClinicServiceJpaTests]
[wrote RegularFileObject[/usr/share/tomcat/.jenkins/jobs/spring-petclinic/workspace/target/test-classes/org/springframework/samples/petclinic/service/ClinicServiceJpaTests.class]]
[total 2371ms]
[INFO] 
[INFO] --- maven-surefire-plugin:2.13:test (default-test) @ spring-petclinic ---
[INFO] Surefire report directory: /usr/share/tomcat/.jenkins/jobs/spring-petclinic/workspace/target/surefire-reports

-------------------------------------------------------
 T E S T S
-------------------------------------------------------
Running org.springframework.samples.petclinic.model.ValidatorTests
INFO  Version - HV000001: Hibernate Validator 4.3.1.Final
Tests run: 1, Failures: 0, Errors: 0, Skipped: 0, Time elapsed: 1.266 sec
Running org.springframework.samples.petclinic.model.OwnerTests
Tests run: 1, Failures: 0, Errors: 0, Skipped: 0, Time elapsed: 0 sec
Running org.springframework.samples.petclinic.service.ClinicServiceSpringDataJpaTests
INFO  DefaultTestContextBootstrapper - Loaded default TestExecutionListener class names from location [META-INF/spring.factories]: [org.springframework.test.context.web.ServletTestExecutionListener, org.springframework.test.context.support.DependencyInjectionTestExecutionListener, org.springframework.test.context.support.DirtiesContextTestExecutionListener, org.springframework.test.context.transaction.TransactionalTestExecutionListener, org.springframework.test.context.jdbc.SqlScriptsTestExecutionListener]
INFO  DefaultTestContextBootstrapper - Using TestExecutionListeners: [org.springframework.test.context.web.ServletTestExecutionListener@1cb7468d, org.springframework.test.context.support.DependencyInjectionTestExecutionListener@4478e1b5, org.springframework.test.context.support.DirtiesContextTestExecutionListener@5c2a5531, org.springframework.test.context.transaction.TransactionalTestExecutionListener@5f3f333c, org.springframework.test.context.jdbc.SqlScriptsTestExecutionListener@2e3cd8fe]
INFO  XmlBeanDefinitionReader - Loading XML bean definitions from class path resource [spring/business-config.xml]
INFO  XmlBeanDefinitionReader - Loading XML bean definitions from class path resource [spring/datasource-config.xml]
INFO  GenericApplicationContext - Refreshing org.springframework.context.support.GenericApplicationContext@3bc35be0: startup date [Tue Dec 16 13:57:09 EST 2014]; root of context hierarchy
INFO  PropertyPlaceholderConfigurer - Loading properties file from class path resource [spring/data-access.properties]
INFO  PropertyPlaceholderConfigurer - Loading properties file from class path resource [spring/data-access.properties]
INFO  LocalContainerEntityManagerFactoryBean - Building JPA container EntityManagerFactory for persistence unit 'petclinic'
INFO  LogHelper - HHH000204: Processing PersistenceUnitInfo [
	name: petclinic
	...]
INFO  Version - HHH000412: Hibernate Core {4.3.6.Final}
INFO  Environment - HHH000206: hibernate.properties not found
INFO  Environment - HHH000021: Bytecode provider name : javassist
INFO  Version - HCANN000001: Hibernate Commons Annotations {4.0.5.Final}
INFO  Dialect - HHH000400: Using dialect: org.hibernate.dialect.MySQLDialect
INFO  ASTQueryTranslatorFactory - HHH000397: Using ASTQueryTranslatorFactory
INFO  ScriptUtils - Executing SQL script from class path resource [db/mysql/initDB.sql]
INFO  ScriptUtils - Executed SQL script from class path resource [db/mysql/initDB.sql] in 158 ms.
INFO  ScriptUtils - Executing SQL script from class path resource [db/mysql/populateDB.sql]
INFO  ScriptUtils - Executed SQL script from class path resource [db/mysql/populateDB.sql] in 55 ms.
INFO  TransactionContext - Began transaction (1) for test context [DefaultTestContext@5288e65f testClass = ClinicServiceSpringDataJpaTests, testInstance = org.springframework.samples.petclinic.service.ClinicServiceSpringDataJpaTests@19cc914e, testMethod = updatePet@AbstractClinicServiceTests, testException = [null], mergedContextConfiguration = [MergedContextConfiguration@4557a51d testClass = ClinicServiceSpringDataJpaTests, locations = '{classpath:spring/business-config.xml}', classes = '{}', contextInitializerClasses = '[]', activeProfiles = '{spring-data-jpa}', propertySourceLocations = '{}', propertySourceProperties = '{}', contextLoader = 'org.springframework.test.context.support.DelegatingSmartContextLoader', parent = [null]]]; transaction manager [org.springframework.orm.jpa.JpaTransactionManager@7d19367b]; rollback [true]
Hibernate: select pet0_.id as id1_1_, pet0_.name as name2_1_, pet0_.birth_date as birth_da3_1_, pet0_.owner_id as owner_id4_1_, pet0_.type_id as type_id5_1_ from pets pet0_ where pet0_.id=?
Hibernate: select owner0_.id as id1_0_0_, owner0_.first_name as first_na2_0_0_, owner0_.last_name as last_nam3_0_0_, owner0_.address as address4_0_0_, owner0_.city as city5_0_0_, owner0_.telephone as telephon6_0_0_ from owners owner0_ where owner0_.id=?
Hibernate: select pettype0_.id as id1_3_0_, pettype0_.name as name2_3_0_ from types pettype0_ where pettype0_.id=?
Hibernate: select visits0_.pet_id as pet_id4_1_0_, visits0_.id as id1_6_0_, visits0_.id as id1_6_1_, visits0_.visit_date as visit_da2_6_1_, visits0_.description as descript3_6_1_, visits0_.pet_id as pet_id4_6_1_ from visits visits0_ where visits0_.pet_id=?
Hibernate: update pets set name=?, birth_date=?, owner_id=?, type_id=? where id=?
Hibernate: select pet0_.id as id1_1_, pet0_.name as name2_1_, pet0_.birth_date as birth_da3_1_, pet0_.owner_id as owner_id4_1_, pet0_.type_id as type_id5_1_ from pets pet0_ where pet0_.id=?
INFO  TransactionContext - Rolled back transaction for test context [DefaultTestContext@5288e65f testClass = ClinicServiceSpringDataJpaTests, testInstance = org.springframework.samples.petclinic.service.ClinicServiceSpringDataJpaTests@19cc914e, testMethod = updatePet@AbstractClinicServiceTests, testException = [null], mergedContextConfiguration = [MergedContextConfiguration@4557a51d testClass = ClinicServiceSpringDataJpaTests, locations = '{classpath:spring/business-config.xml}', classes = '{}', contextInitializerClasses = '[]', activeProfiles = '{spring-data-jpa}', propertySourceLocations = '{}', propertySourceProperties = '{}', contextLoader = 'org.springframework.test.context.support.DelegatingSmartContextLoader', parent = [null]]].
Hibernate: select pettype0_.id as id1_3_, pettype0_.name as name2_3_ from types pettype0_ order by pettype0_.name
Hibernate: select pettype0_.id as id1_3_, pettype0_.name as name2_3_ from types pettype0_ order by pettype0_.name
Hibernate: select pet0_.id as id1_1_, pet0_.name as name2_1_, pet0_.birth_date as birth_da3_1_, pet0_.owner_id as owner_id4_1_, pet0_.type_id as type_id5_1_ from pets pet0_ where pet0_.id=?
Hibernate: select owner0_.id as id1_0_0_, owner0_.first_name as first_na2_0_0_, owner0_.last_name as last_nam3_0_0_, owner0_.address as address4_0_0_, owner0_.city as city5_0_0_, owner0_.telephone as telephon6_0_0_ from owners owner0_ where owner0_.id=?
Hibernate: select pettype0_.id as id1_3_0_, pettype0_.name as name2_3_0_ from types pettype0_ where pettype0_.id=?
Hibernate: select visits0_.pet_id as pet_id4_1_0_, visits0_.id as id1_6_0_, visits0_.id as id1_6_1_, visits0_.visit_date as visit_da2_6_1_, visits0_.description as descript3_6_1_, visits0_.pet_id as pet_id4_6_1_ from visits visits0_ where visits0_.pet_id=?
Hibernate: select pet0_.id as id1_1_, pet0_.name as name2_1_, pet0_.birth_date as birth_da3_1_, pet0_.owner_id as owner_id4_1_, pet0_.type_id as type_id5_1_ from pets pet0_ where pet0_.id=?
Hibernate: select owner0_.id as id1_0_0_, owner0_.first_name as first_na2_0_0_, owner0_.last_name as last_nam3_0_0_, owner0_.address as address4_0_0_, owner0_.city as city5_0_0_, owner0_.telephone as telephon6_0_0_ from owners owner0_ where owner0_.id=?
Hibernate: select pettype0_.id as id1_3_0_, pettype0_.name as name2_3_0_ from types pettype0_ where pettype0_.id=?
Hibernate: select visits0_.pet_id as pet_id4_1_0_, visits0_.id as id1_6_0_, visits0_.id as id1_6_1_, visits0_.visit_date as visit_da2_6_1_, visits0_.description as descript3_6_1_, visits0_.pet_id as pet_id4_6_1_ from visits visits0_ where visits0_.pet_id=?
Hibernate: select vet0_.id as id1_5_, vet0_.first_name as first_na2_5_, vet0_.last_name as last_nam3_5_ from vets vet0_
Hibernate: select specialtie0_.vet_id as vet_id1_5_0_, specialtie0_.specialty_id as specialt2_4_0_, specialty1_.id as id1_2_1_, specialty1_.name as name2_2_1_ from vet_specialties specialtie0_ inner join specialties specialty1_ on specialtie0_.specialty_id=specialty1_.id where specialtie0_.vet_id=?
Hibernate: select specialtie0_.vet_id as vet_id1_5_0_, specialtie0_.specialty_id as specialt2_4_0_, specialty1_.id as id1_2_1_, specialty1_.name as name2_2_1_ from vet_specialties specialtie0_ inner join specialties specialty1_ on specialtie0_.specialty_id=specialty1_.id where specialtie0_.vet_id=?
Hibernate: select specialtie0_.vet_id as vet_id1_5_0_, specialtie0_.specialty_id as specialt2_4_0_, specialty1_.id as id1_2_1_, specialty1_.name as name2_2_1_ from vet_specialties specialtie0_ inner join specialties specialty1_ on specialtie0_.specialty_id=specialty1_.id where specialtie0_.vet_id=?
Hibernate: select specialtie0_.vet_id as vet_id1_5_0_, specialtie0_.specialty_id as specialt2_4_0_, specialty1_.id as id1_2_1_, specialty1_.name as name2_2_1_ from vet_specialties specialtie0_ inner join specialties specialty1_ on specialtie0_.specialty_id=specialty1_.id where specialtie0_.vet_id=?
Hibernate: select specialtie0_.vet_id as vet_id1_5_0_, specialtie0_.specialty_id as specialt2_4_0_, specialty1_.id as id1_2_1_, specialty1_.name as name2_2_1_ from vet_specialties specialtie0_ inner join specialties specialty1_ on specialtie0_.specialty_id=specialty1_.id where specialtie0_.vet_id=?
Hibernate: select specialtie0_.vet_id as vet_id1_5_0_, specialtie0_.specialty_id as specialt2_4_0_, specialty1_.id as id1_2_1_, specialty1_.name as name2_2_1_ from vet_specialties specialtie0_ inner join specialties specialty1_ on specialtie0_.specialty_id=specialty1_.id where specialtie0_.vet_id=?
INFO  TransactionContext - Began transaction (1) for test context [DefaultTestContext@5288e65f testClass = ClinicServiceSpringDataJpaTests, testInstance = org.springframework.samples.petclinic.service.ClinicServiceSpringDataJpaTests@26e2636, testMethod = updateOwner@AbstractClinicServiceTests, testException = [null], mergedContextConfiguration = [MergedContextConfiguration@4557a51d testClass = ClinicServiceSpringDataJpaTests, locations = '{classpath:spring/business-config.xml}', classes = '{}', contextInitializerClasses = '[]', activeProfiles = '{spring-data-jpa}', propertySourceLocations = '{}', propertySourceProperties = '{}', contextLoader = 'org.springframework.test.context.support.DelegatingSmartContextLoader', parent = [null]]]; transaction manager [org.springframework.orm.jpa.JpaTransactionManager@7d19367b]; rollback [true]
Hibernate: select owner0_.id as id1_0_0_, pets1_.id as id1_1_1_, owner0_.first_name as first_na2_0_0_, owner0_.last_name as last_nam3_0_0_, owner0_.address as address4_0_0_, owner0_.city as city5_0_0_, owner0_.telephone as telephon6_0_0_, pets1_.name as name2_1_1_, pets1_.birth_date as birth_da3_1_1_, pets1_.owner_id as owner_id4_1_1_, pets1_.type_id as type_id5_1_1_, pets1_.owner_id as owner_id4_0_0__, pets1_.id as id1_1_0__ from owners owner0_ left outer join pets pets1_ on owner0_.id=pets1_.owner_id where owner0_.id=?
Hibernate: select pettype0_.id as id1_3_0_, pettype0_.name as name2_3_0_ from types pettype0_ where pettype0_.id=?
Hibernate: select visits0_.pet_id as pet_id4_1_0_, visits0_.id as id1_6_0_, visits0_.id as id1_6_1_, visits0_.visit_date as visit_da2_6_1_, visits0_.description as descript3_6_1_, visits0_.pet_id as pet_id4_6_1_ from visits visits0_ where visits0_.pet_id=?
Hibernate: update owners set first_name=?, last_name=?, address=?, city=?, telephone=? where id=?
Hibernate: select owner0_.id as id1_0_0_, pets1_.id as id1_1_1_, owner0_.first_name as first_na2_0_0_, owner0_.last_name as last_nam3_0_0_, owner0_.address as address4_0_0_, owner0_.city as city5_0_0_, owner0_.telephone as telephon6_0_0_, pets1_.name as name2_1_1_, pets1_.birth_date as birth_da3_1_1_, pets1_.owner_id as owner_id4_1_1_, pets1_.type_id as type_id5_1_1_, pets1_.owner_id as owner_id4_0_0__, pets1_.id as id1_1_0__ from owners owner0_ left outer join pets pets1_ on owner0_.id=pets1_.owner_id where owner0_.id=?
INFO  TransactionContext - Rolled back transaction for test context [DefaultTestContext@5288e65f testClass = ClinicServiceSpringDataJpaTests, testInstance = org.springframework.samples.petclinic.service.ClinicServiceSpringDataJpaTests@26e2636, testMethod = updateOwner@AbstractClinicServiceTests, testException = [null], mergedContextConfiguration = [MergedContextConfiguration@4557a51d testClass = ClinicServiceSpringDataJpaTests, locations = '{classpath:spring/business-config.xml}', classes = '{}', contextInitializerClasses = '[]', activeProfiles = '{spring-data-jpa}', propertySourceLocations = '{}', propertySourceProperties = '{}', contextLoader = 'org.springframework.test.context.support.DelegatingSmartContextLoader', parent = [null]]].
INFO  TransactionContext - Began transaction (1) for test context [DefaultTestContext@5288e65f testClass = ClinicServiceSpringDataJpaTests, testInstance = org.springframework.samples.petclinic.service.ClinicServiceSpringDataJpaTests@522dc2b4, testMethod = insertPet@AbstractClinicServiceTests, testException = [null], mergedContextConfiguration = [MergedContextConfiguration@4557a51d testClass = ClinicServiceSpringDataJpaTests, locations = '{classpath:spring/business-config.xml}', classes = '{}', contextInitializerClasses = '[]', activeProfiles = '{spring-data-jpa}', propertySourceLocations = '{}', propertySourceProperties = '{}', contextLoader = 'org.springframework.test.context.support.DelegatingSmartContextLoader', parent = [null]]]; transaction manager [org.springframework.orm.jpa.JpaTransactionManager@7d19367b]; rollback [true]
Hibernate: select owner0_.id as id1_0_0_, pets1_.id as id1_1_1_, owner0_.first_name as first_na2_0_0_, owner0_.last_name as last_nam3_0_0_, owner0_.address as address4_0_0_, owner0_.city as city5_0_0_, owner0_.telephone as telephon6_0_0_, pets1_.name as name2_1_1_, pets1_.birth_date as birth_da3_1_1_, pets1_.owner_id as owner_id4_1_1_, pets1_.type_id as type_id5_1_1_, pets1_.owner_id as owner_id4_0_0__, pets1_.id as id1_1_0__ from owners owner0_ left outer join pets pets1_ on owner0_.id=pets1_.owner_id where owner0_.id=?
Hibernate: select pettype0_.id as id1_3_0_, pettype0_.name as name2_3_0_ from types pettype0_ where pettype0_.id=?
Hibernate: select visits0_.pet_id as pet_id4_1_0_, visits0_.id as id1_6_0_, visits0_.id as id1_6_1_, visits0_.visit_date as visit_da2_6_1_, visits0_.description as descript3_6_1_, visits0_.pet_id as pet_id4_6_1_ from visits visits0_ where visits0_.pet_id=?
Hibernate: select visits0_.pet_id as pet_id4_1_0_, visits0_.id as id1_6_0_, visits0_.id as id1_6_1_, visits0_.visit_date as visit_da2_6_1_, visits0_.description as descript3_6_1_, visits0_.pet_id as pet_id4_6_1_ from visits visits0_ where visits0_.pet_id=?
Hibernate: select pettype0_.id as id1_3_, pettype0_.name as name2_3_ from types pettype0_ order by pettype0_.name
Hibernate: insert into pets (name, birth_date, owner_id, type_id) values (?, ?, ?, ?)
Hibernate: select owner0_.id as id1_0_0_, pets1_.id as id1_1_1_, owner0_.first_name as first_na2_0_0_, owner0_.last_name as last_nam3_0_0_, owner0_.address as address4_0_0_, owner0_.city as city5_0_0_, owner0_.telephone as telephon6_0_0_, pets1_.name as name2_1_1_, pets1_.birth_date as birth_da3_1_1_, pets1_.owner_id as owner_id4_1_1_, pets1_.type_id as type_id5_1_1_, pets1_.owner_id as owner_id4_0_0__, pets1_.id as id1_1_0__ from owners owner0_ left outer join pets pets1_ on owner0_.id=pets1_.owner_id where owner0_.id=?
INFO  TransactionContext - Rolled back transaction for test context [DefaultTestContext@5288e65f testClass = ClinicServiceSpringDataJpaTests, testInstance = org.springframework.samples.petclinic.service.ClinicServiceSpringDataJpaTests@522dc2b4, testMethod = insertPet@AbstractClinicServiceTests, testException = [null], mergedContextConfiguration = [MergedContextConfiguration@4557a51d testClass = ClinicServiceSpringDataJpaTests, locations = '{classpath:spring/business-config.xml}', classes = '{}', contextInitializerClasses = '[]', activeProfiles = '{spring-data-jpa}', propertySourceLocations = '{}', propertySourceProperties = '{}', contextLoader = 'org.springframework.test.context.support.DelegatingSmartContextLoader', parent = [null]]].
Hibernate: select owner0_.id as id1_0_0_, pets1_.id as id1_1_1_, owner0_.first_name as first_na2_0_0_, owner0_.last_name as last_nam3_0_0_, owner0_.address as address4_0_0_, owner0_.city as city5_0_0_, owner0_.telephone as telephon6_0_0_, pets1_.name as name2_1_1_, pets1_.birth_date as birth_da3_1_1_, pets1_.owner_id as owner_id4_1_1_, pets1_.type_id as type_id5_1_1_, pets1_.owner_id as owner_id4_0_0__, pets1_.id as id1_1_0__ from owners owner0_ left outer join pets pets1_ on owner0_.id=pets1_.owner_id where owner0_.id=?
Hibernate: select pettype0_.id as id1_3_0_, pettype0_.name as name2_3_0_ from types pettype0_ where pettype0_.id=?
Hibernate: select visits0_.pet_id as pet_id4_1_0_, visits0_.id as id1_6_0_, visits0_.id as id1_6_1_, visits0_.visit_date as visit_da2_6_1_, visits0_.description as descript3_6_1_, visits0_.pet_id as pet_id4_6_1_ from visits visits0_ where visits0_.pet_id=?
Hibernate: select owner0_.id as id1_0_0_, pets1_.id as id1_1_1_, owner0_.first_name as first_na2_0_0_, owner0_.last_name as last_nam3_0_0_, owner0_.address as address4_0_0_, owner0_.city as city5_0_0_, owner0_.telephone as telephon6_0_0_, pets1_.name as name2_1_1_, pets1_.birth_date as birth_da3_1_1_, pets1_.owner_id as owner_id4_1_1_, pets1_.type_id as type_id5_1_1_, pets1_.owner_id as owner_id4_0_0__, pets1_.id as id1_1_0__ from owners owner0_ left outer join pets pets1_ on owner0_.id=pets1_.owner_id where owner0_.id=?
Hibernate: select pettype0_.id as id1_3_0_, pettype0_.name as name2_3_0_ from types pettype0_ where pettype0_.id=?
Hibernate: select pettype0_.id as id1_3_0_, pettype0_.name as name2_3_0_ from types pettype0_ where pettype0_.id=?
Hibernate: select visits0_.pet_id as pet_id4_1_0_, visits0_.id as id1_6_0_, visits0_.id as id1_6_1_, visits0_.visit_date as visit_da2_6_1_, visits0_.description as descript3_6_1_, visits0_.pet_id as pet_id4_6_1_ from visits visits0_ where visits0_.pet_id=?
Hibernate: select visits0_.pet_id as pet_id4_1_0_, visits0_.id as id1_6_0_, visits0_.id as id1_6_1_, visits0_.visit_date as visit_da2_6_1_, visits0_.description as descript3_6_1_, visits0_.pet_id as pet_id4_6_1_ from visits visits0_ where visits0_.pet_id=?
INFO  TransactionContext - Began transaction (1) for test context [DefaultTestContext@5288e65f testClass = ClinicServiceSpringDataJpaTests, testInstance = org.springframework.samples.petclinic.service.ClinicServiceSpringDataJpaTests@50f29615, testMethod = insertOwner@AbstractClinicServiceTests, testException = [null], mergedContextConfiguration = [MergedContextConfiguration@4557a51d testClass = ClinicServiceSpringDataJpaTests, locations = '{classpath:spring/business-config.xml}', classes = '{}', contextInitializerClasses = '[]', activeProfiles = '{spring-data-jpa}', propertySourceLocations = '{}', propertySourceProperties = '{}', contextLoader = 'org.springframework.test.context.support.DelegatingSmartContextLoader', parent = [null]]]; transaction manager [org.springframework.orm.jpa.JpaTransactionManager@7d19367b]; rollback [true]
Hibernate: select distinct owner0_.id as id1_0_0_, pets1_.id as id1_1_1_, owner0_.first_name as first_na2_0_0_, owner0_.last_name as last_nam3_0_0_, owner0_.address as address4_0_0_, owner0_.city as city5_0_0_, owner0_.telephone as telephon6_0_0_, pets1_.name as name2_1_1_, pets1_.birth_date as birth_da3_1_1_, pets1_.owner_id as owner_id4_1_1_, pets1_.type_id as type_id5_1_1_, pets1_.owner_id as owner_id4_0_0__, pets1_.id as id1_1_0__ from owners owner0_ left outer join pets pets1_ on owner0_.id=pets1_.owner_id where owner0_.last_name like ?
Hibernate: insert into owners (first_name, last_name, address, city, telephone) values (?, ?, ?, ?, ?)
Hibernate: select distinct owner0_.id as id1_0_0_, pets1_.id as id1_1_1_, owner0_.first_name as first_na2_0_0_, owner0_.last_name as last_nam3_0_0_, owner0_.address as address4_0_0_, owner0_.city as city5_0_0_, owner0_.telephone as telephon6_0_0_, pets1_.name as name2_1_1_, pets1_.birth_date as birth_da3_1_1_, pets1_.owner_id as owner_id4_1_1_, pets1_.type_id as type_id5_1_1_, pets1_.owner_id as owner_id4_0_0__, pets1_.id as id1_1_0__ from owners owner0_ left outer join pets pets1_ on owner0_.id=pets1_.owner_id where owner0_.last_name like ?
INFO  TransactionContext - Rolled back transaction for test context [DefaultTestContext@5288e65f testClass = ClinicServiceSpringDataJpaTests, testInstance = org.springframework.samples.petclinic.service.ClinicServiceSpringDataJpaTests@50f29615, testMethod = insertOwner@AbstractClinicServiceTests, testException = [null], mergedContextConfiguration = [MergedContextConfiguration@4557a51d testClass = ClinicServiceSpringDataJpaTests, locations = '{classpath:spring/business-config.xml}', classes = '{}', contextInitializerClasses = '[]', activeProfiles = '{spring-data-jpa}', propertySourceLocations = '{}', propertySourceProperties = '{}', contextLoader = 'org.springframework.test.context.support.DelegatingSmartContextLoader', parent = [null]]].
INFO  TransactionContext - Began transaction (1) for test context [DefaultTestContext@5288e65f testClass = ClinicServiceSpringDataJpaTests, testInstance = org.springframework.samples.petclinic.service.ClinicServiceSpringDataJpaTests@1ff378a0, testMethod = insertVisit@AbstractClinicServiceTests, testException = [null], mergedContextConfiguration = [MergedContextConfiguration@4557a51d testClass = ClinicServiceSpringDataJpaTests, locations = '{classpath:spring/business-config.xml}', classes = '{}', contextInitializerClasses = '[]', activeProfiles = '{spring-data-jpa}', propertySourceLocations = '{}', propertySourceProperties = '{}', contextLoader = 'org.springframework.test.context.support.DelegatingSmartContextLoader', parent = [null]]]; transaction manager [org.springframework.orm.jpa.JpaTransactionManager@7d19367b]; rollback [true]
Hibernate: select pet0_.id as id1_1_, pet0_.name as name2_1_, pet0_.birth_date as birth_da3_1_, pet0_.owner_id as owner_id4_1_, pet0_.type_id as type_id5_1_ from pets pet0_ where pet0_.id=?
Hibernate: select owner0_.id as id1_0_0_, owner0_.first_name as first_na2_0_0_, owner0_.last_name as last_nam3_0_0_, owner0_.address as address4_0_0_, owner0_.city as city5_0_0_, owner0_.telephone as telephon6_0_0_ from owners owner0_ where owner0_.id=?
Hibernate: select pettype0_.id as id1_3_0_, pettype0_.name as name2_3_0_ from types pettype0_ where pettype0_.id=?
Hibernate: select visits0_.pet_id as pet_id4_1_0_, visits0_.id as id1_6_0_, visits0_.id as id1_6_1_, visits0_.visit_date as visit_da2_6_1_, visits0_.description as descript3_6_1_, visits0_.pet_id as pet_id4_6_1_ from visits visits0_ where visits0_.pet_id=?
Hibernate: insert into visits (visit_date, description, pet_id) values (?, ?, ?)
Hibernate: select pet0_.id as id1_1_, pet0_.name as name2_1_, pet0_.birth_date as birth_da3_1_, pet0_.owner_id as owner_id4_1_, pet0_.type_id as type_id5_1_ from pets pet0_ where pet0_.id=?
INFO  TransactionContext - Rolled back transaction for test context [DefaultTestContext@5288e65f testClass = ClinicServiceSpringDataJpaTests, testInstance = org.springframework.samples.petclinic.service.ClinicServiceSpringDataJpaTests@1ff378a0, testMethod = insertVisit@AbstractClinicServiceTests, testException = [null], mergedContextConfiguration = [MergedContextConfiguration@4557a51d testClass = ClinicServiceSpringDataJpaTests, locations = '{classpath:spring/business-config.xml}', classes = '{}', contextInitializerClasses = '[]', activeProfiles = '{spring-data-jpa}', propertySourceLocations = '{}', propertySourceProperties = '{}', contextLoader = 'org.springframework.test.context.support.DelegatingSmartContextLoader', parent = [null]]].
INFO  TransactionContext - Began transaction (1) for test context [DefaultTestContext@5288e65f testClass = ClinicServiceSpringDataJpaTests, testInstance = org.springframework.samples.petclinic.service.ClinicServiceSpringDataJpaTests@be5a748, testMethod = findOwners@AbstractClinicServiceTests, testException = [null], mergedContextConfiguration = [MergedContextConfiguration@4557a51d testClass = ClinicServiceSpringDataJpaTests, locations = '{classpath:spring/business-config.xml}', classes = '{}', contextInitializerClasses = '[]', activeProfiles = '{spring-data-jpa}', propertySourceLocations = '{}', propertySourceProperties = '{}', contextLoader = 'org.springframework.test.context.support.DelegatingSmartContextLoader', parent = [null]]]; transaction manager [org.springframework.orm.jpa.JpaTransactionManager@7d19367b]; rollback [true]
Hibernate: select distinct owner0_.id as id1_0_0_, pets1_.id as id1_1_1_, owner0_.first_name as first_na2_0_0_, owner0_.last_name as last_nam3_0_0_, owner0_.address as address4_0_0_, owner0_.city as city5_0_0_, owner0_.telephone as telephon6_0_0_, pets1_.name as name2_1_1_, pets1_.birth_date as birth_da3_1_1_, pets1_.owner_id as owner_id4_1_1_, pets1_.type_id as type_id5_1_1_, pets1_.owner_id as owner_id4_0_0__, pets1_.id as id1_1_0__ from owners owner0_ left outer join pets pets1_ on owner0_.id=pets1_.owner_id where owner0_.last_name like ?
Hibernate: select pettype0_.id as id1_3_0_, pettype0_.name as name2_3_0_ from types pettype0_ where pettype0_.id=?
Hibernate: select pettype0_.id as id1_3_0_, pettype0_.name as name2_3_0_ from types pettype0_ where pettype0_.id=?
Hibernate: select visits0_.pet_id as pet_id4_1_0_, visits0_.id as id1_6_0_, visits0_.id as id1_6_1_, visits0_.visit_date as visit_da2_6_1_, visits0_.description as descript3_6_1_, visits0_.pet_id as pet_id4_6_1_ from visits visits0_ where visits0_.pet_id=?
Hibernate: select visits0_.pet_id as pet_id4_1_0_, visits0_.id as id1_6_0_, visits0_.id as id1_6_1_, visits0_.visit_date as visit_da2_6_1_, visits0_.description as descript3_6_1_, visits0_.pet_id as pet_id4_6_1_ from visits visits0_ where visits0_.pet_id=?
Hibernate: select distinct owner0_.id as id1_0_0_, pets1_.id as id1_1_1_, owner0_.first_name as first_na2_0_0_, owner0_.last_name as last_nam3_0_0_, owner0_.address as address4_0_0_, owner0_.city as city5_0_0_, owner0_.telephone as telephon6_0_0_, pets1_.name as name2_1_1_, pets1_.birth_date as birth_da3_1_1_, pets1_.owner_id as owner_id4_1_1_, pets1_.type_id as type_id5_1_1_, pets1_.owner_id as owner_id4_0_0__, pets1_.id as id1_1_0__ from owners owner0_ left outer join pets pets1_ on owner0_.id=pets1_.owner_id where owner0_.last_name like ?
INFO  TransactionContext - Rolled back transaction for test context [DefaultTestContext@5288e65f testClass = ClinicServiceSpringDataJpaTests, testInstance = org.springframework.samples.petclinic.service.ClinicServiceSpringDataJpaTests@be5a748, testMethod = findOwners@AbstractClinicServiceTests, testException = [null], mergedContextConfiguration = [MergedContextConfiguration@4557a51d testClass = ClinicServiceSpringDataJpaTests, locations = '{classpath:spring/business-config.xml}', classes = '{}', contextInitializerClasses = '[]', activeProfiles = '{spring-data-jpa}', propertySourceLocations = '{}', propertySourceProperties = '{}', contextLoader = 'org.springframework.test.context.support.DelegatingSmartContextLoader', parent = [null]]].
Tests run: 10, Failures: 0, Errors: 0, Skipped: 0, Time elapsed: 6.926 sec
Running org.springframework.samples.petclinic.service.ClinicServiceJdbcTests
INFO  DefaultTestContextBootstrapper - Loaded default TestExecutionListener class names from location [META-INF/spring.factories]: [org.springframework.test.context.web.ServletTestExecutionListener, org.springframework.test.context.support.DependencyInjectionTestExecutionListener, org.springframework.test.context.support.DirtiesContextTestExecutionListener, org.springframework.test.context.transaction.TransactionalTestExecutionListener, org.springframework.test.context.jdbc.SqlScriptsTestExecutionListener]
INFO  DefaultTestContextBootstrapper - Using TestExecutionListeners: [org.springframework.test.context.web.ServletTestExecutionListener@d81c776, org.springframework.test.context.support.DependencyInjectionTestExecutionListener@434e1ae7, org.springframework.test.context.support.DirtiesContextTestExecutionListener@3cc85636, org.springframework.test.context.transaction.TransactionalTestExecutionListener@4941267, org.springframework.test.context.jdbc.SqlScriptsTestExecutionListener@15442a8a]
INFO  XmlBeanDefinitionReader - Loading XML bean definitions from class path resource [spring/business-config.xml]
INFO  XmlBeanDefinitionReader - Loading XML bean definitions from class path resource [spring/datasource-config.xml]
INFO  GenericApplicationContext - Refreshing org.springframework.context.support.GenericApplicationContext@2e44d4ee: startup date [Tue Dec 16 13:57:15 EST 2014]; root of context hierarchy
INFO  PropertyPlaceholderConfigurer - Loading properties file from class path resource [spring/data-access.properties]
INFO  PropertyPlaceholderConfigurer - Loading properties file from class path resource [spring/data-access.properties]
INFO  ScriptUtils - Executing SQL script from class path resource [db/mysql/initDB.sql]
INFO  ScriptUtils - Executed SQL script from class path resource [db/mysql/initDB.sql] in 25 ms.
INFO  ScriptUtils - Executing SQL script from class path resource [db/mysql/populateDB.sql]
INFO  ScriptUtils - Executed SQL script from class path resource [db/mysql/populateDB.sql] in 35 ms.
INFO  TransactionContext - Began transaction (1) for test context [DefaultTestContext@50e7cc3d testClass = ClinicServiceJdbcTests, testInstance = org.springframework.samples.petclinic.service.ClinicServiceJdbcTests@2211e24a, testMethod = updatePet@AbstractClinicServiceTests, testException = [null], mergedContextConfiguration = [MergedContextConfiguration@441f79bf testClass = ClinicServiceJdbcTests, locations = '{classpath:spring/business-config.xml}', classes = '{}', contextInitializerClasses = '[]', activeProfiles = '{jdbc}', propertySourceLocations = '{}', propertySourceProperties = '{}', contextLoader = 'org.springframework.test.context.support.DelegatingSmartContextLoader', parent = [null]]]; transaction manager [org.springframework.jdbc.datasource.DataSourceTransactionManager@6e720d89]; rollback [true]
INFO  TransactionContext - Rolled back transaction for test context [DefaultTestContext@50e7cc3d testClass = ClinicServiceJdbcTests, testInstance = org.springframework.samples.petclinic.service.ClinicServiceJdbcTests@2211e24a, testMethod = updatePet@AbstractClinicServiceTests, testException = [null], mergedContextConfiguration = [MergedContextConfiguration@441f79bf testClass = ClinicServiceJdbcTests, locations = '{classpath:spring/business-config.xml}', classes = '{}', contextInitializerClasses = '[]', activeProfiles = '{jdbc}', propertySourceLocations = '{}', propertySourceProperties = '{}', contextLoader = 'org.springframework.test.context.support.DelegatingSmartContextLoader', parent = [null]]].
INFO  TransactionContext - Began transaction (1) for test context [DefaultTestContext@50e7cc3d testClass = ClinicServiceJdbcTests, testInstance = org.springframework.samples.petclinic.service.ClinicServiceJdbcTests@19754b46, testMethod = updateOwner@AbstractClinicServiceTests, testException = [null], mergedContextConfiguration = [MergedContextConfiguration@441f79bf testClass = ClinicServiceJdbcTests, locations = '{classpath:spring/business-config.xml}', classes = '{}', contextInitializerClasses = '[]', activeProfiles = '{jdbc}', propertySourceLocations = '{}', propertySourceProperties = '{}', contextLoader = 'org.springframework.test.context.support.DelegatingSmartContextLoader', parent = [null]]]; transaction manager [org.springframework.jdbc.datasource.DataSourceTransactionManager@6e720d89]; rollback [true]
INFO  TransactionContext - Rolled back transaction for test context [DefaultTestContext@50e7cc3d testClass = ClinicServiceJdbcTests, testInstance = org.springframework.samples.petclinic.service.ClinicServiceJdbcTests@19754b46, testMethod = updateOwner@AbstractClinicServiceTests, testException = [null], mergedContextConfiguration = [MergedContextConfiguration@441f79bf testClass = ClinicServiceJdbcTests, locations = '{classpath:spring/business-config.xml}', classes = '{}', contextInitializerClasses = '[]', activeProfiles = '{jdbc}', propertySourceLocations = '{}', propertySourceProperties = '{}', contextLoader = 'org.springframework.test.context.support.DelegatingSmartContextLoader', parent = [null]]].
INFO  TransactionContext - Began transaction (1) for test context [DefaultTestContext@50e7cc3d testClass = ClinicServiceJdbcTests, testInstance = org.springframework.samples.petclinic.service.ClinicServiceJdbcTests@46a4c16b, testMethod = insertPet@AbstractClinicServiceTests, testException = [null], mergedContextConfiguration = [MergedContextConfiguration@441f79bf testClass = ClinicServiceJdbcTests, locations = '{classpath:spring/business-config.xml}', classes = '{}', contextInitializerClasses = '[]', activeProfiles = '{jdbc}', propertySourceLocations = '{}', propertySourceProperties = '{}', contextLoader = 'org.springframework.test.context.support.DelegatingSmartContextLoader', parent = [null]]]; transaction manager [org.springframework.jdbc.datasource.DataSourceTransactionManager@6e720d89]; rollback [true]
INFO  TransactionContext - Rolled back transaction for test context [DefaultTestContext@50e7cc3d testClass = ClinicServiceJdbcTests, testInstance = org.springframework.samples.petclinic.service.ClinicServiceJdbcTests@46a4c16b, testMethod = insertPet@AbstractClinicServiceTests, testException = [null], mergedContextConfiguration = [MergedContextConfiguration@441f79bf testClass = ClinicServiceJdbcTests, locations = '{classpath:spring/business-config.xml}', classes = '{}', contextInitializerClasses = '[]', activeProfiles = '{jdbc}', propertySourceLocations = '{}', propertySourceProperties = '{}', contextLoader = 'org.springframework.test.context.support.DelegatingSmartContextLoader', parent = [null]]].
INFO  TransactionContext - Began transaction (1) for test context [DefaultTestContext@50e7cc3d testClass = ClinicServiceJdbcTests, testInstance = org.springframework.samples.petclinic.service.ClinicServiceJdbcTests@12004804, testMethod = insertOwner@AbstractClinicServiceTests, testException = [null], mergedContextConfiguration = [MergedContextConfiguration@441f79bf testClass = ClinicServiceJdbcTests, locations = '{classpath:spring/business-config.xml}', classes = '{}', contextInitializerClasses = '[]', activeProfiles = '{jdbc}', propertySourceLocations = '{}', propertySourceProperties = '{}', contextLoader = 'org.springframework.test.context.support.DelegatingSmartContextLoader', parent = [null]]]; transaction manager [org.springframework.jdbc.datasource.DataSourceTransactionManager@6e720d89]; rollback [true]
INFO  TransactionContext - Rolled back transaction for test context [DefaultTestContext@50e7cc3d testClass = ClinicServiceJdbcTests, testInstance = org.springframework.samples.petclinic.service.ClinicServiceJdbcTests@12004804, testMethod = insertOwner@AbstractClinicServiceTests, testException = [null], mergedContextConfiguration = [MergedContextConfiguration@441f79bf testClass = ClinicServiceJdbcTests, locations = '{classpath:spring/business-config.xml}', classes = '{}', contextInitializerClasses = '[]', activeProfiles = '{jdbc}', propertySourceLocations = '{}', propertySourceProperties = '{}', contextLoader = 'org.springframework.test.context.support.DelegatingSmartContextLoader', parent = [null]]].
INFO  TransactionContext - Began transaction (1) for test context [DefaultTestContext@50e7cc3d testClass = ClinicServiceJdbcTests, testInstance = org.springframework.samples.petclinic.service.ClinicServiceJdbcTests@100ccc70, testMethod = insertVisit@AbstractClinicServiceTests, testException = [null], mergedContextConfiguration = [MergedContextConfiguration@441f79bf testClass = ClinicServiceJdbcTests, locations = '{classpath:spring/business-config.xml}', classes = '{}', contextInitializerClasses = '[]', activeProfiles = '{jdbc}', propertySourceLocations = '{}', propertySourceProperties = '{}', contextLoader = 'org.springframework.test.context.support.DelegatingSmartContextLoader', parent = [null]]]; transaction manager [org.springframework.jdbc.datasource.DataSourceTransactionManager@6e720d89]; rollback [true]
INFO  TransactionContext - Rolled back transaction for test context [DefaultTestContext@50e7cc3d testClass = ClinicServiceJdbcTests, testInstance = org.springframework.samples.petclinic.service.ClinicServiceJdbcTests@100ccc70, testMethod = insertVisit@AbstractClinicServiceTests, testException = [null], mergedContextConfiguration = [MergedContextConfiguration@441f79bf testClass = ClinicServiceJdbcTests, locations = '{classpath:spring/business-config.xml}', classes = '{}', contextInitializerClasses = '[]', activeProfiles = '{jdbc}', propertySourceLocations = '{}', propertySourceProperties = '{}', contextLoader = 'org.springframework.test.context.support.DelegatingSmartContextLoader', parent = [null]]].
INFO  TransactionContext - Began transaction (1) for test context [DefaultTestContext@50e7cc3d testClass = ClinicServiceJdbcTests, testInstance = org.springframework.samples.petclinic.service.ClinicServiceJdbcTests@60e8a0fa, testMethod = findOwners@AbstractClinicServiceTests, testException = [null], mergedContextConfiguration = [MergedContextConfiguration@441f79bf testClass = ClinicServiceJdbcTests, locations = '{classpath:spring/business-config.xml}', classes = '{}', contextInitializerClasses = '[]', activeProfiles = '{jdbc}', propertySourceLocations = '{}', propertySourceProperties = '{}', contextLoader = 'org.springframework.test.context.support.DelegatingSmartContextLoader', parent = [null]]]; transaction manager [org.springframework.jdbc.datasource.DataSourceTransactionManager@6e720d89]; rollback [true]
INFO  TransactionContext - Rolled back transaction for test context [DefaultTestContext@50e7cc3d testClass = ClinicServiceJdbcTests, testInstance = org.springframework.samples.petclinic.service.ClinicServiceJdbcTests@60e8a0fa, testMethod = findOwners@AbstractClinicServiceTests, testException = [null], mergedContextConfiguration = [MergedContextConfiguration@441f79bf testClass = ClinicServiceJdbcTests, locations = '{classpath:spring/business-config.xml}', classes = '{}', contextInitializerClasses = '[]', activeProfiles = '{jdbc}', propertySourceLocations = '{}', propertySourceProperties = '{}', contextLoader = 'org.springframework.test.context.support.DelegatingSmartContextLoader', parent = [null]]].
Tests run: 10, Failures: 0, Errors: 0, Skipped: 0, Time elapsed: 1.743 sec
Running org.springframework.samples.petclinic.service.ClinicServiceJpaTests
INFO  DefaultTestContextBootstrapper - Loaded default TestExecutionListener class names from location [META-INF/spring.factories]: [org.springframework.test.context.web.ServletTestExecutionListener, org.springframework.test.context.support.DependencyInjectionTestExecutionListener, org.springframework.test.context.support.DirtiesContextTestExecutionListener, org.springframework.test.context.transaction.TransactionalTestExecutionListener, org.springframework.test.context.jdbc.SqlScriptsTestExecutionListener]
INFO  DefaultTestContextBootstrapper - Using TestExecutionListeners: [org.springframework.test.context.web.ServletTestExecutionListener@1d9a9243, org.springframework.test.context.support.DependencyInjectionTestExecutionListener@ef87be4, org.springframework.test.context.support.DirtiesContextTestExecutionListener@5b8dbd69, org.springframework.test.context.transaction.TransactionalTestExecutionListener@368e6774, org.springframework.test.context.jdbc.SqlScriptsTestExecutionListener@3f2a0ca7]
INFO  XmlBeanDefinitionReader - Loading XML bean definitions from class path resource [spring/business-config.xml]
INFO  XmlBeanDefinitionReader - Loading XML bean definitions from class path resource [spring/datasource-config.xml]
INFO  GenericApplicationContext - Refreshing org.springframework.context.support.GenericApplicationContext@61a4c856: startup date [Tue Dec 16 13:57:17 EST 2014]; root of context hierarchy
INFO  PropertyPlaceholderConfigurer - Loading properties file from class path resource [spring/data-access.properties]
INFO  PropertyPlaceholderConfigurer - Loading properties file from class path resource [spring/data-access.properties]
INFO  LocalContainerEntityManagerFactoryBean - Building JPA container EntityManagerFactory for persistence unit 'petclinic'
INFO  LogHelper - HHH000204: Processing PersistenceUnitInfo [
	name: petclinic
	...]
INFO  Dialect - HHH000400: Using dialect: org.hibernate.dialect.MySQLDialect
INFO  ASTQueryTranslatorFactory - HHH000397: Using ASTQueryTranslatorFactory
WARN  EntityManagerFactoryRegistry - HHH000436: Entity manager factory name (petclinic) is already registered.  If entity manager will be clustered or passivated, specify a unique value for property 'hibernate.ejb.entitymanager_factory_name'
INFO  ScriptUtils - Executing SQL script from class path resource [db/mysql/initDB.sql]
INFO  ScriptUtils - Executed SQL script from class path resource [db/mysql/initDB.sql] in 60 ms.
INFO  ScriptUtils - Executing SQL script from class path resource [db/mysql/populateDB.sql]
INFO  ScriptUtils - Executed SQL script from class path resource [db/mysql/populateDB.sql] in 8 ms.
INFO  TransactionContext - Began transaction (1) for test context [DefaultTestContext@27d46193 testClass = ClinicServiceJpaTests, testInstance = org.springframework.samples.petclinic.service.ClinicServiceJpaTests@68520e52, testMethod = updatePet@AbstractClinicServiceTests, testException = [null], mergedContextConfiguration = [MergedContextConfiguration@632a5eff testClass = ClinicServiceJpaTests, locations = '{classpath:spring/business-config.xml}', classes = '{}', contextInitializerClasses = '[]', activeProfiles = '{jpa}', propertySourceLocations = '{}', propertySourceProperties = '{}', contextLoader = 'org.springframework.test.context.support.DelegatingSmartContextLoader', parent = [null]]]; transaction manager [org.springframework.orm.jpa.JpaTransactionManager@72c2ea35]; rollback [true]
Hibernate: select pet0_.id as id1_1_0_, pet0_.name as name2_1_0_, pet0_.birth_date as birth_da3_1_0_, pet0_.owner_id as owner_id4_1_0_, pet0_.type_id as type_id5_1_0_, owner1_.id as id1_0_1_, owner1_.first_name as first_na2_0_1_, owner1_.last_name as last_nam3_0_1_, owner1_.address as address4_0_1_, owner1_.city as city5_0_1_, owner1_.telephone as telephon6_0_1_, pettype2_.id as id1_3_2_, pettype2_.name as name2_3_2_, visits3_.pet_id as pet_id4_1_3_, visits3_.id as id1_6_3_, visits3_.id as id1_6_4_, visits3_.visit_date as visit_da2_6_4_, visits3_.description as descript3_6_4_, visits3_.pet_id as pet_id4_6_4_ from pets pet0_ left outer join owners owner1_ on pet0_.owner_id=owner1_.id left outer join types pettype2_ on pet0_.type_id=pettype2_.id left outer join visits visits3_ on pet0_.id=visits3_.pet_id where pet0_.id=?
INFO  TransactionContext - Rolled back transaction for test context [DefaultTestContext@27d46193 testClass = ClinicServiceJpaTests, testInstance = org.springframework.samples.petclinic.service.ClinicServiceJpaTests@68520e52, testMethod = updatePet@AbstractClinicServiceTests, testException = [null], mergedContextConfiguration = [MergedContextConfiguration@632a5eff testClass = ClinicServiceJpaTests, locations = '{classpath:spring/business-config.xml}', classes = '{}', contextInitializerClasses = '[]', activeProfiles = '{jpa}', propertySourceLocations = '{}', propertySourceProperties = '{}', contextLoader = 'org.springframework.test.context.support.DelegatingSmartContextLoader', parent = [null]]].
Hibernate: select pettype0_.id as id1_3_, pettype0_.name as name2_3_ from types pettype0_ order by pettype0_.name
Hibernate: select pettype0_.id as id1_3_, pettype0_.name as name2_3_ from types pettype0_ order by pettype0_.name
Hibernate: select pet0_.id as id1_1_0_, pet0_.name as name2_1_0_, pet0_.birth_date as birth_da3_1_0_, pet0_.owner_id as owner_id4_1_0_, pet0_.type_id as type_id5_1_0_, owner1_.id as id1_0_1_, owner1_.first_name as first_na2_0_1_, owner1_.last_name as last_nam3_0_1_, owner1_.address as address4_0_1_, owner1_.city as city5_0_1_, owner1_.telephone as telephon6_0_1_, pettype2_.id as id1_3_2_, pettype2_.name as name2_3_2_, visits3_.pet_id as pet_id4_1_3_, visits3_.id as id1_6_3_, visits3_.id as id1_6_4_, visits3_.visit_date as visit_da2_6_4_, visits3_.description as descript3_6_4_, visits3_.pet_id as pet_id4_6_4_ from pets pet0_ left outer join owners owner1_ on pet0_.owner_id=owner1_.id left outer join types pettype2_ on pet0_.type_id=pettype2_.id left outer join visits visits3_ on pet0_.id=visits3_.pet_id where pet0_.id=?
Hibernate: select pet0_.id as id1_1_0_, pet0_.name as name2_1_0_, pet0_.birth_date as birth_da3_1_0_, pet0_.owner_id as owner_id4_1_0_, pet0_.type_id as type_id5_1_0_, owner1_.id as id1_0_1_, owner1_.first_name as first_na2_0_1_, owner1_.last_name as last_nam3_0_1_, owner1_.address as address4_0_1_, owner1_.city as city5_0_1_, owner1_.telephone as telephon6_0_1_, pettype2_.id as id1_3_2_, pettype2_.name as name2_3_2_, visits3_.pet_id as pet_id4_1_3_, visits3_.id as id1_6_3_, visits3_.id as id1_6_4_, visits3_.visit_date as visit_da2_6_4_, visits3_.description as descript3_6_4_, visits3_.pet_id as pet_id4_6_4_ from pets pet0_ left outer join owners owner1_ on pet0_.owner_id=owner1_.id left outer join types pettype2_ on pet0_.type_id=pettype2_.id left outer join visits visits3_ on pet0_.id=visits3_.pet_id where pet0_.id=?
Hibernate: select distinct vet0_.id as id1_5_0_, specialty2_.id as id1_2_1_, vet0_.first_name as first_na2_5_0_, vet0_.last_name as last_nam3_5_0_, specialty2_.name as name2_2_1_, specialtie1_.vet_id as vet_id1_5_0__, specialtie1_.specialty_id as specialt2_4_0__ from vets vet0_ left outer join vet_specialties specialtie1_ on vet0_.id=specialtie1_.vet_id left outer join specialties specialty2_ on specialtie1_.specialty_id=specialty2_.id order by vet0_.last_name, vet0_.first_name
INFO  TransactionContext - Began transaction (1) for test context [DefaultTestContext@27d46193 testClass = ClinicServiceJpaTests, testInstance = org.springframework.samples.petclinic.service.ClinicServiceJpaTests@2065f2ac, testMethod = updateOwner@AbstractClinicServiceTests, testException = [null], mergedContextConfiguration = [MergedContextConfiguration@632a5eff testClass = ClinicServiceJpaTests, locations = '{classpath:spring/business-config.xml}', classes = '{}', contextInitializerClasses = '[]', activeProfiles = '{jpa}', propertySourceLocations = '{}', propertySourceProperties = '{}', contextLoader = 'org.springframework.test.context.support.DelegatingSmartContextLoader', parent = [null]]]; transaction manager [org.springframework.orm.jpa.JpaTransactionManager@72c2ea35]; rollback [true]
Hibernate: select owner0_.id as id1_0_0_, pets1_.id as id1_1_1_, owner0_.first_name as first_na2_0_0_, owner0_.last_name as last_nam3_0_0_, owner0_.address as address4_0_0_, owner0_.city as city5_0_0_, owner0_.telephone as telephon6_0_0_, pets1_.name as name2_1_1_, pets1_.birth_date as birth_da3_1_1_, pets1_.owner_id as owner_id4_1_1_, pets1_.type_id as type_id5_1_1_, pets1_.owner_id as owner_id4_0_0__, pets1_.id as id1_1_0__ from owners owner0_ left outer join pets pets1_ on owner0_.id=pets1_.owner_id where owner0_.id=?
Hibernate: select pettype0_.id as id1_3_0_, pettype0_.name as name2_3_0_ from types pettype0_ where pettype0_.id=?
Hibernate: select visits0_.pet_id as pet_id4_1_0_, visits0_.id as id1_6_0_, visits0_.id as id1_6_1_, visits0_.visit_date as visit_da2_6_1_, visits0_.description as descript3_6_1_, visits0_.pet_id as pet_id4_6_1_ from visits visits0_ where visits0_.pet_id=?
Hibernate: update owners set first_name=?, last_name=?, address=?, city=?, telephone=? where id=?
Hibernate: select owner0_.id as id1_0_0_, pets1_.id as id1_1_1_, owner0_.first_name as first_na2_0_0_, owner0_.last_name as last_nam3_0_0_, owner0_.address as address4_0_0_, owner0_.city as city5_0_0_, owner0_.telephone as telephon6_0_0_, pets1_.name as name2_1_1_, pets1_.birth_date as birth_da3_1_1_, pets1_.owner_id as owner_id4_1_1_, pets1_.type_id as type_id5_1_1_, pets1_.owner_id as owner_id4_0_0__, pets1_.id as id1_1_0__ from owners owner0_ left outer join pets pets1_ on owner0_.id=pets1_.owner_id where owner0_.id=?
INFO  TransactionContext - Rolled back transaction for test context [DefaultTestContext@27d46193 testClass = ClinicServiceJpaTests, testInstance = org.springframework.samples.petclinic.service.ClinicServiceJpaTests@2065f2ac, testMethod = updateOwner@AbstractClinicServiceTests, testException = [null], mergedContextConfiguration = [MergedContextConfiguration@632a5eff testClass = ClinicServiceJpaTests, locations = '{classpath:spring/business-config.xml}', classes = '{}', contextInitializerClasses = '[]', activeProfiles = '{jpa}', propertySourceLocations = '{}', propertySourceProperties = '{}', contextLoader = 'org.springframework.test.context.support.DelegatingSmartContextLoader', parent = [null]]].
INFO  TransactionContext - Began transaction (1) for test context [DefaultTestContext@27d46193 testClass = ClinicServiceJpaTests, testInstance = org.springframework.samples.petclinic.service.ClinicServiceJpaTests@22e486ae, testMethod = insertPet@AbstractClinicServiceTests, testException = [null], mergedContextConfiguration = [MergedContextConfiguration@632a5eff testClass = ClinicServiceJpaTests, locations = '{classpath:spring/business-config.xml}', classes = '{}', contextInitializerClasses = '[]', activeProfiles = '{jpa}', propertySourceLocations = '{}', propertySourceProperties = '{}', contextLoader = 'org.springframework.test.context.support.DelegatingSmartContextLoader', parent = [null]]]; transaction manager [org.springframework.orm.jpa.JpaTransactionManager@72c2ea35]; rollback [true]
Hibernate: select owner0_.id as id1_0_0_, pets1_.id as id1_1_1_, owner0_.first_name as first_na2_0_0_, owner0_.last_name as last_nam3_0_0_, owner0_.address as address4_0_0_, owner0_.city as city5_0_0_, owner0_.telephone as telephon6_0_0_, pets1_.name as name2_1_1_, pets1_.birth_date as birth_da3_1_1_, pets1_.owner_id as owner_id4_1_1_, pets1_.type_id as type_id5_1_1_, pets1_.owner_id as owner_id4_0_0__, pets1_.id as id1_1_0__ from owners owner0_ left outer join pets pets1_ on owner0_.id=pets1_.owner_id where owner0_.id=?
Hibernate: select pettype0_.id as id1_3_0_, pettype0_.name as name2_3_0_ from types pettype0_ where pettype0_.id=?
Hibernate: select visits0_.pet_id as pet_id4_1_0_, visits0_.id as id1_6_0_, visits0_.id as id1_6_1_, visits0_.visit_date as visit_da2_6_1_, visits0_.description as descript3_6_1_, visits0_.pet_id as pet_id4_6_1_ from visits visits0_ where visits0_.pet_id=?
Hibernate: select visits0_.pet_id as pet_id4_1_0_, visits0_.id as id1_6_0_, visits0_.id as id1_6_1_, visits0_.visit_date as visit_da2_6_1_, visits0_.description as descript3_6_1_, visits0_.pet_id as pet_id4_6_1_ from visits visits0_ where visits0_.pet_id=?
Hibernate: select pettype0_.id as id1_3_, pettype0_.name as name2_3_ from types pettype0_ order by pettype0_.name
Hibernate: insert into pets (name, birth_date, owner_id, type_id) values (?, ?, ?, ?)
Hibernate: select owner0_.id as id1_0_0_, pets1_.id as id1_1_1_, owner0_.first_name as first_na2_0_0_, owner0_.last_name as last_nam3_0_0_, owner0_.address as address4_0_0_, owner0_.city as city5_0_0_, owner0_.telephone as telephon6_0_0_, pets1_.name as name2_1_1_, pets1_.birth_date as birth_da3_1_1_, pets1_.owner_id as owner_id4_1_1_, pets1_.type_id as type_id5_1_1_, pets1_.owner_id as owner_id4_0_0__, pets1_.id as id1_1_0__ from owners owner0_ left outer join pets pets1_ on owner0_.id=pets1_.owner_id where owner0_.id=?
INFO  TransactionContext - Rolled back transaction for test context [DefaultTestContext@27d46193 testClass = ClinicServiceJpaTests, testInstance = org.springframework.samples.petclinic.service.ClinicServiceJpaTests@22e486ae, testMethod = insertPet@AbstractClinicServiceTests, testException = [null], mergedContextConfiguration = [MergedContextConfiguration@632a5eff testClass = ClinicServiceJpaTests, locations = '{classpath:spring/business-config.xml}', classes = '{}', contextInitializerClasses = '[]', activeProfiles = '{jpa}', propertySourceLocations = '{}', propertySourceProperties = '{}', contextLoader = 'org.springframework.test.context.support.DelegatingSmartContextLoader', parent = [null]]].
Hibernate: select owner0_.id as id1_0_0_, pets1_.id as id1_1_1_, owner0_.first_name as first_na2_0_0_, owner0_.last_name as last_nam3_0_0_, owner0_.address as address4_0_0_, owner0_.city as city5_0_0_, owner0_.telephone as telephon6_0_0_, pets1_.name as name2_1_1_, pets1_.birth_date as birth_da3_1_1_, pets1_.owner_id as owner_id4_1_1_, pets1_.type_id as type_id5_1_1_, pets1_.owner_id as owner_id4_0_0__, pets1_.id as id1_1_0__ from owners owner0_ left outer join pets pets1_ on owner0_.id=pets1_.owner_id where owner0_.id=?
Hibernate: select pettype0_.id as id1_3_0_, pettype0_.name as name2_3_0_ from types pettype0_ where pettype0_.id=?
Hibernate: select visits0_.pet_id as pet_id4_1_0_, visits0_.id as id1_6_0_, visits0_.id as id1_6_1_, visits0_.visit_date as visit_da2_6_1_, visits0_.description as descript3_6_1_, visits0_.pet_id as pet_id4_6_1_ from visits visits0_ where visits0_.pet_id=?
Hibernate: select owner0_.id as id1_0_0_, pets1_.id as id1_1_1_, owner0_.first_name as first_na2_0_0_, owner0_.last_name as last_nam3_0_0_, owner0_.address as address4_0_0_, owner0_.city as city5_0_0_, owner0_.telephone as telephon6_0_0_, pets1_.name as name2_1_1_, pets1_.birth_date as birth_da3_1_1_, pets1_.owner_id as owner_id4_1_1_, pets1_.type_id as type_id5_1_1_, pets1_.owner_id as owner_id4_0_0__, pets1_.id as id1_1_0__ from owners owner0_ left outer join pets pets1_ on owner0_.id=pets1_.owner_id where owner0_.id=?
Hibernate: select pettype0_.id as id1_3_0_, pettype0_.name as name2_3_0_ from types pettype0_ where pettype0_.id=?
Hibernate: select pettype0_.id as id1_3_0_, pettype0_.name as name2_3_0_ from types pettype0_ where pettype0_.id=?
Hibernate: select visits0_.pet_id as pet_id4_1_0_, visits0_.id as id1_6_0_, visits0_.id as id1_6_1_, visits0_.visit_date as visit_da2_6_1_, visits0_.description as descript3_6_1_, visits0_.pet_id as pet_id4_6_1_ from visits visits0_ where visits0_.pet_id=?
Hibernate: select visits0_.pet_id as pet_id4_1_0_, visits0_.id as id1_6_0_, visits0_.id as id1_6_1_, visits0_.visit_date as visit_da2_6_1_, visits0_.description as descript3_6_1_, visits0_.pet_id as pet_id4_6_1_ from visits visits0_ where visits0_.pet_id=?
INFO  TransactionContext - Began transaction (1) for test context [DefaultTestContext@27d46193 testClass = ClinicServiceJpaTests, testInstance = org.springframework.samples.petclinic.service.ClinicServiceJpaTests@7a87e2d9, testMethod = insertOwner@AbstractClinicServiceTests, testException = [null], mergedContextConfiguration = [MergedContextConfiguration@632a5eff testClass = ClinicServiceJpaTests, locations = '{classpath:spring/business-config.xml}', classes = '{}', contextInitializerClasses = '[]', activeProfiles = '{jpa}', propertySourceLocations = '{}', propertySourceProperties = '{}', contextLoader = 'org.springframework.test.context.support.DelegatingSmartContextLoader', parent = [null]]]; transaction manager [org.springframework.orm.jpa.JpaTransactionManager@72c2ea35]; rollback [true]
Hibernate: select distinct owner0_.id as id1_0_0_, pets1_.id as id1_1_1_, owner0_.first_name as first_na2_0_0_, owner0_.last_name as last_nam3_0_0_, owner0_.address as address4_0_0_, owner0_.city as city5_0_0_, owner0_.telephone as telephon6_0_0_, pets1_.name as name2_1_1_, pets1_.birth_date as birth_da3_1_1_, pets1_.owner_id as owner_id4_1_1_, pets1_.type_id as type_id5_1_1_, pets1_.owner_id as owner_id4_0_0__, pets1_.id as id1_1_0__ from owners owner0_ left outer join pets pets1_ on owner0_.id=pets1_.owner_id where owner0_.last_name like ?
Hibernate: insert into owners (first_name, last_name, address, city, telephone) values (?, ?, ?, ?, ?)
Hibernate: select distinct owner0_.id as id1_0_0_, pets1_.id as id1_1_1_, owner0_.first_name as first_na2_0_0_, owner0_.last_name as last_nam3_0_0_, owner0_.address as address4_0_0_, owner0_.city as city5_0_0_, owner0_.telephone as telephon6_0_0_, pets1_.name as name2_1_1_, pets1_.birth_date as birth_da3_1_1_, pets1_.owner_id as owner_id4_1_1_, pets1_.type_id as type_id5_1_1_, pets1_.owner_id as owner_id4_0_0__, pets1_.id as id1_1_0__ from owners owner0_ left outer join pets pets1_ on owner0_.id=pets1_.owner_id where owner0_.last_name like ?
INFO  TransactionContext - Rolled back transaction for test context [DefaultTestContext@27d46193 testClass = ClinicServiceJpaTests, testInstance = org.springframework.samples.petclinic.service.ClinicServiceJpaTests@7a87e2d9, testMethod = insertOwner@AbstractClinicServiceTests, testException = [null], mergedContextConfiguration = [MergedContextConfiguration@632a5eff testClass = ClinicServiceJpaTests, locations = '{classpath:spring/business-config.xml}', classes = '{}', contextInitializerClasses = '[]', activeProfiles = '{jpa}', propertySourceLocations = '{}', propertySourceProperties = '{}', contextLoader = 'org.springframework.test.context.support.DelegatingSmartContextLoader', parent = [null]]].
INFO  TransactionContext - Began transaction (1) for test context [DefaultTestContext@27d46193 testClass = ClinicServiceJpaTests, testInstance = org.springframework.samples.petclinic.service.ClinicServiceJpaTests@3de3f9ec, testMethod = insertVisit@AbstractClinicServiceTests, testException = [null], mergedContextConfiguration = [MergedContextConfiguration@632a5eff testClass = ClinicServiceJpaTests, locations = '{classpath:spring/business-config.xml}', classes = '{}', contextInitializerClasses = '[]', activeProfiles = '{jpa}', propertySourceLocations = '{}', propertySourceProperties = '{}', contextLoader = 'org.springframework.test.context.support.DelegatingSmartContextLoader', parent = [null]]]; transaction manager [org.springframework.orm.jpa.JpaTransactionManager@72c2ea35]; rollback [true]
Hibernate: select pet0_.id as id1_1_0_, pet0_.name as name2_1_0_, pet0_.birth_date as birth_da3_1_0_, pet0_.owner_id as owner_id4_1_0_, pet0_.type_id as type_id5_1_0_, owner1_.id as id1_0_1_, owner1_.first_name as first_na2_0_1_, owner1_.last_name as last_nam3_0_1_, owner1_.address as address4_0_1_, owner1_.city as city5_0_1_, owner1_.telephone as telephon6_0_1_, pettype2_.id as id1_3_2_, pettype2_.name as name2_3_2_, visits3_.pet_id as pet_id4_1_3_, visits3_.id as id1_6_3_, visits3_.id as id1_6_4_, visits3_.visit_date as visit_da2_6_4_, visits3_.description as descript3_6_4_, visits3_.pet_id as pet_id4_6_4_ from pets pet0_ left outer join owners owner1_ on pet0_.owner_id=owner1_.id left outer join types pettype2_ on pet0_.type_id=pettype2_.id left outer join visits visits3_ on pet0_.id=visits3_.pet_id where pet0_.id=?
Hibernate: insert into visits (visit_date, description, pet_id) values (?, ?, ?)
INFO  TransactionContext - Rolled back transaction for test context [DefaultTestContext@27d46193 testClass = ClinicServiceJpaTests, testInstance = org.springframework.samples.petclinic.service.ClinicServiceJpaTests@3de3f9ec, testMethod = insertVisit@AbstractClinicServiceTests, testException = [null], mergedContextConfiguration = [MergedContextConfiguration@632a5eff testClass = ClinicServiceJpaTests, locations = '{classpath:spring/business-config.xml}', classes = '{}', contextInitializerClasses = '[]', activeProfiles = '{jpa}', propertySourceLocations = '{}', propertySourceProperties = '{}', contextLoader = 'org.springframework.test.context.support.DelegatingSmartContextLoader', parent = [null]]].
INFO  TransactionContext - Began transaction (1) for test context [DefaultTestContext@27d46193 testClass = ClinicServiceJpaTests, testInstance = org.springframework.samples.petclinic.service.ClinicServiceJpaTests@643af1dc, testMethod = findOwners@AbstractClinicServiceTests, testException = [null], mergedContextConfiguration = [MergedContextConfiguration@632a5eff testClass = ClinicServiceJpaTests, locations = '{classpath:spring/business-config.xml}', classes = '{}', contextInitializerClasses = '[]', activeProfiles = '{jpa}', propertySourceLocations = '{}', propertySourceProperties = '{}', contextLoader = 'org.springframework.test.context.support.DelegatingSmartContextLoader', parent = [null]]]; transaction manager [org.springframework.orm.jpa.JpaTransactionManager@72c2ea35]; rollback [true]
Hibernate: select distinct owner0_.id as id1_0_0_, pets1_.id as id1_1_1_, owner0_.first_name as first_na2_0_0_, owner0_.last_name as last_nam3_0_0_, owner0_.address as address4_0_0_, owner0_.city as city5_0_0_, owner0_.telephone as telephon6_0_0_, pets1_.name as name2_1_1_, pets1_.birth_date as birth_da3_1_1_, pets1_.owner_id as owner_id4_1_1_, pets1_.type_id as type_id5_1_1_, pets1_.owner_id as owner_id4_0_0__, pets1_.id as id1_1_0__ from owners owner0_ left outer join pets pets1_ on owner0_.id=pets1_.owner_id where owner0_.last_name like ?
Hibernate: select pettype0_.id as id1_3_0_, pettype0_.name as name2_3_0_ from types pettype0_ where pettype0_.id=?
Hibernate: select pettype0_.id as id1_3_0_, pettype0_.name as name2_3_0_ from types pettype0_ where pettype0_.id=?
Hibernate: select visits0_.pet_id as pet_id4_1_0_, visits0_.id as id1_6_0_, visits0_.id as id1_6_1_, visits0_.visit_date as visit_da2_6_1_, visits0_.description as descript3_6_1_, visits0_.pet_id as pet_id4_6_1_ from visits visits0_ where visits0_.pet_id=?
Hibernate: select visits0_.pet_id as pet_id4_1_0_, visits0_.id as id1_6_0_, visits0_.id as id1_6_1_, visits0_.visit_date as visit_da2_6_1_, visits0_.description as descript3_6_1_, visits0_.pet_id as pet_id4_6_1_ from visits visits0_ where visits0_.pet_id=?
Hibernate: select distinct owner0_.id as id1_0_0_, pets1_.id as id1_1_1_, owner0_.first_name as first_na2_0_0_, owner0_.last_name as last_nam3_0_0_, owner0_.address as address4_0_0_, owner0_.city as city5_0_0_, owner0_.telephone as telephon6_0_0_, pets1_.name as name2_1_1_, pets1_.birth_date as birth_da3_1_1_, pets1_.owner_id as owner_id4_1_1_, pets1_.type_id as type_id5_1_1_, pets1_.owner_id as owner_id4_0_0__, pets1_.id as id1_1_0__ from owners owner0_ left outer join pets pets1_ on owner0_.id=pets1_.owner_id where owner0_.last_name like ?
INFO  TransactionContext - Rolled back transaction for test context [DefaultTestContext@27d46193 testClass = ClinicServiceJpaTests, testInstance = org.springframework.samples.petclinic.service.ClinicServiceJpaTests@643af1dc, testMethod = findOwners@AbstractClinicServiceTests, testException = [null], mergedContextConfiguration = [MergedContextConfiguration@632a5eff testClass = ClinicServiceJpaTests, locations = '{classpath:spring/business-config.xml}', classes = '{}', contextInitializerClasses = '[]', activeProfiles = '{jpa}', propertySourceLocations = '{}', propertySourceProperties = '{}', contextLoader = 'org.springframework.test.context.support.DelegatingSmartContextLoader', parent = [null]]].
Tests run: 10, Failures: 0, Errors: 0, Skipped: 0, Time elapsed: 1.109 sec
Running org.springframework.samples.petclinic.web.VisitsViewTests
INFO  WebTestContextBootstrapper - Loaded default TestExecutionListener class names from location [META-INF/spring.factories]: [org.springframework.test.context.web.ServletTestExecutionListener, org.springframework.test.context.support.DependencyInjectionTestExecutionListener, org.springframework.test.context.support.DirtiesContextTestExecutionListener, org.springframework.test.context.transaction.TransactionalTestExecutionListener, org.springframework.test.context.jdbc.SqlScriptsTestExecutionListener]
INFO  WebTestContextBootstrapper - Using TestExecutionListeners: [org.springframework.test.context.web.ServletTestExecutionListener@7d16ca98, org.springframework.test.context.support.DependencyInjectionTestExecutionListener@634f0150, org.springframework.test.context.support.DirtiesContextTestExecutionListener@57df5e1f, org.springframework.test.context.transaction.TransactionalTestExecutionListener@99c724b, org.springframework.test.context.jdbc.SqlScriptsTestExecutionListener@7e139eda]
INFO  XmlBeanDefinitionReader - Loading XML bean definitions from class path resource [org/springframework/samples/petclinic/web/VisitsViewTests-config.xml]
INFO  XmlBeanDefinitionReader - Loading XML bean definitions from class path resource [spring/business-config.xml]
INFO  XmlBeanDefinitionReader - Loading XML bean definitions from class path resource [spring/datasource-config.xml]
INFO  XmlBeanDefinitionReader - Loading XML bean definitions from class path resource [spring/mvc-core-config.xml]
INFO  XmlBeanDefinitionReader - Loading XML bean definitions from class path resource [spring/mvc-view-config.xml]
INFO  GenericWebApplicationContext - Refreshing org.springframework.web.context.support.GenericWebApplicationContext@77e0693f: startup date [Tue Dec 16 13:57:18 EST 2014]; root of context hierarchy
INFO  PropertyPlaceholderConfigurer - Loading properties file from class path resource [spring/data-access.properties]
INFO  PropertyPlaceholderConfigurer - Loading properties file from class path resource [spring/data-access.properties]
INFO  ScriptUtils - Executing SQL script from class path resource [db/mysql/initDB.sql]
INFO  ScriptUtils - Executed SQL script from class path resource [db/mysql/initDB.sql] in 151 ms.
INFO  ScriptUtils - Executing SQL script from class path resource [db/mysql/populateDB.sql]
INFO  ScriptUtils - Executed SQL script from class path resource [db/mysql/populateDB.sql] in 20 ms.
INFO  Jaxb2Marshaller - Creating JAXBContext with classes to be bound [class org.springframework.samples.petclinic.model.Vets]
INFO  RequestMappingHandlerMapping - Mapped "{[/owners/{ownerId}/pets/{petId}/visits/new],methods=[POST],params=[],headers=[],consumes=[],produces=[],custom=[]}" onto public java.lang.String org.springframework.samples.petclinic.web.VisitController.processNewVisitForm(org.springframework.samples.petclinic.model.Visit,org.springframework.validation.BindingResult)
INFO  RequestMappingHandlerMapping - Mapped "{[/owners/*/pets/{petId}/visits],methods=[GET],params=[],headers=[],consumes=[],produces=[],custom=[]}" onto public java.lang.String org.springframework.samples.petclinic.web.VisitController.showVisits(int,java.util.Map<java.lang.String, java.lang.Object>)
INFO  RequestMappingHandlerMapping - Mapped "{[/owners/*/pets/{petId}/visits/new],methods=[GET],params=[],headers=[],consumes=[],produces=[],custom=[]}" onto public java.lang.String org.springframework.samples.petclinic.web.VisitController.initNewVisitForm(int,java.util.Map<java.lang.String, java.lang.Object>)
INFO  RequestMappingHandlerMapping - Mapped "{[/oups],methods=[GET],params=[],headers=[],consumes=[],produces=[],custom=[]}" onto public java.lang.String org.springframework.samples.petclinic.web.CrashController.triggerException()
INFO  RequestMappingHandlerMapping - Mapped "{[/vets],methods=[],params=[],headers=[],consumes=[],produces=[],custom=[]}" onto public java.lang.String org.springframework.samples.petclinic.web.VetController.showVetList(java.util.Map<java.lang.String, java.lang.Object>)
INFO  RequestMappingHandlerMapping - Mapped "{[/owners/{ownerId}/pets/new],methods=[GET],params=[],headers=[],consumes=[],produces=[],custom=[]}" onto public java.lang.String org.springframework.samples.petclinic.web.PetController.initCreationForm(int,java.util.Map<java.lang.String, java.lang.Object>)
INFO  RequestMappingHandlerMapping - Mapped "{[/owners/{ownerId}/pets/new],methods=[POST],params=[],headers=[],consumes=[],produces=[],custom=[]}" onto public java.lang.String org.springframework.samples.petclinic.web.PetController.processCreationForm(org.springframework.samples.petclinic.model.Pet,org.springframework.validation.BindingResult,org.springframework.web.bind.support.SessionStatus)
INFO  RequestMappingHandlerMapping - Mapped "{[/owners/*/pets/{petId}/edit],methods=[GET],params=[],headers=[],consumes=[],produces=[],custom=[]}" onto public java.lang.String org.springframework.samples.petclinic.web.PetController.initUpdateForm(int,java.util.Map<java.lang.String, java.lang.Object>)
INFO  RequestMappingHandlerMapping - Mapped "{[/owners/{ownerId}/pets/{petId}/edit],methods=[PUT || POST],params=[],headers=[],consumes=[],produces=[],custom=[]}" onto public java.lang.String org.springframework.samples.petclinic.web.PetController.processUpdateForm(org.springframework.samples.petclinic.model.Pet,org.springframework.validation.BindingResult,org.springframework.web.bind.support.SessionStatus)
INFO  RequestMappingHandlerMapping - Mapped "{[/owners/new],methods=[GET],params=[],headers=[],consumes=[],produces=[],custom=[]}" onto public java.lang.String org.springframework.samples.petclinic.web.OwnerController.initCreationForm(java.util.Map<java.lang.String, java.lang.Object>)
INFO  RequestMappingHandlerMapping - Mapped "{[/owners/new],methods=[POST],params=[],headers=[],consumes=[],produces=[],custom=[]}" onto public java.lang.String org.springframework.samples.petclinic.web.OwnerController.processCreationForm(org.springframework.samples.petclinic.model.Owner,org.springframework.validation.BindingResult,org.springframework.web.bind.support.SessionStatus)
INFO  RequestMappingHandlerMapping - Mapped "{[/owners/find],methods=[GET],params=[],headers=[],consumes=[],produces=[],custom=[]}" onto public java.lang.String org.springframework.samples.petclinic.web.OwnerController.initFindForm(java.util.Map<java.lang.String, java.lang.Object>)
INFO  RequestMappingHandlerMapping - Mapped "{[/owners],methods=[GET],params=[],headers=[],consumes=[],produces=[],custom=[]}" onto public java.lang.String org.springframework.samples.petclinic.web.OwnerController.processFindForm(org.springframework.samples.petclinic.model.Owner,org.springframework.validation.BindingResult,java.util.Map<java.lang.String, java.lang.Object>)
INFO  RequestMappingHandlerMapping - Mapped "{[/owners/{ownerId}/edit],methods=[GET],params=[],headers=[],consumes=[],produces=[],custom=[]}" onto public java.lang.String org.springframework.samples.petclinic.web.OwnerController.initUpdateOwnerForm(int,org.springframework.ui.Model)
INFO  RequestMappingHandlerMapping - Mapped "{[/owners/{ownerId}/edit],methods=[PUT],params=[],headers=[],consumes=[],produces=[],custom=[]}" onto public java.lang.String org.springframework.samples.petclinic.web.OwnerController.processUpdateOwnerForm(org.springframework.samples.petclinic.model.Owner,org.springframework.validation.BindingResult,org.springframework.web.bind.support.SessionStatus)
INFO  RequestMappingHandlerMapping - Mapped "{[/owners/{ownerId}],methods=[],params=[],headers=[],consumes=[],produces=[],custom=[]}" onto public org.springframework.web.servlet.ModelAndView org.springframework.samples.petclinic.web.OwnerController.showOwner(int)
INFO  RequestMappingHandlerAdapter - Looking for @ControllerAdvice: org.springframework.web.context.support.GenericWebApplicationContext@77e0693f: startup date [Tue Dec 16 13:57:18 EST 2014]; root of context hierarchy
INFO  RequestMappingHandlerAdapter - Looking for @ControllerAdvice: org.springframework.web.context.support.GenericWebApplicationContext@77e0693f: startup date [Tue Dec 16 13:57:18 EST 2014]; root of context hierarchy
INFO  SimpleUrlHandlerMapping - Mapped URL path [/resources/**] onto handler 'org.springframework.web.servlet.resource.ResourceHttpRequestHandler#0'
INFO  SimpleUrlHandlerMapping - Mapped URL path [/webjars/**] onto handler 'org.springframework.web.servlet.resource.ResourceHttpRequestHandler#1'
INFO  SimpleUrlHandlerMapping - Root mapping to handler of type [class org.springframework.web.servlet.mvc.ParameterizableViewController]
INFO  SimpleUrlHandlerMapping - Mapped URL path [/**] onto handler 'org.springframework.web.servlet.resource.DefaultServletHttpRequestHandler#0'
INFO  MockServletContext - Initializing Spring FrameworkServlet ''
INFO  TestDispatcherServlet - FrameworkServlet '': initialization started
INFO  TestDispatcherServlet - FrameworkServlet '': initialization completed in 20 ms

MockHttpServletRequest:
         HTTP Method = GET
         Request URI = /vets.xml
          Parameters = {}
             Headers = {Accept=[text/xml]}

             Handler:
                Type = org.springframework.samples.petclinic.web.VetController
              Method = public java.lang.String org.springframework.samples.petclinic.web.VetController.showVetList(java.util.Map<java.lang.String, java.lang.Object>)

               Async:
   Was async started = false
        Async result = null

  Resolved Exception:
                Type = null

        ModelAndView:
           View name = vets/vetList
                View = null
           Attribute = vets
               value = org.springframework.samples.petclinic.model.Vets@479f862f
              errors = []

            FlashMap:

MockHttpServletResponse:
              Status = 406
       Error message = null
             Headers = {}
        Content type = null
                Body = 
       Forwarded URL = null
      Redirected URL = null
             Cookies = []
Tests run: 1, Failures: 0, Errors: 0, Skipped: 0, Time elapsed: 2.964 sec
INFO  GenericApplicationContext - Closing org.springframework.context.support.GenericApplicationContext@3bc35be0: startup date [Tue Dec 16 13:57:09 EST 2014]; root of context hierarchy
INFO  LocalContainerEntityManagerFactoryBean - Closing JPA EntityManagerFactory for persistence unit 'petclinic'
INFO  GenericApplicationContext - Closing org.springframework.context.support.GenericApplicationContext@61a4c856: startup date [Tue Dec 16 13:57:17 EST 2014]; root of context hierarchy
INFO  GenericApplicationContext - Closing org.springframework.context.support.GenericApplicationContext@2e44d4ee: startup date [Tue Dec 16 13:57:15 EST 2014]; root of context hierarchy
INFO  LocalContainerEntityManagerFactoryBean - Closing JPA EntityManagerFactory for persistence unit 'petclinic'
INFO  GenericWebApplicationContext - Closing org.springframework.web.context.support.GenericWebApplicationContext@77e0693f: startup date [Tue Dec 16 13:57:18 EST 2014]; root of context hierarchy

Results :

Tests run: 33, Failures: 0, Errors: 0, Skipped: 0

[JENKINS] Recording test results
log4j:WARN No appenders could be found for logger (org.apache.commons.beanutils.converters.BooleanConverter).
log4j:WARN Please initialize the log4j system properly.
[INFO] 
[INFO] --- maven-war-plugin:2.3:war (default-war) @ spring-petclinic ---
[INFO] Packaging webapp
[INFO] Assembling webapp [spring-petclinic] in [/usr/share/tomcat/.jenkins/jobs/spring-petclinic/workspace/target/spring-petclinic-1.0.0-SNAPSHOT]
[INFO] Processing war project
[INFO] Copying webapp resources [/usr/share/tomcat/.jenkins/jobs/spring-petclinic/workspace/src/main/webapp]
[INFO] Webapp assembled in [401 msecs]
[INFO] Building war: /usr/share/tomcat/.jenkins/jobs/spring-petclinic/workspace/target/petclinic.war
[INFO] 
[INFO] --- maven-install-plugin:2.4:install (default-install) @ spring-petclinic ---
[INFO] Installing /usr/share/tomcat/.jenkins/jobs/spring-petclinic/workspace/target/petclinic.war to /usr/share/tomcat/.m2/repository/org/springframework/samples/spring-petclinic/1.0.0-SNAPSHOT/spring-petclinic-1.0.0-SNAPSHOT.war
[INFO] Installing /usr/share/tomcat/.jenkins/jobs/spring-petclinic/workspace/pom.xml to /usr/share/tomcat/.m2/repository/org/springframework/samples/spring-petclinic/1.0.0-SNAPSHOT/spring-petclinic-1.0.0-SNAPSHOT.pom
[INFO] ------------------------------------------------------------------------
[INFO] BUILD SUCCESS
[INFO] ------------------------------------------------------------------------
[INFO] Total time: 46.865 s
[INFO] Finished at: 2014-12-16T13:57:31-05:00
[INFO] Final Memory: 24M/58M
[INFO] ------------------------------------------------------------------------
[JENKINS] Archiving /usr/share/tomcat/.jenkins/jobs/spring-petclinic/workspace/pom.xml to org.springframework.samples/spring-petclinic/1.0.0-SNAPSHOT/spring-petclinic-1.0.0-SNAPSHOT.pom
[JENKINS] Archiving /usr/share/tomcat/.jenkins/jobs/spring-petclinic/workspace/target/petclinic.war to org.springframework.samples/spring-petclinic/1.0.0-SNAPSHOT/spring-petclinic-1.0.0-SNAPSHOT.war
Deploying /usr/share/tomcat/.jenkins/jobs/spring-petclinic/workspace/target/petclinic.war to container Tomcat 7.x Remote
  Redeploying [/usr/share/tomcat/.jenkins/jobs/spring-petclinic/workspace/target/petclinic.war]
  Undeploying [/usr/share/tomcat/.jenkins/jobs/spring-petclinic/workspace/target/petclinic.war]
  Deploying [/usr/share/tomcat/.jenkins/jobs/spring-petclinic/workspace/target/petclinic.war]
Finished: SUCCESS
